ERROR - 2022-08-21 04:42:55 --> View 'ispy.returns_details' references invalid table(s) or column(s) or function(s) or definer/invoker of view lack rights to use them
CRITICAL - 2022-08-21 04:42:55 --> Call to a member function getResult() on bool
#0 /opt/lampp/htdocs/ispy_erp/system/BaseModel.php(584): CodeIgniter\Model->doFindAll(0, 0)
#1 /opt/lampp/htdocs/ispy_erp/app/Controllers/ReturnsController.php(25): CodeIgniter\BaseModel->findAll()
#2 /opt/lampp/htdocs/ispy_erp/system/CodeIgniter.php(825): App\Controllers\ReturnsController->index()
#3 /opt/lampp/htdocs/ispy_erp/system/CodeIgniter.php(412): CodeIgniter\CodeIgniter->runController(Object(App\Controllers\ReturnsController))
#4 /opt/lampp/htdocs/ispy_erp/system/CodeIgniter.php(320): CodeIgniter\CodeIgniter->handleRequest(NULL, Object(Config\Cache), false)
#5 /opt/lampp/htdocs/ispy_erp/index.php(37): CodeIgniter\CodeIgniter->run()
#6 {main}
ERROR - 2022-08-21 04:45:20 --> View 'ispy.transview' references invalid table(s) or column(s) or function(s) or definer/invoker of view lack rights to use them
CRITICAL - 2022-08-21 04:45:20 --> Call to a member function getResult() on bool
#0 /opt/lampp/htdocs/ispy_erp/system/BaseModel.php(584): CodeIgniter\Model->doFindAll(0, 0)
#1 /opt/lampp/htdocs/ispy_erp/app/Controllers/TransController.php(22): CodeIgniter\BaseModel->findAll()
#2 /opt/lampp/htdocs/ispy_erp/system/CodeIgniter.php(825): App\Controllers\TransController->index()
#3 /opt/lampp/htdocs/ispy_erp/system/CodeIgniter.php(412): CodeIgniter\CodeIgniter->runController(Object(App\Controllers\TransController))
#4 /opt/lampp/htdocs/ispy_erp/system/CodeIgniter.php(320): CodeIgniter\CodeIgniter->handleRequest(NULL, Object(Config\Cache), false)
#5 /opt/lampp/htdocs/ispy_erp/index.php(37): CodeIgniter\CodeIgniter->run()
#6 {main}
CRITICAL - 2022-08-21 05:30:47 --> Invalid file: admin_template/installations/add-unit.php
#0 /opt/lampp/htdocs/ispy_erp/system/View/View.php(198): CodeIgniter\Exceptions\FrameworkException::forInvalidFile('admin_template/...')
#1 /opt/lampp/htdocs/ispy_erp/system/Common.php(1089): CodeIgniter\View\View->render('admin_template/...', Array, true)
#2 /opt/lampp/htdocs/ispy_erp/app/Controllers/AddUnitController.php(18): view('admin_template/...', Array)
#3 /opt/lampp/htdocs/ispy_erp/app/Controllers/AddUnitController.php(88): App\Controllers\AddUnitController->index()
#4 /opt/lampp/htdocs/ispy_erp/system/CodeIgniter.php(825): App\Controllers\AddUnitController->addUnit()
#5 /opt/lampp/htdocs/ispy_erp/system/CodeIgniter.php(412): CodeIgniter\CodeIgniter->runController(Object(App\Controllers\AddUnitController))
#6 /opt/lampp/htdocs/ispy_erp/system/CodeIgniter.php(320): CodeIgniter\CodeIgniter->handleRequest(NULL, Object(Config\Cache), false)
#7 /opt/lampp/htdocs/ispy_erp/index.php(37): CodeIgniter\CodeIgniter->run()
#8 {main}
CRITICAL - 2022-08-21 05:34:13 --> Invalid file: admin_template/installations/add-unit.php
#0 /opt/lampp/htdocs/ispy_erp/system/View/View.php(198): CodeIgniter\Exceptions\FrameworkException::forInvalidFile('admin_template/...')
#1 /opt/lampp/htdocs/ispy_erp/system/Common.php(1089): CodeIgniter\View\View->render('admin_template/...', Array, true)
#2 /opt/lampp/htdocs/ispy_erp/app/Controllers/AddUnitController.php(18): view('admin_template/...', Array)
#3 /opt/lampp/htdocs/ispy_erp/app/Controllers/AddUnitController.php(88): App\Controllers\AddUnitController->index()
#4 /opt/lampp/htdocs/ispy_erp/system/CodeIgniter.php(825): App\Controllers\AddUnitController->addUnit()
#5 /opt/lampp/htdocs/ispy_erp/system/CodeIgniter.php(412): CodeIgniter\CodeIgniter->runController(Object(App\Controllers\AddUnitController))
#6 /opt/lampp/htdocs/ispy_erp/system/CodeIgniter.php(320): CodeIgniter\CodeIgniter->handleRequest(NULL, Object(Config\Cache), false)
#7 /opt/lampp/htdocs/ispy_erp/index.php(37): CodeIgniter\CodeIgniter->run()
#8 {main}
CRITICAL - 2022-08-21 05:37:13 --> Invalid file: admin_template/installations/add-unit.php
#0 /opt/lampp/htdocs/ispy_erp/system/View/View.php(198): CodeIgniter\Exceptions\FrameworkException::forInvalidFile('admin_template/...')
#1 /opt/lampp/htdocs/ispy_erp/system/Common.php(1089): CodeIgniter\View\View->render('admin_template/...', Array, true)
#2 /opt/lampp/htdocs/ispy_erp/app/Controllers/AddUnitController.php(18): view('admin_template/...', Array)
#3 /opt/lampp/htdocs/ispy_erp/app/Controllers/AddUnitController.php(88): App\Controllers\AddUnitController->index()
#4 /opt/lampp/htdocs/ispy_erp/system/CodeIgniter.php(825): App\Controllers\AddUnitController->addUnit()
#5 /opt/lampp/htdocs/ispy_erp/system/CodeIgniter.php(412): CodeIgniter\CodeIgniter->runController(Object(App\Controllers\AddUnitController))
#6 /opt/lampp/htdocs/ispy_erp/system/CodeIgniter.php(320): CodeIgniter\CodeIgniter->handleRequest(NULL, Object(Config\Cache), false)
#7 /opt/lampp/htdocs/ispy_erp/index.php(37): CodeIgniter\CodeIgniter->run()
#8 {main}
ERROR - 2022-08-21 06:10:36 --> Table 'ispy.installation' doesn't exist
ERROR - 2022-08-21 06:11:20 --> Table 'ispy.installation' doesn't exist
ERROR - 2022-08-21 06:12:57 --> Column count doesn't match value count at row 1
ERROR - 2022-08-21 06:19:04 --> Column count doesn't match value count at row 1
ERROR - 2022-08-21 06:22:16 --> Column count doesn't match value count at row 1
ERROR - 2022-08-21 06:24:54 --> Column count doesn't match value count at row 1
ERROR - 2022-08-21 06:28:55 --> Column count doesn't match value count at row 1
ERROR - 2022-08-21 06:37:10 --> Column count doesn't match value count at row 1
ERROR - 2022-08-21 06:40:14 --> Column count doesn't match value count at row 1
ERROR - 2022-08-21 07:00:17 --> Column count doesn't match value count at row 1
ERROR - 2022-08-21 07:13:14 --> Column count doesn't match value count at row 1
ERROR - 2022-08-21 08:23:11 --> Column count doesn't match value count at row 1
ERROR - 2022-08-21 11:44:08 --> View 'ispy.returns_details' references invalid table(s) or column(s) or function(s) or definer/invoker of view lack rights to use them
CRITICAL - 2022-08-21 11:44:08 --> Call to a member function getResult() on bool
#0 /opt/lampp/htdocs/ispy_erp/system/BaseModel.php(584): CodeIgniter\Model->doFindAll(0, 0)
#1 /opt/lampp/htdocs/ispy_erp/app/Controllers/ReturnsController.php(25): CodeIgniter\BaseModel->findAll()
#2 /opt/lampp/htdocs/ispy_erp/system/CodeIgniter.php(825): App\Controllers\ReturnsController->index()
#3 /opt/lampp/htdocs/ispy_erp/system/CodeIgniter.php(412): CodeIgniter\CodeIgniter->runController(Object(App\Controllers\ReturnsController))
#4 /opt/lampp/htdocs/ispy_erp/system/CodeIgniter.php(320): CodeIgniter\CodeIgniter->handleRequest(NULL, Object(Config\Cache), false)
#5 /opt/lampp/htdocs/ispy_erp/index.php(37): CodeIgniter\CodeIgniter->run()
#6 {main}
CRITICAL - 2022-08-21 11:48:47 --> Class 'App\Models\rem' not found
#0 /opt/lampp/htdocs/ispy_erp/system/CodeIgniter.php(825): App\Controllers\RemovalsController->restore('5660')
#1 /opt/lampp/htdocs/ispy_erp/system/CodeIgniter.php(412): CodeIgniter\CodeIgniter->runController(Object(App\Controllers\RemovalsController))
#2 /opt/lampp/htdocs/ispy_erp/system/CodeIgniter.php(320): CodeIgniter\CodeIgniter->handleRequest(NULL, Object(Config\Cache), false)
#3 /opt/lampp/htdocs/ispy_erp/index.php(37): CodeIgniter\CodeIgniter->run()
#4 {main}
CRITICAL - 2022-08-21 11:49:54 --> Class 'App\Models\rem' not found
#0 /opt/lampp/htdocs/ispy_erp/system/CodeIgniter.php(825): App\Controllers\RemovalsController->restore('5660')
#1 /opt/lampp/htdocs/ispy_erp/system/CodeIgniter.php(412): CodeIgniter\CodeIgniter->runController(Object(App\Controllers\RemovalsController))
#2 /opt/lampp/htdocs/ispy_erp/system/CodeIgniter.php(320): CodeIgniter\CodeIgniter->handleRequest(NULL, Object(Config\Cache), false)
#3 /opt/lampp/htdocs/ispy_erp/index.php(37): CodeIgniter\CodeIgniter->run()
#4 {main}
CRITICAL - 2022-08-21 11:51:54 --> Class 'App\Models\rem' not found
#0 /opt/lampp/htdocs/ispy_erp/system/CodeIgniter.php(825): App\Controllers\RemovalsController->restore('5660')
#1 /opt/lampp/htdocs/ispy_erp/system/CodeIgniter.php(412): CodeIgniter\CodeIgniter->runController(Object(App\Controllers\RemovalsController))
#2 /opt/lampp/htdocs/ispy_erp/system/CodeIgniter.php(320): CodeIgniter\CodeIgniter->handleRequest(NULL, Object(Config\Cache), false)
#3 /opt/lampp/htdocs/ispy_erp/index.php(37): CodeIgniter\CodeIgniter->run()
#4 {main}
ERROR - 2022-08-21 12:02:23 --> Table 'ispy.installation' doesn't exist
ERROR - 2022-08-21 12:02:23 --> View 'ispy.returns_details' references invalid table(s) or column(s) or function(s) or definer/invoker of view lack rights to use them
CRITICAL - 2022-08-21 12:02:23 --> Call to a member function getResult() on bool
#0 /opt/lampp/htdocs/ispy_erp/app/Controllers/ReportController.php(21): App\Controllers\ReportController->piechart()
#1 /opt/lampp/htdocs/ispy_erp/system/CodeIgniter.php(825): App\Controllers\ReportController->index()
#2 /opt/lampp/htdocs/ispy_erp/system/CodeIgniter.php(412): CodeIgniter\CodeIgniter->runController(Object(App\Controllers\ReportController))
#3 /opt/lampp/htdocs/ispy_erp/system/CodeIgniter.php(320): CodeIgniter\CodeIgniter->handleRequest(NULL, Object(Config\Cache), false)
#4 /opt/lampp/htdocs/ispy_erp/index.php(37): CodeIgniter\CodeIgniter->run()
#5 {main}
ERROR - 2022-08-21 12:10:14 --> Table 'ispy.installation' doesn't exist
