CRITICAL - 2022-03-01 00:00:08 --> Invalid argument supplied for foreach()
#0 C:\xampp\htdocs\ispy_erp\app\Views\admin_template\clients.php(149): CodeIgniter\Debug\Exceptions->errorHandler(2, 'Invalid argumen...', 'C:\\xampp\\htdocs...', 149, Array)
#1 C:\xampp\htdocs\ispy_erp\system\View\View.php(210): include('C:\\xampp\\htdocs...')
#2 C:\xampp\htdocs\ispy_erp\system\View\View.php(213): CodeIgniter\View\View->CodeIgniter\View\{closure}()
#3 C:\xampp\htdocs\ispy_erp\system\Common.php(1089): CodeIgniter\View\View->render('admin_template/...', Array, true)
#4 C:\xampp\htdocs\ispy_erp\app\Controllers\ClientController.php(75): view('admin_template/...')
#5 C:\xampp\htdocs\ispy_erp\system\CodeIgniter.php(825): App\Controllers\ClientController->insertclient()
#6 C:\xampp\htdocs\ispy_erp\system\CodeIgniter.php(412): CodeIgniter\CodeIgniter->runController(Object(App\Controllers\ClientController))
#7 C:\xampp\htdocs\ispy_erp\system\CodeIgniter.php(320): CodeIgniter\CodeIgniter->handleRequest(NULL, Object(Config\Cache), false)
#8 C:\xampp\htdocs\ispy_erp\index.php(37): CodeIgniter\CodeIgniter->run()
#9 {main}
ERROR - 2022-03-01 00:48:24 --> Cannot add or update a child row: a foreign key constraint fails (`ispy`.`installation`, CONSTRAINT `installation_ibfk_1` FOREIGN KEY (`userid`) REFERENCES `users` (`userid`) ON DELETE NO ACTION ON UPDATE CASCADE)
ERROR - 2022-03-01 01:07:23 --> Table 'ispy.user' doesn't exist
CRITICAL - 2022-03-01 01:07:23 --> Call to a member function getRow() on bool
#0 C:\xampp\htdocs\ispy_erp\system\Validation\Validation.php(292): CodeIgniter\Validation\Rules->is_unique('mosesnyaga@gmai...', 'email', Array, NULL)
#1 C:\xampp\htdocs\ispy_erp\system\Validation\Validation.php(157): CodeIgniter\Validation\Validation->processRules('email', 'email', 'mosesnyaga@gmai...', Array, Array)
#2 C:\xampp\htdocs\ispy_erp\system\BaseModel.php(1347): CodeIgniter\Validation\Validation->run(Array, NULL, NULL)
#3 C:\xampp\htdocs\ispy_erp\system\BaseModel.php(707): CodeIgniter\BaseModel->validate(Array)
#4 C:\xampp\htdocs\ispy_erp\system\Model.php(625): CodeIgniter\BaseModel->insert(Array, false)
#5 C:\xampp\htdocs\ispy_erp\system\BaseModel.php(658): CodeIgniter\Model->insert(Array, false)
#6 C:\xampp\htdocs\ispy_erp\app\Controllers\UserController.php(119): CodeIgniter\BaseModel->save(Array)
#7 C:\xampp\htdocs\ispy_erp\system\CodeIgniter.php(825): App\Controllers\UserController->insert()
#8 C:\xampp\htdocs\ispy_erp\system\CodeIgniter.php(412): CodeIgniter\CodeIgniter->runController(Object(App\Controllers\UserController))
#9 C:\xampp\htdocs\ispy_erp\system\CodeIgniter.php(320): CodeIgniter\CodeIgniter->handleRequest(NULL, Object(Config\Cache), false)
#10 C:\xampp\htdocs\ispy_erp\index.php(37): CodeIgniter\CodeIgniter->run()
#11 {main}
ERROR - 2022-03-01 01:08:21 --> Table 'ispy.user' doesn't exist
CRITICAL - 2022-03-01 01:08:21 --> Call to a member function getRow() on bool
#0 C:\xampp\htdocs\ispy_erp\system\Validation\Validation.php(292): CodeIgniter\Validation\Rules->is_unique('support@ispy.co...', 'email', Array, NULL)
#1 C:\xampp\htdocs\ispy_erp\system\Validation\Validation.php(157): CodeIgniter\Validation\Validation->processRules('email', 'email', 'support@ispy.co...', Array, Array)
#2 C:\xampp\htdocs\ispy_erp\system\BaseModel.php(1347): CodeIgniter\Validation\Validation->run(Array, NULL, NULL)
#3 C:\xampp\htdocs\ispy_erp\system\BaseModel.php(707): CodeIgniter\BaseModel->validate(Array)
#4 C:\xampp\htdocs\ispy_erp\system\Model.php(625): CodeIgniter\BaseModel->insert(Array, false)
#5 C:\xampp\htdocs\ispy_erp\system\BaseModel.php(658): CodeIgniter\Model->insert(Array, false)
#6 C:\xampp\htdocs\ispy_erp\app\Controllers\UserController.php(119): CodeIgniter\BaseModel->save(Array)
#7 C:\xampp\htdocs\ispy_erp\system\CodeIgniter.php(825): App\Controllers\UserController->insert()
#8 C:\xampp\htdocs\ispy_erp\system\CodeIgniter.php(412): CodeIgniter\CodeIgniter->runController(Object(App\Controllers\UserController))
#9 C:\xampp\htdocs\ispy_erp\system\CodeIgniter.php(320): CodeIgniter\CodeIgniter->handleRequest(NULL, Object(Config\Cache), false)
#10 C:\xampp\htdocs\ispy_erp\index.php(37): CodeIgniter\CodeIgniter->run()
#11 {main}
ERROR - 2022-03-01 01:09:27 --> Table 'ispy.user' doesn't exist
CRITICAL - 2022-03-01 01:09:27 --> Call to a member function getRow() on bool
#0 C:\xampp\htdocs\ispy_erp\system\Validation\Validation.php(292): CodeIgniter\Validation\Rules->is_unique('snmurira@gmail....', 'email', Array, NULL)
#1 C:\xampp\htdocs\ispy_erp\system\Validation\Validation.php(157): CodeIgniter\Validation\Validation->processRules('email', 'email', 'snmurira@gmail....', Array, Array)
#2 C:\xampp\htdocs\ispy_erp\system\BaseModel.php(1347): CodeIgniter\Validation\Validation->run(Array, NULL, NULL)
#3 C:\xampp\htdocs\ispy_erp\system\BaseModel.php(707): CodeIgniter\BaseModel->validate(Array)
#4 C:\xampp\htdocs\ispy_erp\system\Model.php(625): CodeIgniter\BaseModel->insert(Array, false)
#5 C:\xampp\htdocs\ispy_erp\system\BaseModel.php(658): CodeIgniter\Model->insert(Array, false)
#6 C:\xampp\htdocs\ispy_erp\app\Controllers\UserController.php(119): CodeIgniter\BaseModel->save(Array)
#7 C:\xampp\htdocs\ispy_erp\system\CodeIgniter.php(825): App\Controllers\UserController->insert()
#8 C:\xampp\htdocs\ispy_erp\system\CodeIgniter.php(412): CodeIgniter\CodeIgniter->runController(Object(App\Controllers\UserController))
#9 C:\xampp\htdocs\ispy_erp\system\CodeIgniter.php(320): CodeIgniter\CodeIgniter->handleRequest(NULL, Object(Config\Cache), false)
#10 C:\xampp\htdocs\ispy_erp\index.php(37): CodeIgniter\CodeIgniter->run()
#11 {main}
ERROR - 2022-03-01 01:14:20 --> Table 'ispy.user' doesn't exist
CRITICAL - 2022-03-01 01:14:20 --> Call to a member function getRow() on bool
#0 C:\xampp\htdocs\ispy_erp\system\Validation\Validation.php(292): CodeIgniter\Validation\Rules->is_unique('support@ispy.co...', 'email', Array, NULL)
#1 C:\xampp\htdocs\ispy_erp\system\Validation\Validation.php(157): CodeIgniter\Validation\Validation->processRules('email', 'email', 'support@ispy.co...', Array, Array)
#2 C:\xampp\htdocs\ispy_erp\system\BaseModel.php(1347): CodeIgniter\Validation\Validation->run(Array, NULL, NULL)
#3 C:\xampp\htdocs\ispy_erp\system\BaseModel.php(707): CodeIgniter\BaseModel->validate(Array)
#4 C:\xampp\htdocs\ispy_erp\system\Model.php(625): CodeIgniter\BaseModel->insert(Array, false)
#5 C:\xampp\htdocs\ispy_erp\system\BaseModel.php(658): CodeIgniter\Model->insert(Array, false)
#6 C:\xampp\htdocs\ispy_erp\app\Controllers\UserController.php(119): CodeIgniter\BaseModel->save(Array)
#7 C:\xampp\htdocs\ispy_erp\system\CodeIgniter.php(825): App\Controllers\UserController->insert()
#8 C:\xampp\htdocs\ispy_erp\system\CodeIgniter.php(412): CodeIgniter\CodeIgniter->runController(Object(App\Controllers\UserController))
#9 C:\xampp\htdocs\ispy_erp\system\CodeIgniter.php(320): CodeIgniter\CodeIgniter->handleRequest(NULL, Object(Config\Cache), false)
#10 C:\xampp\htdocs\ispy_erp\index.php(37): CodeIgniter\CodeIgniter->run()
#11 {main}
ERROR - 2022-03-01 01:23:37 --> Table 'ispy.user' doesn't exist
CRITICAL - 2022-03-01 01:23:37 --> Call to a member function getRow() on bool
#0 C:\xampp\htdocs\ispy_erp\system\Validation\Validation.php(292): CodeIgniter\Validation\Rules->is_unique('mosesnyaga@gmai...', 'email', Array, NULL)
#1 C:\xampp\htdocs\ispy_erp\system\Validation\Validation.php(157): CodeIgniter\Validation\Validation->processRules('email', 'email', 'mosesnyaga@gmai...', Array, Array)
#2 C:\xampp\htdocs\ispy_erp\system\BaseModel.php(1347): CodeIgniter\Validation\Validation->run(Array, NULL, NULL)
#3 C:\xampp\htdocs\ispy_erp\system\BaseModel.php(707): CodeIgniter\BaseModel->validate(Array)
#4 C:\xampp\htdocs\ispy_erp\system\Model.php(625): CodeIgniter\BaseModel->insert(Array, false)
#5 C:\xampp\htdocs\ispy_erp\system\BaseModel.php(658): CodeIgniter\Model->insert(Array, false)
#6 C:\xampp\htdocs\ispy_erp\app\Controllers\UserController.php(119): CodeIgniter\BaseModel->save(Array)
#7 C:\xampp\htdocs\ispy_erp\system\CodeIgniter.php(825): App\Controllers\UserController->insert()
#8 C:\xampp\htdocs\ispy_erp\system\CodeIgniter.php(412): CodeIgniter\CodeIgniter->runController(Object(App\Controllers\UserController))
#9 C:\xampp\htdocs\ispy_erp\system\CodeIgniter.php(320): CodeIgniter\CodeIgniter->handleRequest(NULL, Object(Config\Cache), false)
#10 C:\xampp\htdocs\ispy_erp\index.php(37): CodeIgniter\CodeIgniter->run()
#11 {main}
ERROR - 2022-03-01 01:30:11 --> Table 'ispy.user' doesn't exist
CRITICAL - 2022-03-01 01:30:11 --> Call to a member function getRow() on bool
#0 C:\xampp\htdocs\ispy_erp\system\Validation\Validation.php(292): CodeIgniter\Validation\Rules->is_unique('support@ispy.co...', 'email', Array, NULL)
#1 C:\xampp\htdocs\ispy_erp\system\Validation\Validation.php(157): CodeIgniter\Validation\Validation->processRules('email', 'email', 'support@ispy.co...', Array, Array)
#2 C:\xampp\htdocs\ispy_erp\system\BaseModel.php(1347): CodeIgniter\Validation\Validation->run(Array, NULL, NULL)
#3 C:\xampp\htdocs\ispy_erp\system\BaseModel.php(707): CodeIgniter\BaseModel->validate(Array)
#4 C:\xampp\htdocs\ispy_erp\system\Model.php(625): CodeIgniter\BaseModel->insert(Array, false)
#5 C:\xampp\htdocs\ispy_erp\system\BaseModel.php(658): CodeIgniter\Model->insert(Array, false)
#6 C:\xampp\htdocs\ispy_erp\app\Controllers\UserController.php(119): CodeIgniter\BaseModel->save(Array)
#7 C:\xampp\htdocs\ispy_erp\system\CodeIgniter.php(825): App\Controllers\UserController->insert()
#8 C:\xampp\htdocs\ispy_erp\system\CodeIgniter.php(412): CodeIgniter\CodeIgniter->runController(Object(App\Controllers\UserController))
#9 C:\xampp\htdocs\ispy_erp\system\CodeIgniter.php(320): CodeIgniter\CodeIgniter->handleRequest(NULL, Object(Config\Cache), false)
#10 C:\xampp\htdocs\ispy_erp\index.php(37): CodeIgniter\CodeIgniter->run()
#11 {main}
CRITICAL - 2022-03-01 02:06:47 --> There is no data to update.
#0 C:\xampp\htdocs\ispy_erp\system\BaseModel.php(1574): CodeIgniter\Database\Exceptions\DataException::forEmptyDataset('update')
#1 C:\xampp\htdocs\ispy_erp\system\BaseModel.php(832): CodeIgniter\BaseModel->transformDataToArray(NULL, 'update')
#2 C:\xampp\htdocs\ispy_erp\system\Model.php(651): CodeIgniter\BaseModel->update(Array, NULL)
#3 C:\xampp\htdocs\ispy_erp\app\Controllers\UserController.php(157): CodeIgniter\Model->update(Array)
#4 C:\xampp\htdocs\ispy_erp\system\CodeIgniter.php(825): App\Controllers\UserController->update()
#5 C:\xampp\htdocs\ispy_erp\system\CodeIgniter.php(412): CodeIgniter\CodeIgniter->runController(Object(App\Controllers\UserController))
#6 C:\xampp\htdocs\ispy_erp\system\CodeIgniter.php(320): CodeIgniter\CodeIgniter->handleRequest(NULL, Object(Config\Cache), false)
#7 C:\xampp\htdocs\ispy_erp\index.php(37): CodeIgniter\CodeIgniter->run()
#8 {main}
CRITICAL - 2022-03-01 02:36:18 --> Invalid argument supplied for foreach()
#0 C:\xampp\htdocs\ispy_erp\app\Views\admin_template\clients.php(149): CodeIgniter\Debug\Exceptions->errorHandler(2, 'Invalid argumen...', 'C:\\xampp\\htdocs...', 149, Array)
#1 C:\xampp\htdocs\ispy_erp\system\View\View.php(210): include('C:\\xampp\\htdocs...')
#2 C:\xampp\htdocs\ispy_erp\system\View\View.php(213): CodeIgniter\View\View->CodeIgniter\View\{closure}()
#3 C:\xampp\htdocs\ispy_erp\system\Common.php(1089): CodeIgniter\View\View->render('admin_template/...', Array, true)
#4 C:\xampp\htdocs\ispy_erp\app\Controllers\ClientController.php(75): view('admin_template/...')
#5 C:\xampp\htdocs\ispy_erp\system\CodeIgniter.php(825): App\Controllers\ClientController->insertclient()
#6 C:\xampp\htdocs\ispy_erp\system\CodeIgniter.php(412): CodeIgniter\CodeIgniter->runController(Object(App\Controllers\ClientController))
#7 C:\xampp\htdocs\ispy_erp\system\CodeIgniter.php(320): CodeIgniter\CodeIgniter->handleRequest(NULL, Object(Config\Cache), false)
#8 C:\xampp\htdocs\ispy_erp\index.php(37): CodeIgniter\CodeIgniter->run()
#9 {main}
CRITICAL - 2022-03-01 05:51:27 --> Class 'app\Controllers\BaseController' not found
#0 C:\xampp\htdocs\ispy_erp\system\Autoloader\Autoloader.php(264): include_once()
#1 C:\xampp\htdocs\ispy_erp\system\Autoloader\Autoloader.php(241): CodeIgniter\Autoloader\Autoloader->includeFile('C:\\xampp\\htdocs...')
#2 C:\xampp\htdocs\ispy_erp\system\Autoloader\Autoloader.php(219): CodeIgniter\Autoloader\Autoloader->loadInNamespace('App\\Controllers...')
#3 [internal function]: CodeIgniter\Autoloader\Autoloader->loadClass('App\\Controllers...')
#4 [internal function]: spl_autoload_call('App\\Controllers...')
#5 C:\xampp\htdocs\ispy_erp\system\CodeIgniter.php(790): class_exists('\\App\\Controller...', true)
#6 C:\xampp\htdocs\ispy_erp\system\CodeIgniter.php(399): CodeIgniter\CodeIgniter->startController()
#7 C:\xampp\htdocs\ispy_erp\system\CodeIgniter.php(320): CodeIgniter\CodeIgniter->handleRequest(NULL, Object(Config\Cache), false)
#8 C:\xampp\htdocs\ispy_erp\index.php(37): CodeIgniter\CodeIgniter->run()
#9 {main}
CRITICAL - 2022-03-01 05:52:04 --> Invalid file: admin_template/installations/transfer.php
#0 C:\xampp\htdocs\ispy_erp\system\View\View.php(198): CodeIgniter\Exceptions\FrameworkException::forInvalidFile('admin_template/...')
#1 C:\xampp\htdocs\ispy_erp\system\Common.php(1089): CodeIgniter\View\View->render('admin_template/...', Array, true)
#2 C:\xampp\htdocs\ispy_erp\app\Controllers\TransController.php(9): view('admin_template/...')
#3 C:\xampp\htdocs\ispy_erp\system\CodeIgniter.php(825): App\Controllers\TransController->index()
#4 C:\xampp\htdocs\ispy_erp\system\CodeIgniter.php(412): CodeIgniter\CodeIgniter->runController(Object(App\Controllers\TransController))
#5 C:\xampp\htdocs\ispy_erp\system\CodeIgniter.php(320): CodeIgniter\CodeIgniter->handleRequest(NULL, Object(Config\Cache), false)
#6 C:\xampp\htdocs\ispy_erp\index.php(37): CodeIgniter\CodeIgniter->run()
#7 {main}
CRITICAL - 2022-03-01 05:53:02 --> Invalid argument supplied for foreach()
#0 C:\xampp\htdocs\ispy_erp\app\Views\admin_template\installations\transfer.php(55): CodeIgniter\Debug\Exceptions->errorHandler(2, 'Invalid argumen...', 'C:\\xampp\\htdocs...', 55, Array)
#1 C:\xampp\htdocs\ispy_erp\system\View\View.php(210): include('C:\\xampp\\htdocs...')
#2 C:\xampp\htdocs\ispy_erp\system\View\View.php(213): CodeIgniter\View\View->CodeIgniter\View\{closure}()
#3 C:\xampp\htdocs\ispy_erp\system\Common.php(1089): CodeIgniter\View\View->render('admin_template/...', Array, true)
#4 C:\xampp\htdocs\ispy_erp\app\Controllers\TransController.php(9): view('admin_template/...')
#5 C:\xampp\htdocs\ispy_erp\system\CodeIgniter.php(825): App\Controllers\TransController->index()
#6 C:\xampp\htdocs\ispy_erp\system\CodeIgniter.php(412): CodeIgniter\CodeIgniter->runController(Object(App\Controllers\TransController))
#7 C:\xampp\htdocs\ispy_erp\system\CodeIgniter.php(320): CodeIgniter\CodeIgniter->handleRequest(NULL, Object(Config\Cache), false)
#8 C:\xampp\htdocs\ispy_erp\index.php(37): CodeIgniter\CodeIgniter->run()
#9 {main}
