CRITICAL - 2022-06-22 03:35:27 --> syntax error, unexpected '$response' (T_VARIABLE)
#0 /opt/lampp/htdocs/ispy_erp/system/Autoloader/Autoloader.php(241): CodeIgniter\Autoloader\Autoloader->includeFile('/opt/lampp/htdo...')
#1 /opt/lampp/htdocs/ispy_erp/system/Autoloader/Autoloader.php(219): CodeIgniter\Autoloader\Autoloader->loadInNamespace('App\\Controllers...')
#2 [internal function]: CodeIgniter\Autoloader\Autoloader->loadClass('App\\Controllers...')
#3 [internal function]: spl_autoload_call('App\\Controllers...')
#4 /opt/lampp/htdocs/ispy_erp/system/CodeIgniter.php(790): class_exists('\\App\\Controller...', true)
#5 /opt/lampp/htdocs/ispy_erp/system/CodeIgniter.php(399): CodeIgniter\CodeIgniter->startController()
#6 /opt/lampp/htdocs/ispy_erp/system/CodeIgniter.php(320): CodeIgniter\CodeIgniter->handleRequest(NULL, Object(Config\Cache), false)
#7 /opt/lampp/htdocs/ispy_erp/index.php(37): CodeIgniter\CodeIgniter->run()
#8 {main}
CRITICAL - 2022-06-22 08:03:18 --> View themes, no current section.
#0 /opt/lampp/htdocs/ispy_erp/app/Views/admin_template/quality/returns.php(332): CodeIgniter\View\View->endSection('scripts')
#1 /opt/lampp/htdocs/ispy_erp/system/View/View.php(210): include('/opt/lampp/htdo...')
#2 /opt/lampp/htdocs/ispy_erp/system/View/View.php(213): CodeIgniter\View\View->CodeIgniter\View\{closure}()
#3 /opt/lampp/htdocs/ispy_erp/system/Common.php(1089): CodeIgniter\View\View->render('admin_template/...', Array, true)
#4 /opt/lampp/htdocs/ispy_erp/app/Controllers/ReturnsController.php(24): view('admin_template/...', Array)
#5 /opt/lampp/htdocs/ispy_erp/system/CodeIgniter.php(825): App\Controllers\ReturnsController->index()
#6 /opt/lampp/htdocs/ispy_erp/system/CodeIgniter.php(412): CodeIgniter\CodeIgniter->runController(Object(App\Controllers\ReturnsController))
#7 /opt/lampp/htdocs/ispy_erp/system/CodeIgniter.php(320): CodeIgniter\CodeIgniter->handleRequest(NULL, Object(Config\Cache), false)
#8 /opt/lampp/htdocs/ispy_erp/index.php(37): CodeIgniter\CodeIgniter->run()
#9 {main}
CRITICAL - 2022-06-22 08:08:33 --> The action you requested is not allowed.
#0 /opt/lampp/htdocs/ispy_erp/system/Security/Security.php(289): CodeIgniter\Security\Exceptions\SecurityException::forDisallowedAction()
#1 /opt/lampp/htdocs/ispy_erp/system/Filters/CSRF.php(53): CodeIgniter\Security\Security->verify(Object(CodeIgniter\HTTP\IncomingRequest))
#2 /opt/lampp/htdocs/ispy_erp/system/Filters/Filters.php(173): CodeIgniter\Filters\CSRF->before(Object(CodeIgniter\HTTP\IncomingRequest), NULL)
#3 /opt/lampp/htdocs/ispy_erp/system/CodeIgniter.php(386): CodeIgniter\Filters\Filters->run('/return', 'before')
#4 /opt/lampp/htdocs/ispy_erp/system/CodeIgniter.php(320): CodeIgniter\CodeIgniter->handleRequest(NULL, Object(Config\Cache), false)
#5 /opt/lampp/htdocs/ispy_erp/index.php(37): CodeIgniter\CodeIgniter->run()
#6 {main}
CRITICAL - 2022-06-22 08:08:59 --> The action you requested is not allowed.
#0 /opt/lampp/htdocs/ispy_erp/system/Security/Security.php(289): CodeIgniter\Security\Exceptions\SecurityException::forDisallowedAction()
#1 /opt/lampp/htdocs/ispy_erp/system/Filters/CSRF.php(53): CodeIgniter\Security\Security->verify(Object(CodeIgniter\HTTP\IncomingRequest))
#2 /opt/lampp/htdocs/ispy_erp/system/Filters/Filters.php(173): CodeIgniter\Filters\CSRF->before(Object(CodeIgniter\HTTP\IncomingRequest), NULL)
#3 /opt/lampp/htdocs/ispy_erp/system/CodeIgniter.php(386): CodeIgniter\Filters\Filters->run('/return', 'before')
#4 /opt/lampp/htdocs/ispy_erp/system/CodeIgniter.php(320): CodeIgniter\CodeIgniter->handleRequest(NULL, Object(Config\Cache), false)
#5 /opt/lampp/htdocs/ispy_erp/index.php(37): CodeIgniter\CodeIgniter->run()
#6 {main}
CRITICAL - 2022-06-22 08:13:35 --> The action you requested is not allowed.
#0 /opt/lampp/htdocs/ispy_erp/system/Security/Security.php(289): CodeIgniter\Security\Exceptions\SecurityException::forDisallowedAction()
#1 /opt/lampp/htdocs/ispy_erp/system/Filters/CSRF.php(53): CodeIgniter\Security\Security->verify(Object(CodeIgniter\HTTP\IncomingRequest))
#2 /opt/lampp/htdocs/ispy_erp/system/Filters/Filters.php(173): CodeIgniter\Filters\CSRF->before(Object(CodeIgniter\HTTP\IncomingRequest), NULL)
#3 /opt/lampp/htdocs/ispy_erp/system/CodeIgniter.php(386): CodeIgniter\Filters\Filters->run('/return', 'before')
#4 /opt/lampp/htdocs/ispy_erp/system/CodeIgniter.php(320): CodeIgniter\CodeIgniter->handleRequest(NULL, Object(Config\Cache), false)
#5 /opt/lampp/htdocs/ispy_erp/index.php(37): CodeIgniter\CodeIgniter->run()
#6 {main}
CRITICAL - 2022-06-22 08:14:46 --> The action you requested is not allowed.
#0 /opt/lampp/htdocs/ispy_erp/system/Security/Security.php(289): CodeIgniter\Security\Exceptions\SecurityException::forDisallowedAction()
#1 /opt/lampp/htdocs/ispy_erp/system/Filters/CSRF.php(53): CodeIgniter\Security\Security->verify(Object(CodeIgniter\HTTP\IncomingRequest))
#2 /opt/lampp/htdocs/ispy_erp/system/Filters/Filters.php(173): CodeIgniter\Filters\CSRF->before(Object(CodeIgniter\HTTP\IncomingRequest), NULL)
#3 /opt/lampp/htdocs/ispy_erp/system/CodeIgniter.php(386): CodeIgniter\Filters\Filters->run('/return', 'before')
#4 /opt/lampp/htdocs/ispy_erp/system/CodeIgniter.php(320): CodeIgniter\CodeIgniter->handleRequest(NULL, Object(Config\Cache), false)
#5 /opt/lampp/htdocs/ispy_erp/index.php(37): CodeIgniter\CodeIgniter->run()
#6 {main}
CRITICAL - 2022-06-22 08:18:40 --> The action you requested is not allowed.
#0 /opt/lampp/htdocs/ispy_erp/system/Security/Security.php(289): CodeIgniter\Security\Exceptions\SecurityException::forDisallowedAction()
#1 /opt/lampp/htdocs/ispy_erp/system/Filters/CSRF.php(53): CodeIgniter\Security\Security->verify(Object(CodeIgniter\HTTP\IncomingRequest))
#2 /opt/lampp/htdocs/ispy_erp/system/Filters/Filters.php(173): CodeIgniter\Filters\CSRF->before(Object(CodeIgniter\HTTP\IncomingRequest), NULL)
#3 /opt/lampp/htdocs/ispy_erp/system/CodeIgniter.php(386): CodeIgniter\Filters\Filters->run('/return', 'before')
#4 /opt/lampp/htdocs/ispy_erp/system/CodeIgniter.php(320): CodeIgniter\CodeIgniter->handleRequest(NULL, Object(Config\Cache), false)
#5 /opt/lampp/htdocs/ispy_erp/index.php(37): CodeIgniter\CodeIgniter->run()
#6 {main}
CRITICAL - 2022-06-22 08:19:46 --> The action you requested is not allowed.
#0 /opt/lampp/htdocs/ispy_erp/system/Security/Security.php(289): CodeIgniter\Security\Exceptions\SecurityException::forDisallowedAction()
#1 /opt/lampp/htdocs/ispy_erp/system/Filters/CSRF.php(53): CodeIgniter\Security\Security->verify(Object(CodeIgniter\HTTP\IncomingRequest))
#2 /opt/lampp/htdocs/ispy_erp/system/Filters/Filters.php(173): CodeIgniter\Filters\CSRF->before(Object(CodeIgniter\HTTP\IncomingRequest), NULL)
#3 /opt/lampp/htdocs/ispy_erp/system/CodeIgniter.php(386): CodeIgniter\Filters\Filters->run('/return', 'before')
#4 /opt/lampp/htdocs/ispy_erp/system/CodeIgniter.php(320): CodeIgniter\CodeIgniter->handleRequest(NULL, Object(Config\Cache), false)
#5 /opt/lampp/htdocs/ispy_erp/index.php(37): CodeIgniter\CodeIgniter->run()
#6 {main}
CRITICAL - 2022-06-22 08:22:15 --> The action you requested is not allowed.
#0 /opt/lampp/htdocs/ispy_erp/system/Security/Security.php(289): CodeIgniter\Security\Exceptions\SecurityException::forDisallowedAction()
#1 /opt/lampp/htdocs/ispy_erp/system/Filters/CSRF.php(53): CodeIgniter\Security\Security->verify(Object(CodeIgniter\HTTP\IncomingRequest))
#2 /opt/lampp/htdocs/ispy_erp/system/Filters/Filters.php(173): CodeIgniter\Filters\CSRF->before(Object(CodeIgniter\HTTP\IncomingRequest), NULL)
#3 /opt/lampp/htdocs/ispy_erp/system/CodeIgniter.php(386): CodeIgniter\Filters\Filters->run('/return', 'before')
#4 /opt/lampp/htdocs/ispy_erp/system/CodeIgniter.php(320): CodeIgniter\CodeIgniter->handleRequest(NULL, Object(Config\Cache), false)
#5 /opt/lampp/htdocs/ispy_erp/index.php(37): CodeIgniter\CodeIgniter->run()
#6 {main}
CRITICAL - 2022-06-22 08:22:58 --> The action you requested is not allowed.
#0 /opt/lampp/htdocs/ispy_erp/system/Security/Security.php(289): CodeIgniter\Security\Exceptions\SecurityException::forDisallowedAction()
#1 /opt/lampp/htdocs/ispy_erp/system/Filters/CSRF.php(53): CodeIgniter\Security\Security->verify(Object(CodeIgniter\HTTP\IncomingRequest))
#2 /opt/lampp/htdocs/ispy_erp/system/Filters/Filters.php(173): CodeIgniter\Filters\CSRF->before(Object(CodeIgniter\HTTP\IncomingRequest), NULL)
#3 /opt/lampp/htdocs/ispy_erp/system/CodeIgniter.php(386): CodeIgniter\Filters\Filters->run('/return', 'before')
#4 /opt/lampp/htdocs/ispy_erp/system/CodeIgniter.php(320): CodeIgniter\CodeIgniter->handleRequest(NULL, Object(Config\Cache), false)
#5 /opt/lampp/htdocs/ispy_erp/index.php(37): CodeIgniter\CodeIgniter->run()
#6 {main}
CRITICAL - 2022-06-22 08:23:13 --> The action you requested is not allowed.
#0 /opt/lampp/htdocs/ispy_erp/system/Security/Security.php(289): CodeIgniter\Security\Exceptions\SecurityException::forDisallowedAction()
#1 /opt/lampp/htdocs/ispy_erp/system/Filters/CSRF.php(53): CodeIgniter\Security\Security->verify(Object(CodeIgniter\HTTP\IncomingRequest))
#2 /opt/lampp/htdocs/ispy_erp/system/Filters/Filters.php(173): CodeIgniter\Filters\CSRF->before(Object(CodeIgniter\HTTP\IncomingRequest), NULL)
#3 /opt/lampp/htdocs/ispy_erp/system/CodeIgniter.php(386): CodeIgniter\Filters\Filters->run('/return', 'before')
#4 /opt/lampp/htdocs/ispy_erp/system/CodeIgniter.php(320): CodeIgniter\CodeIgniter->handleRequest(NULL, Object(Config\Cache), false)
#5 /opt/lampp/htdocs/ispy_erp/index.php(37): CodeIgniter\CodeIgniter->run()
#6 {main}
CRITICAL - 2022-06-22 08:23:43 --> The action you requested is not allowed.
#0 /opt/lampp/htdocs/ispy_erp/system/Security/Security.php(289): CodeIgniter\Security\Exceptions\SecurityException::forDisallowedAction()
#1 /opt/lampp/htdocs/ispy_erp/system/Filters/CSRF.php(53): CodeIgniter\Security\Security->verify(Object(CodeIgniter\HTTP\IncomingRequest))
#2 /opt/lampp/htdocs/ispy_erp/system/Filters/Filters.php(173): CodeIgniter\Filters\CSRF->before(Object(CodeIgniter\HTTP\IncomingRequest), NULL)
#3 /opt/lampp/htdocs/ispy_erp/system/CodeIgniter.php(386): CodeIgniter\Filters\Filters->run('/return', 'before')
#4 /opt/lampp/htdocs/ispy_erp/system/CodeIgniter.php(320): CodeIgniter\CodeIgniter->handleRequest(NULL, Object(Config\Cache), false)
#5 /opt/lampp/htdocs/ispy_erp/index.php(37): CodeIgniter\CodeIgniter->run()
#6 {main}
CRITICAL - 2022-06-22 08:25:01 --> The action you requested is not allowed.
#0 /opt/lampp/htdocs/ispy_erp/system/Security/Security.php(289): CodeIgniter\Security\Exceptions\SecurityException::forDisallowedAction()
#1 /opt/lampp/htdocs/ispy_erp/system/Filters/CSRF.php(53): CodeIgniter\Security\Security->verify(Object(CodeIgniter\HTTP\IncomingRequest))
#2 /opt/lampp/htdocs/ispy_erp/system/Filters/Filters.php(173): CodeIgniter\Filters\CSRF->before(Object(CodeIgniter\HTTP\IncomingRequest), NULL)
#3 /opt/lampp/htdocs/ispy_erp/system/CodeIgniter.php(386): CodeIgniter\Filters\Filters->run('/return', 'before')
#4 /opt/lampp/htdocs/ispy_erp/system/CodeIgniter.php(320): CodeIgniter\CodeIgniter->handleRequest(NULL, Object(Config\Cache), false)
#5 /opt/lampp/htdocs/ispy_erp/index.php(37): CodeIgniter\CodeIgniter->run()
#6 {main}
CRITICAL - 2022-06-22 08:25:58 --> The action you requested is not allowed.
#0 /opt/lampp/htdocs/ispy_erp/system/Security/Security.php(289): CodeIgniter\Security\Exceptions\SecurityException::forDisallowedAction()
#1 /opt/lampp/htdocs/ispy_erp/system/Filters/CSRF.php(53): CodeIgniter\Security\Security->verify(Object(CodeIgniter\HTTP\IncomingRequest))
#2 /opt/lampp/htdocs/ispy_erp/system/Filters/Filters.php(173): CodeIgniter\Filters\CSRF->before(Object(CodeIgniter\HTTP\IncomingRequest), NULL)
#3 /opt/lampp/htdocs/ispy_erp/system/CodeIgniter.php(386): CodeIgniter\Filters\Filters->run('/return', 'before')
#4 /opt/lampp/htdocs/ispy_erp/system/CodeIgniter.php(320): CodeIgniter\CodeIgniter->handleRequest(NULL, Object(Config\Cache), false)
#5 /opt/lampp/htdocs/ispy_erp/index.php(37): CodeIgniter\CodeIgniter->run()
#6 {main}
CRITICAL - 2022-06-22 08:32:40 --> The action you requested is not allowed.
#0 /opt/lampp/htdocs/ispy_erp/system/Security/Security.php(289): CodeIgniter\Security\Exceptions\SecurityException::forDisallowedAction()
#1 /opt/lampp/htdocs/ispy_erp/system/Filters/CSRF.php(53): CodeIgniter\Security\Security->verify(Object(CodeIgniter\HTTP\IncomingRequest))
#2 /opt/lampp/htdocs/ispy_erp/system/Filters/Filters.php(173): CodeIgniter\Filters\CSRF->before(Object(CodeIgniter\HTTP\IncomingRequest), NULL)
#3 /opt/lampp/htdocs/ispy_erp/system/CodeIgniter.php(386): CodeIgniter\Filters\Filters->run('/return', 'before')
#4 /opt/lampp/htdocs/ispy_erp/system/CodeIgniter.php(320): CodeIgniter\CodeIgniter->handleRequest(NULL, Object(Config\Cache), false)
#5 /opt/lampp/htdocs/ispy_erp/index.php(37): CodeIgniter\CodeIgniter->run()
#6 {main}
CRITICAL - 2022-06-22 08:34:03 --> The action you requested is not allowed.
#0 /opt/lampp/htdocs/ispy_erp/system/Security/Security.php(289): CodeIgniter\Security\Exceptions\SecurityException::forDisallowedAction()
#1 /opt/lampp/htdocs/ispy_erp/system/Filters/CSRF.php(53): CodeIgniter\Security\Security->verify(Object(CodeIgniter\HTTP\IncomingRequest))
#2 /opt/lampp/htdocs/ispy_erp/system/Filters/Filters.php(173): CodeIgniter\Filters\CSRF->before(Object(CodeIgniter\HTTP\IncomingRequest), NULL)
#3 /opt/lampp/htdocs/ispy_erp/system/CodeIgniter.php(386): CodeIgniter\Filters\Filters->run('/return', 'before')
#4 /opt/lampp/htdocs/ispy_erp/system/CodeIgniter.php(320): CodeIgniter\CodeIgniter->handleRequest(NULL, Object(Config\Cache), false)
#5 /opt/lampp/htdocs/ispy_erp/index.php(37): CodeIgniter\CodeIgniter->run()
#6 {main}
CRITICAL - 2022-06-22 08:34:04 --> The action you requested is not allowed.
#0 /opt/lampp/htdocs/ispy_erp/system/Security/Security.php(289): CodeIgniter\Security\Exceptions\SecurityException::forDisallowedAction()
#1 /opt/lampp/htdocs/ispy_erp/system/Filters/CSRF.php(53): CodeIgniter\Security\Security->verify(Object(CodeIgniter\HTTP\IncomingRequest))
#2 /opt/lampp/htdocs/ispy_erp/system/Filters/Filters.php(173): CodeIgniter\Filters\CSRF->before(Object(CodeIgniter\HTTP\IncomingRequest), NULL)
#3 /opt/lampp/htdocs/ispy_erp/system/CodeIgniter.php(386): CodeIgniter\Filters\Filters->run('/return', 'before')
#4 /opt/lampp/htdocs/ispy_erp/system/CodeIgniter.php(320): CodeIgniter\CodeIgniter->handleRequest(NULL, Object(Config\Cache), false)
#5 /opt/lampp/htdocs/ispy_erp/index.php(37): CodeIgniter\CodeIgniter->run()
#6 {main}
CRITICAL - 2022-06-22 08:34:05 --> The action you requested is not allowed.
#0 /opt/lampp/htdocs/ispy_erp/system/Security/Security.php(289): CodeIgniter\Security\Exceptions\SecurityException::forDisallowedAction()
#1 /opt/lampp/htdocs/ispy_erp/system/Filters/CSRF.php(53): CodeIgniter\Security\Security->verify(Object(CodeIgniter\HTTP\IncomingRequest))
#2 /opt/lampp/htdocs/ispy_erp/system/Filters/Filters.php(173): CodeIgniter\Filters\CSRF->before(Object(CodeIgniter\HTTP\IncomingRequest), NULL)
#3 /opt/lampp/htdocs/ispy_erp/system/CodeIgniter.php(386): CodeIgniter\Filters\Filters->run('/return', 'before')
#4 /opt/lampp/htdocs/ispy_erp/system/CodeIgniter.php(320): CodeIgniter\CodeIgniter->handleRequest(NULL, Object(Config\Cache), false)
#5 /opt/lampp/htdocs/ispy_erp/index.php(37): CodeIgniter\CodeIgniter->run()
#6 {main}
CRITICAL - 2022-06-22 08:34:05 --> The action you requested is not allowed.
#0 /opt/lampp/htdocs/ispy_erp/system/Security/Security.php(289): CodeIgniter\Security\Exceptions\SecurityException::forDisallowedAction()
#1 /opt/lampp/htdocs/ispy_erp/system/Filters/CSRF.php(53): CodeIgniter\Security\Security->verify(Object(CodeIgniter\HTTP\IncomingRequest))
#2 /opt/lampp/htdocs/ispy_erp/system/Filters/Filters.php(173): CodeIgniter\Filters\CSRF->before(Object(CodeIgniter\HTTP\IncomingRequest), NULL)
#3 /opt/lampp/htdocs/ispy_erp/system/CodeIgniter.php(386): CodeIgniter\Filters\Filters->run('/return', 'before')
#4 /opt/lampp/htdocs/ispy_erp/system/CodeIgniter.php(320): CodeIgniter\CodeIgniter->handleRequest(NULL, Object(Config\Cache), false)
#5 /opt/lampp/htdocs/ispy_erp/index.php(37): CodeIgniter\CodeIgniter->run()
#6 {main}
CRITICAL - 2022-06-22 08:34:05 --> The action you requested is not allowed.
#0 /opt/lampp/htdocs/ispy_erp/system/Security/Security.php(289): CodeIgniter\Security\Exceptions\SecurityException::forDisallowedAction()
#1 /opt/lampp/htdocs/ispy_erp/system/Filters/CSRF.php(53): CodeIgniter\Security\Security->verify(Object(CodeIgniter\HTTP\IncomingRequest))
#2 /opt/lampp/htdocs/ispy_erp/system/Filters/Filters.php(173): CodeIgniter\Filters\CSRF->before(Object(CodeIgniter\HTTP\IncomingRequest), NULL)
#3 /opt/lampp/htdocs/ispy_erp/system/CodeIgniter.php(386): CodeIgniter\Filters\Filters->run('/return', 'before')
#4 /opt/lampp/htdocs/ispy_erp/system/CodeIgniter.php(320): CodeIgniter\CodeIgniter->handleRequest(NULL, Object(Config\Cache), false)
#5 /opt/lampp/htdocs/ispy_erp/index.php(37): CodeIgniter\CodeIgniter->run()
#6 {main}
CRITICAL - 2022-06-22 08:34:12 --> The action you requested is not allowed.
#0 /opt/lampp/htdocs/ispy_erp/system/Security/Security.php(289): CodeIgniter\Security\Exceptions\SecurityException::forDisallowedAction()
#1 /opt/lampp/htdocs/ispy_erp/system/Filters/CSRF.php(53): CodeIgniter\Security\Security->verify(Object(CodeIgniter\HTTP\IncomingRequest))
#2 /opt/lampp/htdocs/ispy_erp/system/Filters/Filters.php(173): CodeIgniter\Filters\CSRF->before(Object(CodeIgniter\HTTP\IncomingRequest), NULL)
#3 /opt/lampp/htdocs/ispy_erp/system/CodeIgniter.php(386): CodeIgniter\Filters\Filters->run('/return', 'before')
#4 /opt/lampp/htdocs/ispy_erp/system/CodeIgniter.php(320): CodeIgniter\CodeIgniter->handleRequest(NULL, Object(Config\Cache), false)
#5 /opt/lampp/htdocs/ispy_erp/index.php(37): CodeIgniter\CodeIgniter->run()
#6 {main}
CRITICAL - 2022-06-22 08:38:59 --> The action you requested is not allowed.
#0 /opt/lampp/htdocs/ispy_erp/system/Security/Security.php(289): CodeIgniter\Security\Exceptions\SecurityException::forDisallowedAction()
#1 /opt/lampp/htdocs/ispy_erp/system/Filters/CSRF.php(53): CodeIgniter\Security\Security->verify(Object(CodeIgniter\HTTP\IncomingRequest))
#2 /opt/lampp/htdocs/ispy_erp/system/Filters/Filters.php(173): CodeIgniter\Filters\CSRF->before(Object(CodeIgniter\HTTP\IncomingRequest), NULL)
#3 /opt/lampp/htdocs/ispy_erp/system/CodeIgniter.php(386): CodeIgniter\Filters\Filters->run('/save/fault', 'before')
#4 /opt/lampp/htdocs/ispy_erp/system/CodeIgniter.php(320): CodeIgniter\CodeIgniter->handleRequest(NULL, Object(Config\Cache), false)
#5 /opt/lampp/htdocs/ispy_erp/index.php(37): CodeIgniter\CodeIgniter->run()
#6 {main}
CRITICAL - 2022-06-22 08:40:51 --> The action you requested is not allowed.
#0 /opt/lampp/htdocs/ispy_erp/system/Security/Security.php(289): CodeIgniter\Security\Exceptions\SecurityException::forDisallowedAction()
#1 /opt/lampp/htdocs/ispy_erp/system/Filters/CSRF.php(53): CodeIgniter\Security\Security->verify(Object(CodeIgniter\HTTP\IncomingRequest))
#2 /opt/lampp/htdocs/ispy_erp/system/Filters/Filters.php(173): CodeIgniter\Filters\CSRF->before(Object(CodeIgniter\HTTP\IncomingRequest), NULL)
#3 /opt/lampp/htdocs/ispy_erp/system/CodeIgniter.php(386): CodeIgniter\Filters\Filters->run('/save/fault', 'before')
#4 /opt/lampp/htdocs/ispy_erp/system/CodeIgniter.php(320): CodeIgniter\CodeIgniter->handleRequest(NULL, Object(Config\Cache), false)
#5 /opt/lampp/htdocs/ispy_erp/index.php(37): CodeIgniter\CodeIgniter->run()
#6 {main}
CRITICAL - 2022-06-22 08:41:38 --> The action you requested is not allowed.
#0 /opt/lampp/htdocs/ispy_erp/system/Security/Security.php(289): CodeIgniter\Security\Exceptions\SecurityException::forDisallowedAction()
#1 /opt/lampp/htdocs/ispy_erp/system/Filters/CSRF.php(53): CodeIgniter\Security\Security->verify(Object(CodeIgniter\HTTP\IncomingRequest))
#2 /opt/lampp/htdocs/ispy_erp/system/Filters/Filters.php(173): CodeIgniter\Filters\CSRF->before(Object(CodeIgniter\HTTP\IncomingRequest), NULL)
#3 /opt/lampp/htdocs/ispy_erp/system/CodeIgniter.php(386): CodeIgniter\Filters\Filters->run('/save/fault', 'before')
#4 /opt/lampp/htdocs/ispy_erp/system/CodeIgniter.php(320): CodeIgniter\CodeIgniter->handleRequest(NULL, Object(Config\Cache), false)
#5 /opt/lampp/htdocs/ispy_erp/index.php(37): CodeIgniter\CodeIgniter->run()
#6 {main}
CRITICAL - 2022-06-22 08:45:33 --> The action you requested is not allowed.
#0 /opt/lampp/htdocs/ispy_erp/system/Security/Security.php(289): CodeIgniter\Security\Exceptions\SecurityException::forDisallowedAction()
#1 /opt/lampp/htdocs/ispy_erp/system/Filters/CSRF.php(53): CodeIgniter\Security\Security->verify(Object(CodeIgniter\HTTP\IncomingRequest))
#2 /opt/lampp/htdocs/ispy_erp/system/Filters/Filters.php(173): CodeIgniter\Filters\CSRF->before(Object(CodeIgniter\HTTP\IncomingRequest), NULL)
#3 /opt/lampp/htdocs/ispy_erp/system/CodeIgniter.php(386): CodeIgniter\Filters\Filters->run('/save/fault', 'before')
#4 /opt/lampp/htdocs/ispy_erp/system/CodeIgniter.php(320): CodeIgniter\CodeIgniter->handleRequest(NULL, Object(Config\Cache), false)
#5 /opt/lampp/htdocs/ispy_erp/index.php(37): CodeIgniter\CodeIgniter->run()
#6 {main}
CRITICAL - 2022-06-22 08:47:43 --> The action you requested is not allowed.
#0 /opt/lampp/htdocs/ispy_erp/system/Security/Security.php(289): CodeIgniter\Security\Exceptions\SecurityException::forDisallowedAction()
#1 /opt/lampp/htdocs/ispy_erp/system/Filters/CSRF.php(53): CodeIgniter\Security\Security->verify(Object(CodeIgniter\HTTP\IncomingRequest))
#2 /opt/lampp/htdocs/ispy_erp/system/Filters/Filters.php(173): CodeIgniter\Filters\CSRF->before(Object(CodeIgniter\HTTP\IncomingRequest), NULL)
#3 /opt/lampp/htdocs/ispy_erp/system/CodeIgniter.php(386): CodeIgniter\Filters\Filters->run('/save/fault', 'before')
#4 /opt/lampp/htdocs/ispy_erp/system/CodeIgniter.php(320): CodeIgniter\CodeIgniter->handleRequest(NULL, Object(Config\Cache), false)
#5 /opt/lampp/htdocs/ispy_erp/index.php(37): CodeIgniter\CodeIgniter->run()
#6 {main}
CRITICAL - 2022-06-22 08:50:39 --> The action you requested is not allowed.
#0 /opt/lampp/htdocs/ispy_erp/system/Security/Security.php(289): CodeIgniter\Security\Exceptions\SecurityException::forDisallowedAction()
#1 /opt/lampp/htdocs/ispy_erp/system/Filters/CSRF.php(53): CodeIgniter\Security\Security->verify(Object(CodeIgniter\HTTP\IncomingRequest))
#2 /opt/lampp/htdocs/ispy_erp/system/Filters/Filters.php(173): CodeIgniter\Filters\CSRF->before(Object(CodeIgniter\HTTP\IncomingRequest), NULL)
#3 /opt/lampp/htdocs/ispy_erp/system/CodeIgniter.php(386): CodeIgniter\Filters\Filters->run('/save/fault', 'before')
#4 /opt/lampp/htdocs/ispy_erp/system/CodeIgniter.php(320): CodeIgniter\CodeIgniter->handleRequest(NULL, Object(Config\Cache), false)
#5 /opt/lampp/htdocs/ispy_erp/index.php(37): CodeIgniter\CodeIgniter->run()
#6 {main}
CRITICAL - 2022-06-22 08:51:33 --> The action you requested is not allowed.
#0 /opt/lampp/htdocs/ispy_erp/system/Security/Security.php(289): CodeIgniter\Security\Exceptions\SecurityException::forDisallowedAction()
#1 /opt/lampp/htdocs/ispy_erp/system/Filters/CSRF.php(53): CodeIgniter\Security\Security->verify(Object(CodeIgniter\HTTP\IncomingRequest))
#2 /opt/lampp/htdocs/ispy_erp/system/Filters/Filters.php(173): CodeIgniter\Filters\CSRF->before(Object(CodeIgniter\HTTP\IncomingRequest), NULL)
#3 /opt/lampp/htdocs/ispy_erp/system/CodeIgniter.php(386): CodeIgniter\Filters\Filters->run('/save/fault', 'before')
#4 /opt/lampp/htdocs/ispy_erp/system/CodeIgniter.php(320): CodeIgniter\CodeIgniter->handleRequest(NULL, Object(Config\Cache), false)
#5 /opt/lampp/htdocs/ispy_erp/index.php(37): CodeIgniter\CodeIgniter->run()
#6 {main}
CRITICAL - 2022-06-22 08:56:41 --> The action you requested is not allowed.
#0 /opt/lampp/htdocs/ispy_erp/system/Security/Security.php(289): CodeIgniter\Security\Exceptions\SecurityException::forDisallowedAction()
#1 /opt/lampp/htdocs/ispy_erp/system/Filters/CSRF.php(53): CodeIgniter\Security\Security->verify(Object(CodeIgniter\HTTP\IncomingRequest))
#2 /opt/lampp/htdocs/ispy_erp/system/Filters/Filters.php(173): CodeIgniter\Filters\CSRF->before(Object(CodeIgniter\HTTP\IncomingRequest), NULL)
#3 /opt/lampp/htdocs/ispy_erp/system/CodeIgniter.php(386): CodeIgniter\Filters\Filters->run('/save/fault', 'before')
#4 /opt/lampp/htdocs/ispy_erp/system/CodeIgniter.php(320): CodeIgniter\CodeIgniter->handleRequest(NULL, Object(Config\Cache), false)
#5 /opt/lampp/htdocs/ispy_erp/index.php(37): CodeIgniter\CodeIgniter->run()
#6 {main}
CRITICAL - 2022-06-22 08:59:56 --> The action you requested is not allowed.
#0 /opt/lampp/htdocs/ispy_erp/system/Security/Security.php(289): CodeIgniter\Security\Exceptions\SecurityException::forDisallowedAction()
#1 /opt/lampp/htdocs/ispy_erp/system/Filters/CSRF.php(53): CodeIgniter\Security\Security->verify(Object(CodeIgniter\HTTP\IncomingRequest))
#2 /opt/lampp/htdocs/ispy_erp/system/Filters/Filters.php(173): CodeIgniter\Filters\CSRF->before(Object(CodeIgniter\HTTP\IncomingRequest), NULL)
#3 /opt/lampp/htdocs/ispy_erp/system/CodeIgniter.php(386): CodeIgniter\Filters\Filters->run('/save/fault', 'before')
#4 /opt/lampp/htdocs/ispy_erp/system/CodeIgniter.php(320): CodeIgniter\CodeIgniter->handleRequest(NULL, Object(Config\Cache), false)
#5 /opt/lampp/htdocs/ispy_erp/index.php(37): CodeIgniter\CodeIgniter->run()
#6 {main}
