CRITICAL - 2022-04-27 01:17:17 --> The action you requested is not allowed.
#0 C:\xampp\htdocs\ispy_erp\system\Security\Security.php(289): CodeIgniter\Security\Exceptions\SecurityException::forDisallowedAction()
#1 C:\xampp\htdocs\ispy_erp\system\Filters\CSRF.php(53): CodeIgniter\Security\Security->verify(Object(CodeIgniter\HTTP\IncomingRequest))
#2 C:\xampp\htdocs\ispy_erp\system\Filters\Filters.php(173): CodeIgniter\Filters\CSRF->before(Object(CodeIgniter\HTTP\IncomingRequest), NULL)
#3 C:\xampp\htdocs\ispy_erp\system\CodeIgniter.php(386): CodeIgniter\Filters\Filters->run('/search', 'before')
#4 C:\xampp\htdocs\ispy_erp\system\CodeIgniter.php(320): CodeIgniter\CodeIgniter->handleRequest(NULL, Object(Config\Cache), false)
#5 C:\xampp\htdocs\ispy_erp\index.php(37): CodeIgniter\CodeIgniter->run()
#6 {main}
CRITICAL - 2022-04-27 01:17:23 --> The action you requested is not allowed.
#0 C:\xampp\htdocs\ispy_erp\system\Security\Security.php(289): CodeIgniter\Security\Exceptions\SecurityException::forDisallowedAction()
#1 C:\xampp\htdocs\ispy_erp\system\Filters\CSRF.php(53): CodeIgniter\Security\Security->verify(Object(CodeIgniter\HTTP\IncomingRequest))
#2 C:\xampp\htdocs\ispy_erp\system\Filters\Filters.php(173): CodeIgniter\Filters\CSRF->before(Object(CodeIgniter\HTTP\IncomingRequest), NULL)
#3 C:\xampp\htdocs\ispy_erp\system\CodeIgniter.php(386): CodeIgniter\Filters\Filters->run('/search', 'before')
#4 C:\xampp\htdocs\ispy_erp\system\CodeIgniter.php(320): CodeIgniter\CodeIgniter->handleRequest(NULL, Object(Config\Cache), false)
#5 C:\xampp\htdocs\ispy_erp\index.php(37): CodeIgniter\CodeIgniter->run()
#6 {main}
CRITICAL - 2022-04-27 01:17:33 --> The action you requested is not allowed.
#0 C:\xampp\htdocs\ispy_erp\system\Security\Security.php(289): CodeIgniter\Security\Exceptions\SecurityException::forDisallowedAction()
#1 C:\xampp\htdocs\ispy_erp\system\Filters\CSRF.php(53): CodeIgniter\Security\Security->verify(Object(CodeIgniter\HTTP\IncomingRequest))
#2 C:\xampp\htdocs\ispy_erp\system\Filters\Filters.php(173): CodeIgniter\Filters\CSRF->before(Object(CodeIgniter\HTTP\IncomingRequest), NULL)
#3 C:\xampp\htdocs\ispy_erp\system\CodeIgniter.php(386): CodeIgniter\Filters\Filters->run('/search', 'before')
#4 C:\xampp\htdocs\ispy_erp\system\CodeIgniter.php(320): CodeIgniter\CodeIgniter->handleRequest(NULL, Object(Config\Cache), false)
#5 C:\xampp\htdocs\ispy_erp\index.php(37): CodeIgniter\CodeIgniter->run()
#6 {main}
CRITICAL - 2022-04-27 01:22:21 --> The action you requested is not allowed.
#0 C:\xampp\htdocs\ispy_erp\system\Security\Security.php(289): CodeIgniter\Security\Exceptions\SecurityException::forDisallowedAction()
#1 C:\xampp\htdocs\ispy_erp\system\Filters\CSRF.php(53): CodeIgniter\Security\Security->verify(Object(CodeIgniter\HTTP\IncomingRequest))
#2 C:\xampp\htdocs\ispy_erp\system\Filters\Filters.php(173): CodeIgniter\Filters\CSRF->before(Object(CodeIgniter\HTTP\IncomingRequest), NULL)
#3 C:\xampp\htdocs\ispy_erp\system\CodeIgniter.php(386): CodeIgniter\Filters\Filters->run('/search', 'before')
#4 C:\xampp\htdocs\ispy_erp\system\CodeIgniter.php(320): CodeIgniter\CodeIgniter->handleRequest(NULL, Object(Config\Cache), false)
#5 C:\xampp\htdocs\ispy_erp\index.php(37): CodeIgniter\CodeIgniter->run()
#6 {main}
CRITICAL - 2022-04-27 01:22:27 --> The action you requested is not allowed.
#0 C:\xampp\htdocs\ispy_erp\system\Security\Security.php(289): CodeIgniter\Security\Exceptions\SecurityException::forDisallowedAction()
#1 C:\xampp\htdocs\ispy_erp\system\Filters\CSRF.php(53): CodeIgniter\Security\Security->verify(Object(CodeIgniter\HTTP\IncomingRequest))
#2 C:\xampp\htdocs\ispy_erp\system\Filters\Filters.php(173): CodeIgniter\Filters\CSRF->before(Object(CodeIgniter\HTTP\IncomingRequest), NULL)
#3 C:\xampp\htdocs\ispy_erp\system\CodeIgniter.php(386): CodeIgniter\Filters\Filters->run('/search', 'before')
#4 C:\xampp\htdocs\ispy_erp\system\CodeIgniter.php(320): CodeIgniter\CodeIgniter->handleRequest(NULL, Object(Config\Cache), false)
#5 C:\xampp\htdocs\ispy_erp\index.php(37): CodeIgniter\CodeIgniter->run()
#6 {main}
CRITICAL - 2022-04-27 01:22:28 --> The action you requested is not allowed.
#0 C:\xampp\htdocs\ispy_erp\system\Security\Security.php(289): CodeIgniter\Security\Exceptions\SecurityException::forDisallowedAction()
#1 C:\xampp\htdocs\ispy_erp\system\Filters\CSRF.php(53): CodeIgniter\Security\Security->verify(Object(CodeIgniter\HTTP\IncomingRequest))
#2 C:\xampp\htdocs\ispy_erp\system\Filters\Filters.php(173): CodeIgniter\Filters\CSRF->before(Object(CodeIgniter\HTTP\IncomingRequest), NULL)
#3 C:\xampp\htdocs\ispy_erp\system\CodeIgniter.php(386): CodeIgniter\Filters\Filters->run('/search', 'before')
#4 C:\xampp\htdocs\ispy_erp\system\CodeIgniter.php(320): CodeIgniter\CodeIgniter->handleRequest(NULL, Object(Config\Cache), false)
#5 C:\xampp\htdocs\ispy_erp\index.php(37): CodeIgniter\CodeIgniter->run()
#6 {main}
CRITICAL - 2022-04-27 01:23:47 --> The action you requested is not allowed.
#0 C:\xampp\htdocs\ispy_erp\system\Security\Security.php(289): CodeIgniter\Security\Exceptions\SecurityException::forDisallowedAction()
#1 C:\xampp\htdocs\ispy_erp\system\Filters\CSRF.php(53): CodeIgniter\Security\Security->verify(Object(CodeIgniter\HTTP\IncomingRequest))
#2 C:\xampp\htdocs\ispy_erp\system\Filters\Filters.php(173): CodeIgniter\Filters\CSRF->before(Object(CodeIgniter\HTTP\IncomingRequest), NULL)
#3 C:\xampp\htdocs\ispy_erp\system\CodeIgniter.php(386): CodeIgniter\Filters\Filters->run('/search', 'before')
#4 C:\xampp\htdocs\ispy_erp\system\CodeIgniter.php(320): CodeIgniter\CodeIgniter->handleRequest(NULL, Object(Config\Cache), false)
#5 C:\xampp\htdocs\ispy_erp\index.php(37): CodeIgniter\CodeIgniter->run()
#6 {main}
CRITICAL - 2022-04-27 01:24:11 --> The action you requested is not allowed.
#0 C:\xampp\htdocs\ispy_erp\system\Security\Security.php(289): CodeIgniter\Security\Exceptions\SecurityException::forDisallowedAction()
#1 C:\xampp\htdocs\ispy_erp\system\Filters\CSRF.php(53): CodeIgniter\Security\Security->verify(Object(CodeIgniter\HTTP\IncomingRequest))
#2 C:\xampp\htdocs\ispy_erp\system\Filters\Filters.php(173): CodeIgniter\Filters\CSRF->before(Object(CodeIgniter\HTTP\IncomingRequest), NULL)
#3 C:\xampp\htdocs\ispy_erp\system\CodeIgniter.php(386): CodeIgniter\Filters\Filters->run('/search', 'before')
#4 C:\xampp\htdocs\ispy_erp\system\CodeIgniter.php(320): CodeIgniter\CodeIgniter->handleRequest(NULL, Object(Config\Cache), false)
#5 C:\xampp\htdocs\ispy_erp\index.php(37): CodeIgniter\CodeIgniter->run()
#6 {main}
CRITICAL - 2022-04-27 01:24:53 --> The action you requested is not allowed.
#0 C:\xampp\htdocs\ispy_erp\system\Security\Security.php(289): CodeIgniter\Security\Exceptions\SecurityException::forDisallowedAction()
#1 C:\xampp\htdocs\ispy_erp\system\Filters\CSRF.php(53): CodeIgniter\Security\Security->verify(Object(CodeIgniter\HTTP\IncomingRequest))
#2 C:\xampp\htdocs\ispy_erp\system\Filters\Filters.php(173): CodeIgniter\Filters\CSRF->before(Object(CodeIgniter\HTTP\IncomingRequest), NULL)
#3 C:\xampp\htdocs\ispy_erp\system\CodeIgniter.php(386): CodeIgniter\Filters\Filters->run('/search', 'before')
#4 C:\xampp\htdocs\ispy_erp\system\CodeIgniter.php(320): CodeIgniter\CodeIgniter->handleRequest(NULL, Object(Config\Cache), false)
#5 C:\xampp\htdocs\ispy_erp\index.php(37): CodeIgniter\CodeIgniter->run()
#6 {main}
CRITICAL - 2022-04-27 01:53:54 --> The action you requested is not allowed.
#0 C:\xampp\htdocs\ispy_erp\system\Security\Security.php(289): CodeIgniter\Security\Exceptions\SecurityException::forDisallowedAction()
#1 C:\xampp\htdocs\ispy_erp\system\Filters\CSRF.php(53): CodeIgniter\Security\Security->verify(Object(CodeIgniter\HTTP\IncomingRequest))
#2 C:\xampp\htdocs\ispy_erp\system\Filters\Filters.php(173): CodeIgniter\Filters\CSRF->before(Object(CodeIgniter\HTTP\IncomingRequest), NULL)
#3 C:\xampp\htdocs\ispy_erp\system\CodeIgniter.php(386): CodeIgniter\Filters\Filters->run('/search', 'before')
#4 C:\xampp\htdocs\ispy_erp\system\CodeIgniter.php(320): CodeIgniter\CodeIgniter->handleRequest(NULL, Object(Config\Cache), false)
#5 C:\xampp\htdocs\ispy_erp\index.php(37): CodeIgniter\CodeIgniter->run()
#6 {main}
CRITICAL - 2022-04-27 01:54:04 --> The action you requested is not allowed.
#0 C:\xampp\htdocs\ispy_erp\system\Security\Security.php(289): CodeIgniter\Security\Exceptions\SecurityException::forDisallowedAction()
#1 C:\xampp\htdocs\ispy_erp\system\Filters\CSRF.php(53): CodeIgniter\Security\Security->verify(Object(CodeIgniter\HTTP\IncomingRequest))
#2 C:\xampp\htdocs\ispy_erp\system\Filters\Filters.php(173): CodeIgniter\Filters\CSRF->before(Object(CodeIgniter\HTTP\IncomingRequest), NULL)
#3 C:\xampp\htdocs\ispy_erp\system\CodeIgniter.php(386): CodeIgniter\Filters\Filters->run('/search', 'before')
#4 C:\xampp\htdocs\ispy_erp\system\CodeIgniter.php(320): CodeIgniter\CodeIgniter->handleRequest(NULL, Object(Config\Cache), false)
#5 C:\xampp\htdocs\ispy_erp\index.php(37): CodeIgniter\CodeIgniter->run()
#6 {main}
CRITICAL - 2022-04-27 01:56:43 --> The action you requested is not allowed.
#0 C:\xampp\htdocs\ispy_erp\system\Security\Security.php(289): CodeIgniter\Security\Exceptions\SecurityException::forDisallowedAction()
#1 C:\xampp\htdocs\ispy_erp\system\Filters\CSRF.php(53): CodeIgniter\Security\Security->verify(Object(CodeIgniter\HTTP\IncomingRequest))
#2 C:\xampp\htdocs\ispy_erp\system\Filters\Filters.php(173): CodeIgniter\Filters\CSRF->before(Object(CodeIgniter\HTTP\IncomingRequest), NULL)
#3 C:\xampp\htdocs\ispy_erp\system\CodeIgniter.php(386): CodeIgniter\Filters\Filters->run('/search', 'before')
#4 C:\xampp\htdocs\ispy_erp\system\CodeIgniter.php(320): CodeIgniter\CodeIgniter->handleRequest(NULL, Object(Config\Cache), false)
#5 C:\xampp\htdocs\ispy_erp\index.php(37): CodeIgniter\CodeIgniter->run()
#6 {main}
CRITICAL - 2022-04-27 01:56:46 --> The action you requested is not allowed.
#0 C:\xampp\htdocs\ispy_erp\system\Security\Security.php(289): CodeIgniter\Security\Exceptions\SecurityException::forDisallowedAction()
#1 C:\xampp\htdocs\ispy_erp\system\Filters\CSRF.php(53): CodeIgniter\Security\Security->verify(Object(CodeIgniter\HTTP\IncomingRequest))
#2 C:\xampp\htdocs\ispy_erp\system\Filters\Filters.php(173): CodeIgniter\Filters\CSRF->before(Object(CodeIgniter\HTTP\IncomingRequest), NULL)
#3 C:\xampp\htdocs\ispy_erp\system\CodeIgniter.php(386): CodeIgniter\Filters\Filters->run('/search', 'before')
#4 C:\xampp\htdocs\ispy_erp\system\CodeIgniter.php(320): CodeIgniter\CodeIgniter->handleRequest(NULL, Object(Config\Cache), false)
#5 C:\xampp\htdocs\ispy_erp\index.php(37): CodeIgniter\CodeIgniter->run()
#6 {main}
CRITICAL - 2022-04-27 02:12:06 --> The action you requested is not allowed.
#0 C:\xampp\htdocs\ispy_erp\system\Security\Security.php(289): CodeIgniter\Security\Exceptions\SecurityException::forDisallowedAction()
#1 C:\xampp\htdocs\ispy_erp\system\Filters\CSRF.php(53): CodeIgniter\Security\Security->verify(Object(CodeIgniter\HTTP\IncomingRequest))
#2 C:\xampp\htdocs\ispy_erp\system\Filters\Filters.php(173): CodeIgniter\Filters\CSRF->before(Object(CodeIgniter\HTTP\IncomingRequest), NULL)
#3 C:\xampp\htdocs\ispy_erp\system\CodeIgniter.php(386): CodeIgniter\Filters\Filters->run('/search', 'before')
#4 C:\xampp\htdocs\ispy_erp\system\CodeIgniter.php(320): CodeIgniter\CodeIgniter->handleRequest(NULL, Object(Config\Cache), false)
#5 C:\xampp\htdocs\ispy_erp\index.php(37): CodeIgniter\CodeIgniter->run()
#6 {main}
CRITICAL - 2022-04-27 02:14:30 --> The action you requested is not allowed.
#0 C:\xampp\htdocs\ispy_erp\system\Security\Security.php(289): CodeIgniter\Security\Exceptions\SecurityException::forDisallowedAction()
#1 C:\xampp\htdocs\ispy_erp\system\Filters\CSRF.php(53): CodeIgniter\Security\Security->verify(Object(CodeIgniter\HTTP\IncomingRequest))
#2 C:\xampp\htdocs\ispy_erp\system\Filters\Filters.php(173): CodeIgniter\Filters\CSRF->before(Object(CodeIgniter\HTTP\IncomingRequest), NULL)
#3 C:\xampp\htdocs\ispy_erp\system\CodeIgniter.php(386): CodeIgniter\Filters\Filters->run('/search', 'before')
#4 C:\xampp\htdocs\ispy_erp\system\CodeIgniter.php(320): CodeIgniter\CodeIgniter->handleRequest(NULL, Object(Config\Cache), false)
#5 C:\xampp\htdocs\ispy_erp\index.php(37): CodeIgniter\CodeIgniter->run()
#6 {main}
CRITICAL - 2022-04-27 02:14:32 --> The action you requested is not allowed.
#0 C:\xampp\htdocs\ispy_erp\system\Security\Security.php(289): CodeIgniter\Security\Exceptions\SecurityException::forDisallowedAction()
#1 C:\xampp\htdocs\ispy_erp\system\Filters\CSRF.php(53): CodeIgniter\Security\Security->verify(Object(CodeIgniter\HTTP\IncomingRequest))
#2 C:\xampp\htdocs\ispy_erp\system\Filters\Filters.php(173): CodeIgniter\Filters\CSRF->before(Object(CodeIgniter\HTTP\IncomingRequest), NULL)
#3 C:\xampp\htdocs\ispy_erp\system\CodeIgniter.php(386): CodeIgniter\Filters\Filters->run('/search', 'before')
#4 C:\xampp\htdocs\ispy_erp\system\CodeIgniter.php(320): CodeIgniter\CodeIgniter->handleRequest(NULL, Object(Config\Cache), false)
#5 C:\xampp\htdocs\ispy_erp\index.php(37): CodeIgniter\CodeIgniter->run()
#6 {main}
CRITICAL - 2022-04-27 02:14:35 --> The action you requested is not allowed.
#0 C:\xampp\htdocs\ispy_erp\system\Security\Security.php(289): CodeIgniter\Security\Exceptions\SecurityException::forDisallowedAction()
#1 C:\xampp\htdocs\ispy_erp\system\Filters\CSRF.php(53): CodeIgniter\Security\Security->verify(Object(CodeIgniter\HTTP\IncomingRequest))
#2 C:\xampp\htdocs\ispy_erp\system\Filters\Filters.php(173): CodeIgniter\Filters\CSRF->before(Object(CodeIgniter\HTTP\IncomingRequest), NULL)
#3 C:\xampp\htdocs\ispy_erp\system\CodeIgniter.php(386): CodeIgniter\Filters\Filters->run('/search', 'before')
#4 C:\xampp\htdocs\ispy_erp\system\CodeIgniter.php(320): CodeIgniter\CodeIgniter->handleRequest(NULL, Object(Config\Cache), false)
#5 C:\xampp\htdocs\ispy_erp\index.php(37): CodeIgniter\CodeIgniter->run()
#6 {main}
CRITICAL - 2022-04-27 02:14:43 --> The action you requested is not allowed.
#0 C:\xampp\htdocs\ispy_erp\system\Security\Security.php(289): CodeIgniter\Security\Exceptions\SecurityException::forDisallowedAction()
#1 C:\xampp\htdocs\ispy_erp\system\Filters\CSRF.php(53): CodeIgniter\Security\Security->verify(Object(CodeIgniter\HTTP\IncomingRequest))
#2 C:\xampp\htdocs\ispy_erp\system\Filters\Filters.php(173): CodeIgniter\Filters\CSRF->before(Object(CodeIgniter\HTTP\IncomingRequest), NULL)
#3 C:\xampp\htdocs\ispy_erp\system\CodeIgniter.php(386): CodeIgniter\Filters\Filters->run('/search', 'before')
#4 C:\xampp\htdocs\ispy_erp\system\CodeIgniter.php(320): CodeIgniter\CodeIgniter->handleRequest(NULL, Object(Config\Cache), false)
#5 C:\xampp\htdocs\ispy_erp\index.php(37): CodeIgniter\CodeIgniter->run()
#6 {main}
CRITICAL - 2022-04-27 02:34:42 --> The action you requested is not allowed.
#0 C:\xampp\htdocs\ispy_erp\system\Security\Security.php(289): CodeIgniter\Security\Exceptions\SecurityException::forDisallowedAction()
#1 C:\xampp\htdocs\ispy_erp\system\Filters\CSRF.php(53): CodeIgniter\Security\Security->verify(Object(CodeIgniter\HTTP\IncomingRequest))
#2 C:\xampp\htdocs\ispy_erp\system\Filters\Filters.php(173): CodeIgniter\Filters\CSRF->before(Object(CodeIgniter\HTTP\IncomingRequest), NULL)
#3 C:\xampp\htdocs\ispy_erp\system\CodeIgniter.php(386): CodeIgniter\Filters\Filters->run('/search', 'before')
#4 C:\xampp\htdocs\ispy_erp\system\CodeIgniter.php(320): CodeIgniter\CodeIgniter->handleRequest(NULL, Object(Config\Cache), false)
#5 C:\xampp\htdocs\ispy_erp\index.php(37): CodeIgniter\CodeIgniter->run()
#6 {main}
CRITICAL - 2022-04-27 02:34:44 --> The action you requested is not allowed.
#0 C:\xampp\htdocs\ispy_erp\system\Security\Security.php(289): CodeIgniter\Security\Exceptions\SecurityException::forDisallowedAction()
#1 C:\xampp\htdocs\ispy_erp\system\Filters\CSRF.php(53): CodeIgniter\Security\Security->verify(Object(CodeIgniter\HTTP\IncomingRequest))
#2 C:\xampp\htdocs\ispy_erp\system\Filters\Filters.php(173): CodeIgniter\Filters\CSRF->before(Object(CodeIgniter\HTTP\IncomingRequest), NULL)
#3 C:\xampp\htdocs\ispy_erp\system\CodeIgniter.php(386): CodeIgniter\Filters\Filters->run('/search', 'before')
#4 C:\xampp\htdocs\ispy_erp\system\CodeIgniter.php(320): CodeIgniter\CodeIgniter->handleRequest(NULL, Object(Config\Cache), false)
#5 C:\xampp\htdocs\ispy_erp\index.php(37): CodeIgniter\CodeIgniter->run()
#6 {main}
CRITICAL - 2022-04-27 02:34:47 --> The action you requested is not allowed.
#0 C:\xampp\htdocs\ispy_erp\system\Security\Security.php(289): CodeIgniter\Security\Exceptions\SecurityException::forDisallowedAction()
#1 C:\xampp\htdocs\ispy_erp\system\Filters\CSRF.php(53): CodeIgniter\Security\Security->verify(Object(CodeIgniter\HTTP\IncomingRequest))
#2 C:\xampp\htdocs\ispy_erp\system\Filters\Filters.php(173): CodeIgniter\Filters\CSRF->before(Object(CodeIgniter\HTTP\IncomingRequest), NULL)
#3 C:\xampp\htdocs\ispy_erp\system\CodeIgniter.php(386): CodeIgniter\Filters\Filters->run('/search', 'before')
#4 C:\xampp\htdocs\ispy_erp\system\CodeIgniter.php(320): CodeIgniter\CodeIgniter->handleRequest(NULL, Object(Config\Cache), false)
#5 C:\xampp\htdocs\ispy_erp\index.php(37): CodeIgniter\CodeIgniter->run()
#6 {main}
CRITICAL - 2022-04-27 02:39:16 --> The action you requested is not allowed.
#0 C:\xampp\htdocs\ispy_erp\system\Security\Security.php(289): CodeIgniter\Security\Exceptions\SecurityException::forDisallowedAction()
#1 C:\xampp\htdocs\ispy_erp\system\Filters\CSRF.php(53): CodeIgniter\Security\Security->verify(Object(CodeIgniter\HTTP\IncomingRequest))
#2 C:\xampp\htdocs\ispy_erp\system\Filters\Filters.php(173): CodeIgniter\Filters\CSRF->before(Object(CodeIgniter\HTTP\IncomingRequest), NULL)
#3 C:\xampp\htdocs\ispy_erp\system\CodeIgniter.php(386): CodeIgniter\Filters\Filters->run('/search', 'before')
#4 C:\xampp\htdocs\ispy_erp\system\CodeIgniter.php(320): CodeIgniter\CodeIgniter->handleRequest(NULL, Object(Config\Cache), false)
#5 C:\xampp\htdocs\ispy_erp\index.php(37): CodeIgniter\CodeIgniter->run()
#6 {main}
CRITICAL - 2022-04-27 02:39:20 --> The action you requested is not allowed.
#0 C:\xampp\htdocs\ispy_erp\system\Security\Security.php(289): CodeIgniter\Security\Exceptions\SecurityException::forDisallowedAction()
#1 C:\xampp\htdocs\ispy_erp\system\Filters\CSRF.php(53): CodeIgniter\Security\Security->verify(Object(CodeIgniter\HTTP\IncomingRequest))
#2 C:\xampp\htdocs\ispy_erp\system\Filters\Filters.php(173): CodeIgniter\Filters\CSRF->before(Object(CodeIgniter\HTTP\IncomingRequest), NULL)
#3 C:\xampp\htdocs\ispy_erp\system\CodeIgniter.php(386): CodeIgniter\Filters\Filters->run('/search', 'before')
#4 C:\xampp\htdocs\ispy_erp\system\CodeIgniter.php(320): CodeIgniter\CodeIgniter->handleRequest(NULL, Object(Config\Cache), false)
#5 C:\xampp\htdocs\ispy_erp\index.php(37): CodeIgniter\CodeIgniter->run()
#6 {main}
CRITICAL - 2022-04-27 02:39:23 --> The action you requested is not allowed.
#0 C:\xampp\htdocs\ispy_erp\system\Security\Security.php(289): CodeIgniter\Security\Exceptions\SecurityException::forDisallowedAction()
#1 C:\xampp\htdocs\ispy_erp\system\Filters\CSRF.php(53): CodeIgniter\Security\Security->verify(Object(CodeIgniter\HTTP\IncomingRequest))
#2 C:\xampp\htdocs\ispy_erp\system\Filters\Filters.php(173): CodeIgniter\Filters\CSRF->before(Object(CodeIgniter\HTTP\IncomingRequest), NULL)
#3 C:\xampp\htdocs\ispy_erp\system\CodeIgniter.php(386): CodeIgniter\Filters\Filters->run('/search', 'before')
#4 C:\xampp\htdocs\ispy_erp\system\CodeIgniter.php(320): CodeIgniter\CodeIgniter->handleRequest(NULL, Object(Config\Cache), false)
#5 C:\xampp\htdocs\ispy_erp\index.php(37): CodeIgniter\CodeIgniter->run()
#6 {main}
CRITICAL - 2022-04-27 02:59:44 --> The action you requested is not allowed.
#0 C:\xampp\htdocs\ispy_erp\system\Security\Security.php(289): CodeIgniter\Security\Exceptions\SecurityException::forDisallowedAction()
#1 C:\xampp\htdocs\ispy_erp\system\Filters\CSRF.php(53): CodeIgniter\Security\Security->verify(Object(CodeIgniter\HTTP\IncomingRequest))
#2 C:\xampp\htdocs\ispy_erp\system\Filters\Filters.php(173): CodeIgniter\Filters\CSRF->before(Object(CodeIgniter\HTTP\IncomingRequest), NULL)
#3 C:\xampp\htdocs\ispy_erp\system\CodeIgniter.php(386): CodeIgniter\Filters\Filters->run('/search', 'before')
#4 C:\xampp\htdocs\ispy_erp\system\CodeIgniter.php(320): CodeIgniter\CodeIgniter->handleRequest(NULL, Object(Config\Cache), false)
#5 C:\xampp\htdocs\ispy_erp\index.php(37): CodeIgniter\CodeIgniter->run()
#6 {main}
CRITICAL - 2022-04-27 02:59:46 --> The action you requested is not allowed.
#0 C:\xampp\htdocs\ispy_erp\system\Security\Security.php(289): CodeIgniter\Security\Exceptions\SecurityException::forDisallowedAction()
#1 C:\xampp\htdocs\ispy_erp\system\Filters\CSRF.php(53): CodeIgniter\Security\Security->verify(Object(CodeIgniter\HTTP\IncomingRequest))
#2 C:\xampp\htdocs\ispy_erp\system\Filters\Filters.php(173): CodeIgniter\Filters\CSRF->before(Object(CodeIgniter\HTTP\IncomingRequest), NULL)
#3 C:\xampp\htdocs\ispy_erp\system\CodeIgniter.php(386): CodeIgniter\Filters\Filters->run('/search', 'before')
#4 C:\xampp\htdocs\ispy_erp\system\CodeIgniter.php(320): CodeIgniter\CodeIgniter->handleRequest(NULL, Object(Config\Cache), false)
#5 C:\xampp\htdocs\ispy_erp\index.php(37): CodeIgniter\CodeIgniter->run()
#6 {main}
CRITICAL - 2022-04-27 02:59:49 --> The action you requested is not allowed.
#0 C:\xampp\htdocs\ispy_erp\system\Security\Security.php(289): CodeIgniter\Security\Exceptions\SecurityException::forDisallowedAction()
#1 C:\xampp\htdocs\ispy_erp\system\Filters\CSRF.php(53): CodeIgniter\Security\Security->verify(Object(CodeIgniter\HTTP\IncomingRequest))
#2 C:\xampp\htdocs\ispy_erp\system\Filters\Filters.php(173): CodeIgniter\Filters\CSRF->before(Object(CodeIgniter\HTTP\IncomingRequest), NULL)
#3 C:\xampp\htdocs\ispy_erp\system\CodeIgniter.php(386): CodeIgniter\Filters\Filters->run('/search', 'before')
#4 C:\xampp\htdocs\ispy_erp\system\CodeIgniter.php(320): CodeIgniter\CodeIgniter->handleRequest(NULL, Object(Config\Cache), false)
#5 C:\xampp\htdocs\ispy_erp\index.php(37): CodeIgniter\CodeIgniter->run()
#6 {main}
CRITICAL - 2022-04-27 03:01:07 --> The action you requested is not allowed.
#0 C:\xampp\htdocs\ispy_erp\system\Security\Security.php(289): CodeIgniter\Security\Exceptions\SecurityException::forDisallowedAction()
#1 C:\xampp\htdocs\ispy_erp\system\Filters\CSRF.php(53): CodeIgniter\Security\Security->verify(Object(CodeIgniter\HTTP\IncomingRequest))
#2 C:\xampp\htdocs\ispy_erp\system\Filters\Filters.php(173): CodeIgniter\Filters\CSRF->before(Object(CodeIgniter\HTTP\IncomingRequest), NULL)
#3 C:\xampp\htdocs\ispy_erp\system\CodeIgniter.php(386): CodeIgniter\Filters\Filters->run('/search', 'before')
#4 C:\xampp\htdocs\ispy_erp\system\CodeIgniter.php(320): CodeIgniter\CodeIgniter->handleRequest(NULL, Object(Config\Cache), false)
#5 C:\xampp\htdocs\ispy_erp\index.php(37): CodeIgniter\CodeIgniter->run()
#6 {main}
CRITICAL - 2022-04-27 03:01:11 --> The action you requested is not allowed.
#0 C:\xampp\htdocs\ispy_erp\system\Security\Security.php(289): CodeIgniter\Security\Exceptions\SecurityException::forDisallowedAction()
#1 C:\xampp\htdocs\ispy_erp\system\Filters\CSRF.php(53): CodeIgniter\Security\Security->verify(Object(CodeIgniter\HTTP\IncomingRequest))
#2 C:\xampp\htdocs\ispy_erp\system\Filters\Filters.php(173): CodeIgniter\Filters\CSRF->before(Object(CodeIgniter\HTTP\IncomingRequest), NULL)
#3 C:\xampp\htdocs\ispy_erp\system\CodeIgniter.php(386): CodeIgniter\Filters\Filters->run('/search', 'before')
#4 C:\xampp\htdocs\ispy_erp\system\CodeIgniter.php(320): CodeIgniter\CodeIgniter->handleRequest(NULL, Object(Config\Cache), false)
#5 C:\xampp\htdocs\ispy_erp\index.php(37): CodeIgniter\CodeIgniter->run()
#6 {main}
CRITICAL - 2022-04-27 03:01:12 --> The action you requested is not allowed.
#0 C:\xampp\htdocs\ispy_erp\system\Security\Security.php(289): CodeIgniter\Security\Exceptions\SecurityException::forDisallowedAction()
#1 C:\xampp\htdocs\ispy_erp\system\Filters\CSRF.php(53): CodeIgniter\Security\Security->verify(Object(CodeIgniter\HTTP\IncomingRequest))
#2 C:\xampp\htdocs\ispy_erp\system\Filters\Filters.php(173): CodeIgniter\Filters\CSRF->before(Object(CodeIgniter\HTTP\IncomingRequest), NULL)
#3 C:\xampp\htdocs\ispy_erp\system\CodeIgniter.php(386): CodeIgniter\Filters\Filters->run('/search', 'before')
#4 C:\xampp\htdocs\ispy_erp\system\CodeIgniter.php(320): CodeIgniter\CodeIgniter->handleRequest(NULL, Object(Config\Cache), false)
#5 C:\xampp\htdocs\ispy_erp\index.php(37): CodeIgniter\CodeIgniter->run()
#6 {main}
CRITICAL - 2022-04-27 03:01:13 --> The action you requested is not allowed.
#0 C:\xampp\htdocs\ispy_erp\system\Security\Security.php(289): CodeIgniter\Security\Exceptions\SecurityException::forDisallowedAction()
#1 C:\xampp\htdocs\ispy_erp\system\Filters\CSRF.php(53): CodeIgniter\Security\Security->verify(Object(CodeIgniter\HTTP\IncomingRequest))
#2 C:\xampp\htdocs\ispy_erp\system\Filters\Filters.php(173): CodeIgniter\Filters\CSRF->before(Object(CodeIgniter\HTTP\IncomingRequest), NULL)
#3 C:\xampp\htdocs\ispy_erp\system\CodeIgniter.php(386): CodeIgniter\Filters\Filters->run('/search', 'before')
#4 C:\xampp\htdocs\ispy_erp\system\CodeIgniter.php(320): CodeIgniter\CodeIgniter->handleRequest(NULL, Object(Config\Cache), false)
#5 C:\xampp\htdocs\ispy_erp\index.php(37): CodeIgniter\CodeIgniter->run()
#6 {main}
CRITICAL - 2022-04-27 03:04:56 --> The action you requested is not allowed.
#0 C:\xampp\htdocs\ispy_erp\system\Security\Security.php(289): CodeIgniter\Security\Exceptions\SecurityException::forDisallowedAction()
#1 C:\xampp\htdocs\ispy_erp\system\Filters\CSRF.php(53): CodeIgniter\Security\Security->verify(Object(CodeIgniter\HTTP\IncomingRequest))
#2 C:\xampp\htdocs\ispy_erp\system\Filters\Filters.php(173): CodeIgniter\Filters\CSRF->before(Object(CodeIgniter\HTTP\IncomingRequest), NULL)
#3 C:\xampp\htdocs\ispy_erp\system\CodeIgniter.php(386): CodeIgniter\Filters\Filters->run('/search', 'before')
#4 C:\xampp\htdocs\ispy_erp\system\CodeIgniter.php(320): CodeIgniter\CodeIgniter->handleRequest(NULL, Object(Config\Cache), false)
#5 C:\xampp\htdocs\ispy_erp\index.php(37): CodeIgniter\CodeIgniter->run()
#6 {main}
CRITICAL - 2022-04-27 03:06:03 --> The action you requested is not allowed.
#0 C:\xampp\htdocs\ispy_erp\system\Security\Security.php(289): CodeIgniter\Security\Exceptions\SecurityException::forDisallowedAction()
#1 C:\xampp\htdocs\ispy_erp\system\Filters\CSRF.php(53): CodeIgniter\Security\Security->verify(Object(CodeIgniter\HTTP\IncomingRequest))
#2 C:\xampp\htdocs\ispy_erp\system\Filters\Filters.php(173): CodeIgniter\Filters\CSRF->before(Object(CodeIgniter\HTTP\IncomingRequest), NULL)
#3 C:\xampp\htdocs\ispy_erp\system\CodeIgniter.php(386): CodeIgniter\Filters\Filters->run('/search', 'before')
#4 C:\xampp\htdocs\ispy_erp\system\CodeIgniter.php(320): CodeIgniter\CodeIgniter->handleRequest(NULL, Object(Config\Cache), false)
#5 C:\xampp\htdocs\ispy_erp\index.php(37): CodeIgniter\CodeIgniter->run()
#6 {main}
CRITICAL - 2022-04-27 03:25:12 --> The action you requested is not allowed.
#0 C:\xampp\htdocs\ispy_erp\system\Security\Security.php(289): CodeIgniter\Security\Exceptions\SecurityException::forDisallowedAction()
#1 C:\xampp\htdocs\ispy_erp\system\Filters\CSRF.php(53): CodeIgniter\Security\Security->verify(Object(CodeIgniter\HTTP\IncomingRequest))
#2 C:\xampp\htdocs\ispy_erp\system\Filters\Filters.php(173): CodeIgniter\Filters\CSRF->before(Object(CodeIgniter\HTTP\IncomingRequest), NULL)
#3 C:\xampp\htdocs\ispy_erp\system\CodeIgniter.php(386): CodeIgniter\Filters\Filters->run('/search', 'before')
#4 C:\xampp\htdocs\ispy_erp\system\CodeIgniter.php(320): CodeIgniter\CodeIgniter->handleRequest(NULL, Object(Config\Cache), false)
#5 C:\xampp\htdocs\ispy_erp\index.php(37): CodeIgniter\CodeIgniter->run()
#6 {main}
CRITICAL - 2022-04-27 03:30:09 --> The action you requested is not allowed.
#0 C:\xampp\htdocs\ispy_erp\system\Security\Security.php(289): CodeIgniter\Security\Exceptions\SecurityException::forDisallowedAction()
#1 C:\xampp\htdocs\ispy_erp\system\Filters\CSRF.php(53): CodeIgniter\Security\Security->verify(Object(CodeIgniter\HTTP\IncomingRequest))
#2 C:\xampp\htdocs\ispy_erp\system\Filters\Filters.php(173): CodeIgniter\Filters\CSRF->before(Object(CodeIgniter\HTTP\IncomingRequest), NULL)
#3 C:\xampp\htdocs\ispy_erp\system\CodeIgniter.php(386): CodeIgniter\Filters\Filters->run('/search', 'before')
#4 C:\xampp\htdocs\ispy_erp\system\CodeIgniter.php(320): CodeIgniter\CodeIgniter->handleRequest(NULL, Object(Config\Cache), false)
#5 C:\xampp\htdocs\ispy_erp\index.php(37): CodeIgniter\CodeIgniter->run()
#6 {main}
CRITICAL - 2022-04-27 03:30:11 --> The action you requested is not allowed.
#0 C:\xampp\htdocs\ispy_erp\system\Security\Security.php(289): CodeIgniter\Security\Exceptions\SecurityException::forDisallowedAction()
#1 C:\xampp\htdocs\ispy_erp\system\Filters\CSRF.php(53): CodeIgniter\Security\Security->verify(Object(CodeIgniter\HTTP\IncomingRequest))
#2 C:\xampp\htdocs\ispy_erp\system\Filters\Filters.php(173): CodeIgniter\Filters\CSRF->before(Object(CodeIgniter\HTTP\IncomingRequest), NULL)
#3 C:\xampp\htdocs\ispy_erp\system\CodeIgniter.php(386): CodeIgniter\Filters\Filters->run('/search', 'before')
#4 C:\xampp\htdocs\ispy_erp\system\CodeIgniter.php(320): CodeIgniter\CodeIgniter->handleRequest(NULL, Object(Config\Cache), false)
#5 C:\xampp\htdocs\ispy_erp\index.php(37): CodeIgniter\CodeIgniter->run()
#6 {main}
CRITICAL - 2022-04-27 04:10:39 --> The action you requested is not allowed.
#0 C:\xampp\htdocs\ispy_erp\system\Security\Security.php(289): CodeIgniter\Security\Exceptions\SecurityException::forDisallowedAction()
#1 C:\xampp\htdocs\ispy_erp\system\Filters\CSRF.php(53): CodeIgniter\Security\Security->verify(Object(CodeIgniter\HTTP\IncomingRequest))
#2 C:\xampp\htdocs\ispy_erp\system\Filters\Filters.php(173): CodeIgniter\Filters\CSRF->before(Object(CodeIgniter\HTTP\IncomingRequest), NULL)
#3 C:\xampp\htdocs\ispy_erp\system\CodeIgniter.php(386): CodeIgniter\Filters\Filters->run('/search', 'before')
#4 C:\xampp\htdocs\ispy_erp\system\CodeIgniter.php(320): CodeIgniter\CodeIgniter->handleRequest(NULL, Object(Config\Cache), false)
#5 C:\xampp\htdocs\ispy_erp\index.php(37): CodeIgniter\CodeIgniter->run()
#6 {main}
CRITICAL - 2022-04-27 06:30:37 --> The action you requested is not allowed.
#0 C:\xampp\htdocs\ispy_erp\system\Security\Security.php(289): CodeIgniter\Security\Exceptions\SecurityException::forDisallowedAction()
#1 C:\xampp\htdocs\ispy_erp\system\Filters\CSRF.php(53): CodeIgniter\Security\Security->verify(Object(CodeIgniter\HTTP\IncomingRequest))
#2 C:\xampp\htdocs\ispy_erp\system\Filters\Filters.php(173): CodeIgniter\Filters\CSRF->before(Object(CodeIgniter\HTTP\IncomingRequest), NULL)
#3 C:\xampp\htdocs\ispy_erp\system\CodeIgniter.php(386): CodeIgniter\Filters\Filters->run('/search', 'before')
#4 C:\xampp\htdocs\ispy_erp\system\CodeIgniter.php(320): CodeIgniter\CodeIgniter->handleRequest(NULL, Object(Config\Cache), false)
#5 C:\xampp\htdocs\ispy_erp\index.php(37): CodeIgniter\CodeIgniter->run()
#6 {main}
CRITICAL - 2022-04-27 06:30:40 --> The action you requested is not allowed.
#0 C:\xampp\htdocs\ispy_erp\system\Security\Security.php(289): CodeIgniter\Security\Exceptions\SecurityException::forDisallowedAction()
#1 C:\xampp\htdocs\ispy_erp\system\Filters\CSRF.php(53): CodeIgniter\Security\Security->verify(Object(CodeIgniter\HTTP\IncomingRequest))
#2 C:\xampp\htdocs\ispy_erp\system\Filters\Filters.php(173): CodeIgniter\Filters\CSRF->before(Object(CodeIgniter\HTTP\IncomingRequest), NULL)
#3 C:\xampp\htdocs\ispy_erp\system\CodeIgniter.php(386): CodeIgniter\Filters\Filters->run('/search', 'before')
#4 C:\xampp\htdocs\ispy_erp\system\CodeIgniter.php(320): CodeIgniter\CodeIgniter->handleRequest(NULL, Object(Config\Cache), false)
#5 C:\xampp\htdocs\ispy_erp\index.php(37): CodeIgniter\CodeIgniter->run()
#6 {main}
CRITICAL - 2022-04-27 06:30:43 --> Invalid argument supplied for foreach()
#0 C:\xampp\htdocs\ispy_erp\app\Views\admin_template\quality\returns.php(54): CodeIgniter\Debug\Exceptions->errorHandler(2, 'Invalid argumen...', 'C:\\xampp\\htdocs...', 54, Array)
#1 C:\xampp\htdocs\ispy_erp\system\View\View.php(210): include('C:\\xampp\\htdocs...')
#2 C:\xampp\htdocs\ispy_erp\system\View\View.php(213): CodeIgniter\View\View->CodeIgniter\View\{closure}()
#3 C:\xampp\htdocs\ispy_erp\system\Common.php(1089): CodeIgniter\View\View->render('admin_template/...', Array, true)
#4 C:\xampp\htdocs\ispy_erp\app\Controllers\ReturnsController.php(43): view('admin_template/...', Array)
#5 C:\xampp\htdocs\ispy_erp\system\CodeIgniter.php(825): App\Controllers\ReturnsController->save()
#6 C:\xampp\htdocs\ispy_erp\system\CodeIgniter.php(412): CodeIgniter\CodeIgniter->runController(Object(App\Controllers\ReturnsController))
#7 C:\xampp\htdocs\ispy_erp\system\CodeIgniter.php(320): CodeIgniter\CodeIgniter->handleRequest(NULL, Object(Config\Cache), false)
#8 C:\xampp\htdocs\ispy_erp\index.php(37): CodeIgniter\CodeIgniter->run()
#9 {main}
CRITICAL - 2022-04-27 06:31:20 --> The action you requested is not allowed.
#0 C:\xampp\htdocs\ispy_erp\system\Security\Security.php(289): CodeIgniter\Security\Exceptions\SecurityException::forDisallowedAction()
#1 C:\xampp\htdocs\ispy_erp\system\Filters\CSRF.php(53): CodeIgniter\Security\Security->verify(Object(CodeIgniter\HTTP\IncomingRequest))
#2 C:\xampp\htdocs\ispy_erp\system\Filters\Filters.php(173): CodeIgniter\Filters\CSRF->before(Object(CodeIgniter\HTTP\IncomingRequest), NULL)
#3 C:\xampp\htdocs\ispy_erp\system\CodeIgniter.php(386): CodeIgniter\Filters\Filters->run('/search', 'before')
#4 C:\xampp\htdocs\ispy_erp\system\CodeIgniter.php(320): CodeIgniter\CodeIgniter->handleRequest(NULL, Object(Config\Cache), false)
#5 C:\xampp\htdocs\ispy_erp\index.php(37): CodeIgniter\CodeIgniter->run()
#6 {main}
CRITICAL - 2022-04-27 06:34:50 --> The action you requested is not allowed.
#0 C:\xampp\htdocs\ispy_erp\system\Security\Security.php(289): CodeIgniter\Security\Exceptions\SecurityException::forDisallowedAction()
#1 C:\xampp\htdocs\ispy_erp\system\Filters\CSRF.php(53): CodeIgniter\Security\Security->verify(Object(CodeIgniter\HTTP\IncomingRequest))
#2 C:\xampp\htdocs\ispy_erp\system\Filters\Filters.php(173): CodeIgniter\Filters\CSRF->before(Object(CodeIgniter\HTTP\IncomingRequest), NULL)
#3 C:\xampp\htdocs\ispy_erp\system\CodeIgniter.php(386): CodeIgniter\Filters\Filters->run('/search', 'before')
#4 C:\xampp\htdocs\ispy_erp\system\CodeIgniter.php(320): CodeIgniter\CodeIgniter->handleRequest(NULL, Object(Config\Cache), false)
#5 C:\xampp\htdocs\ispy_erp\index.php(37): CodeIgniter\CodeIgniter->run()
#6 {main}
CRITICAL - 2022-04-27 06:34:53 --> The action you requested is not allowed.
#0 C:\xampp\htdocs\ispy_erp\system\Security\Security.php(289): CodeIgniter\Security\Exceptions\SecurityException::forDisallowedAction()
#1 C:\xampp\htdocs\ispy_erp\system\Filters\CSRF.php(53): CodeIgniter\Security\Security->verify(Object(CodeIgniter\HTTP\IncomingRequest))
#2 C:\xampp\htdocs\ispy_erp\system\Filters\Filters.php(173): CodeIgniter\Filters\CSRF->before(Object(CodeIgniter\HTTP\IncomingRequest), NULL)
#3 C:\xampp\htdocs\ispy_erp\system\CodeIgniter.php(386): CodeIgniter\Filters\Filters->run('/search', 'before')
#4 C:\xampp\htdocs\ispy_erp\system\CodeIgniter.php(320): CodeIgniter\CodeIgniter->handleRequest(NULL, Object(Config\Cache), false)
#5 C:\xampp\htdocs\ispy_erp\index.php(37): CodeIgniter\CodeIgniter->run()
#6 {main}
CRITICAL - 2022-04-27 06:34:59 --> The action you requested is not allowed.
#0 C:\xampp\htdocs\ispy_erp\system\Security\Security.php(289): CodeIgniter\Security\Exceptions\SecurityException::forDisallowedAction()
#1 C:\xampp\htdocs\ispy_erp\system\Filters\CSRF.php(53): CodeIgniter\Security\Security->verify(Object(CodeIgniter\HTTP\IncomingRequest))
#2 C:\xampp\htdocs\ispy_erp\system\Filters\Filters.php(173): CodeIgniter\Filters\CSRF->before(Object(CodeIgniter\HTTP\IncomingRequest), NULL)
#3 C:\xampp\htdocs\ispy_erp\system\CodeIgniter.php(386): CodeIgniter\Filters\Filters->run('/search', 'before')
#4 C:\xampp\htdocs\ispy_erp\system\CodeIgniter.php(320): CodeIgniter\CodeIgniter->handleRequest(NULL, Object(Config\Cache), false)
#5 C:\xampp\htdocs\ispy_erp\index.php(37): CodeIgniter\CodeIgniter->run()
#6 {main}
CRITICAL - 2022-04-27 06:53:47 --> The action you requested is not allowed.
#0 C:\xampp\htdocs\ispy_erp\system\Security\Security.php(289): CodeIgniter\Security\Exceptions\SecurityException::forDisallowedAction()
#1 C:\xampp\htdocs\ispy_erp\system\Filters\CSRF.php(53): CodeIgniter\Security\Security->verify(Object(CodeIgniter\HTTP\IncomingRequest))
#2 C:\xampp\htdocs\ispy_erp\system\Filters\Filters.php(173): CodeIgniter\Filters\CSRF->before(Object(CodeIgniter\HTTP\IncomingRequest), NULL)
#3 C:\xampp\htdocs\ispy_erp\system\CodeIgniter.php(386): CodeIgniter\Filters\Filters->run('/search', 'before')
#4 C:\xampp\htdocs\ispy_erp\system\CodeIgniter.php(320): CodeIgniter\CodeIgniter->handleRequest(NULL, Object(Config\Cache), false)
#5 C:\xampp\htdocs\ispy_erp\index.php(37): CodeIgniter\CodeIgniter->run()
#6 {main}
CRITICAL - 2022-04-27 06:53:49 --> The action you requested is not allowed.
#0 C:\xampp\htdocs\ispy_erp\system\Security\Security.php(289): CodeIgniter\Security\Exceptions\SecurityException::forDisallowedAction()
#1 C:\xampp\htdocs\ispy_erp\system\Filters\CSRF.php(53): CodeIgniter\Security\Security->verify(Object(CodeIgniter\HTTP\IncomingRequest))
#2 C:\xampp\htdocs\ispy_erp\system\Filters\Filters.php(173): CodeIgniter\Filters\CSRF->before(Object(CodeIgniter\HTTP\IncomingRequest), NULL)
#3 C:\xampp\htdocs\ispy_erp\system\CodeIgniter.php(386): CodeIgniter\Filters\Filters->run('/search', 'before')
#4 C:\xampp\htdocs\ispy_erp\system\CodeIgniter.php(320): CodeIgniter\CodeIgniter->handleRequest(NULL, Object(Config\Cache), false)
#5 C:\xampp\htdocs\ispy_erp\index.php(37): CodeIgniter\CodeIgniter->run()
#6 {main}
CRITICAL - 2022-04-27 06:53:51 --> The action you requested is not allowed.
#0 C:\xampp\htdocs\ispy_erp\system\Security\Security.php(289): CodeIgniter\Security\Exceptions\SecurityException::forDisallowedAction()
#1 C:\xampp\htdocs\ispy_erp\system\Filters\CSRF.php(53): CodeIgniter\Security\Security->verify(Object(CodeIgniter\HTTP\IncomingRequest))
#2 C:\xampp\htdocs\ispy_erp\system\Filters\Filters.php(173): CodeIgniter\Filters\CSRF->before(Object(CodeIgniter\HTTP\IncomingRequest), NULL)
#3 C:\xampp\htdocs\ispy_erp\system\CodeIgniter.php(386): CodeIgniter\Filters\Filters->run('/search', 'before')
#4 C:\xampp\htdocs\ispy_erp\system\CodeIgniter.php(320): CodeIgniter\CodeIgniter->handleRequest(NULL, Object(Config\Cache), false)
#5 C:\xampp\htdocs\ispy_erp\index.php(37): CodeIgniter\CodeIgniter->run()
#6 {main}
CRITICAL - 2022-04-27 06:53:53 --> The action you requested is not allowed.
#0 C:\xampp\htdocs\ispy_erp\system\Security\Security.php(289): CodeIgniter\Security\Exceptions\SecurityException::forDisallowedAction()
#1 C:\xampp\htdocs\ispy_erp\system\Filters\CSRF.php(53): CodeIgniter\Security\Security->verify(Object(CodeIgniter\HTTP\IncomingRequest))
#2 C:\xampp\htdocs\ispy_erp\system\Filters\Filters.php(173): CodeIgniter\Filters\CSRF->before(Object(CodeIgniter\HTTP\IncomingRequest), NULL)
#3 C:\xampp\htdocs\ispy_erp\system\CodeIgniter.php(386): CodeIgniter\Filters\Filters->run('/search', 'before')
#4 C:\xampp\htdocs\ispy_erp\system\CodeIgniter.php(320): CodeIgniter\CodeIgniter->handleRequest(NULL, Object(Config\Cache), false)
#5 C:\xampp\htdocs\ispy_erp\index.php(37): CodeIgniter\CodeIgniter->run()
#6 {main}
CRITICAL - 2022-04-27 06:53:55 --> The action you requested is not allowed.
#0 C:\xampp\htdocs\ispy_erp\system\Security\Security.php(289): CodeIgniter\Security\Exceptions\SecurityException::forDisallowedAction()
#1 C:\xampp\htdocs\ispy_erp\system\Filters\CSRF.php(53): CodeIgniter\Security\Security->verify(Object(CodeIgniter\HTTP\IncomingRequest))
#2 C:\xampp\htdocs\ispy_erp\system\Filters\Filters.php(173): CodeIgniter\Filters\CSRF->before(Object(CodeIgniter\HTTP\IncomingRequest), NULL)
#3 C:\xampp\htdocs\ispy_erp\system\CodeIgniter.php(386): CodeIgniter\Filters\Filters->run('/search', 'before')
#4 C:\xampp\htdocs\ispy_erp\system\CodeIgniter.php(320): CodeIgniter\CodeIgniter->handleRequest(NULL, Object(Config\Cache), false)
#5 C:\xampp\htdocs\ispy_erp\index.php(37): CodeIgniter\CodeIgniter->run()
#6 {main}
CRITICAL - 2022-04-27 06:54:01 --> The action you requested is not allowed.
#0 C:\xampp\htdocs\ispy_erp\system\Security\Security.php(289): CodeIgniter\Security\Exceptions\SecurityException::forDisallowedAction()
#1 C:\xampp\htdocs\ispy_erp\system\Filters\CSRF.php(53): CodeIgniter\Security\Security->verify(Object(CodeIgniter\HTTP\IncomingRequest))
#2 C:\xampp\htdocs\ispy_erp\system\Filters\Filters.php(173): CodeIgniter\Filters\CSRF->before(Object(CodeIgniter\HTTP\IncomingRequest), NULL)
#3 C:\xampp\htdocs\ispy_erp\system\CodeIgniter.php(386): CodeIgniter\Filters\Filters->run('/search', 'before')
#4 C:\xampp\htdocs\ispy_erp\system\CodeIgniter.php(320): CodeIgniter\CodeIgniter->handleRequest(NULL, Object(Config\Cache), false)
#5 C:\xampp\htdocs\ispy_erp\index.php(37): CodeIgniter\CodeIgniter->run()
#6 {main}
CRITICAL - 2022-04-27 07:13:02 --> The action you requested is not allowed.
#0 C:\xampp\htdocs\ispy_erp\system\Security\Security.php(289): CodeIgniter\Security\Exceptions\SecurityException::forDisallowedAction()
#1 C:\xampp\htdocs\ispy_erp\system\Filters\CSRF.php(53): CodeIgniter\Security\Security->verify(Object(CodeIgniter\HTTP\IncomingRequest))
#2 C:\xampp\htdocs\ispy_erp\system\Filters\Filters.php(173): CodeIgniter\Filters\CSRF->before(Object(CodeIgniter\HTTP\IncomingRequest), NULL)
#3 C:\xampp\htdocs\ispy_erp\system\CodeIgniter.php(386): CodeIgniter\Filters\Filters->run('/search', 'before')
#4 C:\xampp\htdocs\ispy_erp\system\CodeIgniter.php(320): CodeIgniter\CodeIgniter->handleRequest(NULL, Object(Config\Cache), false)
#5 C:\xampp\htdocs\ispy_erp\index.php(37): CodeIgniter\CodeIgniter->run()
#6 {main}
CRITICAL - 2022-04-27 07:15:18 --> The action you requested is not allowed.
#0 C:\xampp\htdocs\ispy_erp\system\Security\Security.php(289): CodeIgniter\Security\Exceptions\SecurityException::forDisallowedAction()
#1 C:\xampp\htdocs\ispy_erp\system\Filters\CSRF.php(53): CodeIgniter\Security\Security->verify(Object(CodeIgniter\HTTP\IncomingRequest))
#2 C:\xampp\htdocs\ispy_erp\system\Filters\Filters.php(173): CodeIgniter\Filters\CSRF->before(Object(CodeIgniter\HTTP\IncomingRequest), NULL)
#3 C:\xampp\htdocs\ispy_erp\system\CodeIgniter.php(386): CodeIgniter\Filters\Filters->run('/search', 'before')
#4 C:\xampp\htdocs\ispy_erp\system\CodeIgniter.php(320): CodeIgniter\CodeIgniter->handleRequest(NULL, Object(Config\Cache), false)
#5 C:\xampp\htdocs\ispy_erp\index.php(37): CodeIgniter\CodeIgniter->run()
#6 {main}
CRITICAL - 2022-04-27 07:15:31 --> The action you requested is not allowed.
#0 C:\xampp\htdocs\ispy_erp\system\Security\Security.php(289): CodeIgniter\Security\Exceptions\SecurityException::forDisallowedAction()
#1 C:\xampp\htdocs\ispy_erp\system\Filters\CSRF.php(53): CodeIgniter\Security\Security->verify(Object(CodeIgniter\HTTP\IncomingRequest))
#2 C:\xampp\htdocs\ispy_erp\system\Filters\Filters.php(173): CodeIgniter\Filters\CSRF->before(Object(CodeIgniter\HTTP\IncomingRequest), NULL)
#3 C:\xampp\htdocs\ispy_erp\system\CodeIgniter.php(386): CodeIgniter\Filters\Filters->run('/search', 'before')
#4 C:\xampp\htdocs\ispy_erp\system\CodeIgniter.php(320): CodeIgniter\CodeIgniter->handleRequest(NULL, Object(Config\Cache), false)
#5 C:\xampp\htdocs\ispy_erp\index.php(37): CodeIgniter\CodeIgniter->run()
#6 {main}
CRITICAL - 2022-04-27 07:15:35 --> The action you requested is not allowed.
#0 C:\xampp\htdocs\ispy_erp\system\Security\Security.php(289): CodeIgniter\Security\Exceptions\SecurityException::forDisallowedAction()
#1 C:\xampp\htdocs\ispy_erp\system\Filters\CSRF.php(53): CodeIgniter\Security\Security->verify(Object(CodeIgniter\HTTP\IncomingRequest))
#2 C:\xampp\htdocs\ispy_erp\system\Filters\Filters.php(173): CodeIgniter\Filters\CSRF->before(Object(CodeIgniter\HTTP\IncomingRequest), NULL)
#3 C:\xampp\htdocs\ispy_erp\system\CodeIgniter.php(386): CodeIgniter\Filters\Filters->run('/search', 'before')
#4 C:\xampp\htdocs\ispy_erp\system\CodeIgniter.php(320): CodeIgniter\CodeIgniter->handleRequest(NULL, Object(Config\Cache), false)
#5 C:\xampp\htdocs\ispy_erp\index.php(37): CodeIgniter\CodeIgniter->run()
#6 {main}
CRITICAL - 2022-04-27 07:15:36 --> The action you requested is not allowed.
#0 C:\xampp\htdocs\ispy_erp\system\Security\Security.php(289): CodeIgniter\Security\Exceptions\SecurityException::forDisallowedAction()
#1 C:\xampp\htdocs\ispy_erp\system\Filters\CSRF.php(53): CodeIgniter\Security\Security->verify(Object(CodeIgniter\HTTP\IncomingRequest))
#2 C:\xampp\htdocs\ispy_erp\system\Filters\Filters.php(173): CodeIgniter\Filters\CSRF->before(Object(CodeIgniter\HTTP\IncomingRequest), NULL)
#3 C:\xampp\htdocs\ispy_erp\system\CodeIgniter.php(386): CodeIgniter\Filters\Filters->run('/search', 'before')
#4 C:\xampp\htdocs\ispy_erp\system\CodeIgniter.php(320): CodeIgniter\CodeIgniter->handleRequest(NULL, Object(Config\Cache), false)
#5 C:\xampp\htdocs\ispy_erp\index.php(37): CodeIgniter\CodeIgniter->run()
#6 {main}
CRITICAL - 2022-04-27 07:15:37 --> The action you requested is not allowed.
#0 C:\xampp\htdocs\ispy_erp\system\Security\Security.php(289): CodeIgniter\Security\Exceptions\SecurityException::forDisallowedAction()
#1 C:\xampp\htdocs\ispy_erp\system\Filters\CSRF.php(53): CodeIgniter\Security\Security->verify(Object(CodeIgniter\HTTP\IncomingRequest))
#2 C:\xampp\htdocs\ispy_erp\system\Filters\Filters.php(173): CodeIgniter\Filters\CSRF->before(Object(CodeIgniter\HTTP\IncomingRequest), NULL)
#3 C:\xampp\htdocs\ispy_erp\system\CodeIgniter.php(386): CodeIgniter\Filters\Filters->run('/search', 'before')
#4 C:\xampp\htdocs\ispy_erp\system\CodeIgniter.php(320): CodeIgniter\CodeIgniter->handleRequest(NULL, Object(Config\Cache), false)
#5 C:\xampp\htdocs\ispy_erp\index.php(37): CodeIgniter\CodeIgniter->run()
#6 {main}
CRITICAL - 2022-04-27 07:15:54 --> The action you requested is not allowed.
#0 C:\xampp\htdocs\ispy_erp\system\Security\Security.php(289): CodeIgniter\Security\Exceptions\SecurityException::forDisallowedAction()
#1 C:\xampp\htdocs\ispy_erp\system\Filters\CSRF.php(53): CodeIgniter\Security\Security->verify(Object(CodeIgniter\HTTP\IncomingRequest))
#2 C:\xampp\htdocs\ispy_erp\system\Filters\Filters.php(173): CodeIgniter\Filters\CSRF->before(Object(CodeIgniter\HTTP\IncomingRequest), NULL)
#3 C:\xampp\htdocs\ispy_erp\system\CodeIgniter.php(386): CodeIgniter\Filters\Filters->run('/search', 'before')
#4 C:\xampp\htdocs\ispy_erp\system\CodeIgniter.php(320): CodeIgniter\CodeIgniter->handleRequest(NULL, Object(Config\Cache), false)
#5 C:\xampp\htdocs\ispy_erp\index.php(37): CodeIgniter\CodeIgniter->run()
#6 {main}
CRITICAL - 2022-04-27 07:15:55 --> The action you requested is not allowed.
#0 C:\xampp\htdocs\ispy_erp\system\Security\Security.php(289): CodeIgniter\Security\Exceptions\SecurityException::forDisallowedAction()
#1 C:\xampp\htdocs\ispy_erp\system\Filters\CSRF.php(53): CodeIgniter\Security\Security->verify(Object(CodeIgniter\HTTP\IncomingRequest))
#2 C:\xampp\htdocs\ispy_erp\system\Filters\Filters.php(173): CodeIgniter\Filters\CSRF->before(Object(CodeIgniter\HTTP\IncomingRequest), NULL)
#3 C:\xampp\htdocs\ispy_erp\system\CodeIgniter.php(386): CodeIgniter\Filters\Filters->run('/search', 'before')
#4 C:\xampp\htdocs\ispy_erp\system\CodeIgniter.php(320): CodeIgniter\CodeIgniter->handleRequest(NULL, Object(Config\Cache), false)
#5 C:\xampp\htdocs\ispy_erp\index.php(37): CodeIgniter\CodeIgniter->run()
#6 {main}
CRITICAL - 2022-04-27 07:16:16 --> The action you requested is not allowed.
#0 C:\xampp\htdocs\ispy_erp\system\Security\Security.php(289): CodeIgniter\Security\Exceptions\SecurityException::forDisallowedAction()
#1 C:\xampp\htdocs\ispy_erp\system\Filters\CSRF.php(53): CodeIgniter\Security\Security->verify(Object(CodeIgniter\HTTP\IncomingRequest))
#2 C:\xampp\htdocs\ispy_erp\system\Filters\Filters.php(173): CodeIgniter\Filters\CSRF->before(Object(CodeIgniter\HTTP\IncomingRequest), NULL)
#3 C:\xampp\htdocs\ispy_erp\system\CodeIgniter.php(386): CodeIgniter\Filters\Filters->run('/search', 'before')
#4 C:\xampp\htdocs\ispy_erp\system\CodeIgniter.php(320): CodeIgniter\CodeIgniter->handleRequest(NULL, Object(Config\Cache), false)
#5 C:\xampp\htdocs\ispy_erp\index.php(37): CodeIgniter\CodeIgniter->run()
#6 {main}
CRITICAL - 2022-04-27 07:16:17 --> The action you requested is not allowed.
#0 C:\xampp\htdocs\ispy_erp\system\Security\Security.php(289): CodeIgniter\Security\Exceptions\SecurityException::forDisallowedAction()
#1 C:\xampp\htdocs\ispy_erp\system\Filters\CSRF.php(53): CodeIgniter\Security\Security->verify(Object(CodeIgniter\HTTP\IncomingRequest))
#2 C:\xampp\htdocs\ispy_erp\system\Filters\Filters.php(173): CodeIgniter\Filters\CSRF->before(Object(CodeIgniter\HTTP\IncomingRequest), NULL)
#3 C:\xampp\htdocs\ispy_erp\system\CodeIgniter.php(386): CodeIgniter\Filters\Filters->run('/search', 'before')
#4 C:\xampp\htdocs\ispy_erp\system\CodeIgniter.php(320): CodeIgniter\CodeIgniter->handleRequest(NULL, Object(Config\Cache), false)
#5 C:\xampp\htdocs\ispy_erp\index.php(37): CodeIgniter\CodeIgniter->run()
#6 {main}
CRITICAL - 2022-04-27 07:16:50 --> The action you requested is not allowed.
#0 C:\xampp\htdocs\ispy_erp\system\Security\Security.php(289): CodeIgniter\Security\Exceptions\SecurityException::forDisallowedAction()
#1 C:\xampp\htdocs\ispy_erp\system\Filters\CSRF.php(53): CodeIgniter\Security\Security->verify(Object(CodeIgniter\HTTP\IncomingRequest))
#2 C:\xampp\htdocs\ispy_erp\system\Filters\Filters.php(173): CodeIgniter\Filters\CSRF->before(Object(CodeIgniter\HTTP\IncomingRequest), NULL)
#3 C:\xampp\htdocs\ispy_erp\system\CodeIgniter.php(386): CodeIgniter\Filters\Filters->run('/search', 'before')
#4 C:\xampp\htdocs\ispy_erp\system\CodeIgniter.php(320): CodeIgniter\CodeIgniter->handleRequest(NULL, Object(Config\Cache), false)
#5 C:\xampp\htdocs\ispy_erp\index.php(37): CodeIgniter\CodeIgniter->run()
#6 {main}
CRITICAL - 2022-04-27 07:16:52 --> The action you requested is not allowed.
#0 C:\xampp\htdocs\ispy_erp\system\Security\Security.php(289): CodeIgniter\Security\Exceptions\SecurityException::forDisallowedAction()
#1 C:\xampp\htdocs\ispy_erp\system\Filters\CSRF.php(53): CodeIgniter\Security\Security->verify(Object(CodeIgniter\HTTP\IncomingRequest))
#2 C:\xampp\htdocs\ispy_erp\system\Filters\Filters.php(173): CodeIgniter\Filters\CSRF->before(Object(CodeIgniter\HTTP\IncomingRequest), NULL)
#3 C:\xampp\htdocs\ispy_erp\system\CodeIgniter.php(386): CodeIgniter\Filters\Filters->run('/search', 'before')
#4 C:\xampp\htdocs\ispy_erp\system\CodeIgniter.php(320): CodeIgniter\CodeIgniter->handleRequest(NULL, Object(Config\Cache), false)
#5 C:\xampp\htdocs\ispy_erp\index.php(37): CodeIgniter\CodeIgniter->run()
#6 {main}
CRITICAL - 2022-04-27 07:17:07 --> The action you requested is not allowed.
#0 C:\xampp\htdocs\ispy_erp\system\Security\Security.php(289): CodeIgniter\Security\Exceptions\SecurityException::forDisallowedAction()
#1 C:\xampp\htdocs\ispy_erp\system\Filters\CSRF.php(53): CodeIgniter\Security\Security->verify(Object(CodeIgniter\HTTP\IncomingRequest))
#2 C:\xampp\htdocs\ispy_erp\system\Filters\Filters.php(173): CodeIgniter\Filters\CSRF->before(Object(CodeIgniter\HTTP\IncomingRequest), NULL)
#3 C:\xampp\htdocs\ispy_erp\system\CodeIgniter.php(386): CodeIgniter\Filters\Filters->run('/search', 'before')
#4 C:\xampp\htdocs\ispy_erp\system\CodeIgniter.php(320): CodeIgniter\CodeIgniter->handleRequest(NULL, Object(Config\Cache), false)
#5 C:\xampp\htdocs\ispy_erp\index.php(37): CodeIgniter\CodeIgniter->run()
#6 {main}
CRITICAL - 2022-04-27 07:20:49 --> The action you requested is not allowed.
#0 C:\xampp\htdocs\ispy_erp\system\Security\Security.php(289): CodeIgniter\Security\Exceptions\SecurityException::forDisallowedAction()
#1 C:\xampp\htdocs\ispy_erp\system\Filters\CSRF.php(53): CodeIgniter\Security\Security->verify(Object(CodeIgniter\HTTP\IncomingRequest))
#2 C:\xampp\htdocs\ispy_erp\system\Filters\Filters.php(173): CodeIgniter\Filters\CSRF->before(Object(CodeIgniter\HTTP\IncomingRequest), NULL)
#3 C:\xampp\htdocs\ispy_erp\system\CodeIgniter.php(386): CodeIgniter\Filters\Filters->run('/search', 'before')
#4 C:\xampp\htdocs\ispy_erp\system\CodeIgniter.php(320): CodeIgniter\CodeIgniter->handleRequest(NULL, Object(Config\Cache), false)
#5 C:\xampp\htdocs\ispy_erp\index.php(37): CodeIgniter\CodeIgniter->run()
#6 {main}
CRITICAL - 2022-04-27 07:21:02 --> The action you requested is not allowed.
#0 C:\xampp\htdocs\ispy_erp\system\Security\Security.php(289): CodeIgniter\Security\Exceptions\SecurityException::forDisallowedAction()
#1 C:\xampp\htdocs\ispy_erp\system\Filters\CSRF.php(53): CodeIgniter\Security\Security->verify(Object(CodeIgniter\HTTP\IncomingRequest))
#2 C:\xampp\htdocs\ispy_erp\system\Filters\Filters.php(173): CodeIgniter\Filters\CSRF->before(Object(CodeIgniter\HTTP\IncomingRequest), NULL)
#3 C:\xampp\htdocs\ispy_erp\system\CodeIgniter.php(386): CodeIgniter\Filters\Filters->run('/search', 'before')
#4 C:\xampp\htdocs\ispy_erp\system\CodeIgniter.php(320): CodeIgniter\CodeIgniter->handleRequest(NULL, Object(Config\Cache), false)
#5 C:\xampp\htdocs\ispy_erp\index.php(37): CodeIgniter\CodeIgniter->run()
#6 {main}
CRITICAL - 2022-04-27 07:31:17 --> The action you requested is not allowed.
#0 C:\xampp\htdocs\ispy_erp\system\Security\Security.php(289): CodeIgniter\Security\Exceptions\SecurityException::forDisallowedAction()
#1 C:\xampp\htdocs\ispy_erp\system\Filters\CSRF.php(53): CodeIgniter\Security\Security->verify(Object(CodeIgniter\HTTP\IncomingRequest))
#2 C:\xampp\htdocs\ispy_erp\system\Filters\Filters.php(173): CodeIgniter\Filters\CSRF->before(Object(CodeIgniter\HTTP\IncomingRequest), NULL)
#3 C:\xampp\htdocs\ispy_erp\system\CodeIgniter.php(386): CodeIgniter\Filters\Filters->run('/search', 'before')
#4 C:\xampp\htdocs\ispy_erp\system\CodeIgniter.php(320): CodeIgniter\CodeIgniter->handleRequest(NULL, Object(Config\Cache), false)
#5 C:\xampp\htdocs\ispy_erp\index.php(37): CodeIgniter\CodeIgniter->run()
#6 {main}
CRITICAL - 2022-04-27 07:35:06 --> The action you requested is not allowed.
#0 C:\xampp\htdocs\ispy_erp\system\Security\Security.php(289): CodeIgniter\Security\Exceptions\SecurityException::forDisallowedAction()
#1 C:\xampp\htdocs\ispy_erp\system\Filters\CSRF.php(53): CodeIgniter\Security\Security->verify(Object(CodeIgniter\HTTP\IncomingRequest))
#2 C:\xampp\htdocs\ispy_erp\system\Filters\Filters.php(173): CodeIgniter\Filters\CSRF->before(Object(CodeIgniter\HTTP\IncomingRequest), NULL)
#3 C:\xampp\htdocs\ispy_erp\system\CodeIgniter.php(386): CodeIgniter\Filters\Filters->run('/search', 'before')
#4 C:\xampp\htdocs\ispy_erp\system\CodeIgniter.php(320): CodeIgniter\CodeIgniter->handleRequest(NULL, Object(Config\Cache), false)
#5 C:\xampp\htdocs\ispy_erp\index.php(37): CodeIgniter\CodeIgniter->run()
#6 {main}
CRITICAL - 2022-04-27 07:35:18 --> The action you requested is not allowed.
#0 C:\xampp\htdocs\ispy_erp\system\Security\Security.php(289): CodeIgniter\Security\Exceptions\SecurityException::forDisallowedAction()
#1 C:\xampp\htdocs\ispy_erp\system\Filters\CSRF.php(53): CodeIgniter\Security\Security->verify(Object(CodeIgniter\HTTP\IncomingRequest))
#2 C:\xampp\htdocs\ispy_erp\system\Filters\Filters.php(173): CodeIgniter\Filters\CSRF->before(Object(CodeIgniter\HTTP\IncomingRequest), NULL)
#3 C:\xampp\htdocs\ispy_erp\system\CodeIgniter.php(386): CodeIgniter\Filters\Filters->run('/search', 'before')
#4 C:\xampp\htdocs\ispy_erp\system\CodeIgniter.php(320): CodeIgniter\CodeIgniter->handleRequest(NULL, Object(Config\Cache), false)
#5 C:\xampp\htdocs\ispy_erp\index.php(37): CodeIgniter\CodeIgniter->run()
#6 {main}
CRITICAL - 2022-04-27 07:35:34 --> The action you requested is not allowed.
#0 C:\xampp\htdocs\ispy_erp\system\Security\Security.php(289): CodeIgniter\Security\Exceptions\SecurityException::forDisallowedAction()
#1 C:\xampp\htdocs\ispy_erp\system\Filters\CSRF.php(53): CodeIgniter\Security\Security->verify(Object(CodeIgniter\HTTP\IncomingRequest))
#2 C:\xampp\htdocs\ispy_erp\system\Filters\Filters.php(173): CodeIgniter\Filters\CSRF->before(Object(CodeIgniter\HTTP\IncomingRequest), NULL)
#3 C:\xampp\htdocs\ispy_erp\system\CodeIgniter.php(386): CodeIgniter\Filters\Filters->run('/search', 'before')
#4 C:\xampp\htdocs\ispy_erp\system\CodeIgniter.php(320): CodeIgniter\CodeIgniter->handleRequest(NULL, Object(Config\Cache), false)
#5 C:\xampp\htdocs\ispy_erp\index.php(37): CodeIgniter\CodeIgniter->run()
#6 {main}
CRITICAL - 2022-04-27 07:36:38 --> The action you requested is not allowed.
#0 C:\xampp\htdocs\ispy_erp\system\Security\Security.php(289): CodeIgniter\Security\Exceptions\SecurityException::forDisallowedAction()
#1 C:\xampp\htdocs\ispy_erp\system\Filters\CSRF.php(53): CodeIgniter\Security\Security->verify(Object(CodeIgniter\HTTP\IncomingRequest))
#2 C:\xampp\htdocs\ispy_erp\system\Filters\Filters.php(173): CodeIgniter\Filters\CSRF->before(Object(CodeIgniter\HTTP\IncomingRequest), NULL)
#3 C:\xampp\htdocs\ispy_erp\system\CodeIgniter.php(386): CodeIgniter\Filters\Filters->run('/search', 'before')
#4 C:\xampp\htdocs\ispy_erp\system\CodeIgniter.php(320): CodeIgniter\CodeIgniter->handleRequest(NULL, Object(Config\Cache), false)
#5 C:\xampp\htdocs\ispy_erp\index.php(37): CodeIgniter\CodeIgniter->run()
#6 {main}
CRITICAL - 2022-04-27 07:36:45 --> The action you requested is not allowed.
#0 C:\xampp\htdocs\ispy_erp\system\Security\Security.php(289): CodeIgniter\Security\Exceptions\SecurityException::forDisallowedAction()
#1 C:\xampp\htdocs\ispy_erp\system\Filters\CSRF.php(53): CodeIgniter\Security\Security->verify(Object(CodeIgniter\HTTP\IncomingRequest))
#2 C:\xampp\htdocs\ispy_erp\system\Filters\Filters.php(173): CodeIgniter\Filters\CSRF->before(Object(CodeIgniter\HTTP\IncomingRequest), NULL)
#3 C:\xampp\htdocs\ispy_erp\system\CodeIgniter.php(386): CodeIgniter\Filters\Filters->run('/search', 'before')
#4 C:\xampp\htdocs\ispy_erp\system\CodeIgniter.php(320): CodeIgniter\CodeIgniter->handleRequest(NULL, Object(Config\Cache), false)
#5 C:\xampp\htdocs\ispy_erp\index.php(37): CodeIgniter\CodeIgniter->run()
#6 {main}
CRITICAL - 2022-04-27 07:36:50 --> The action you requested is not allowed.
#0 C:\xampp\htdocs\ispy_erp\system\Security\Security.php(289): CodeIgniter\Security\Exceptions\SecurityException::forDisallowedAction()
#1 C:\xampp\htdocs\ispy_erp\system\Filters\CSRF.php(53): CodeIgniter\Security\Security->verify(Object(CodeIgniter\HTTP\IncomingRequest))
#2 C:\xampp\htdocs\ispy_erp\system\Filters\Filters.php(173): CodeIgniter\Filters\CSRF->before(Object(CodeIgniter\HTTP\IncomingRequest), NULL)
#3 C:\xampp\htdocs\ispy_erp\system\CodeIgniter.php(386): CodeIgniter\Filters\Filters->run('/search', 'before')
#4 C:\xampp\htdocs\ispy_erp\system\CodeIgniter.php(320): CodeIgniter\CodeIgniter->handleRequest(NULL, Object(Config\Cache), false)
#5 C:\xampp\htdocs\ispy_erp\index.php(37): CodeIgniter\CodeIgniter->run()
#6 {main}
CRITICAL - 2022-04-27 07:37:49 --> The action you requested is not allowed.
#0 C:\xampp\htdocs\ispy_erp\system\Security\Security.php(289): CodeIgniter\Security\Exceptions\SecurityException::forDisallowedAction()
#1 C:\xampp\htdocs\ispy_erp\system\Filters\CSRF.php(53): CodeIgniter\Security\Security->verify(Object(CodeIgniter\HTTP\IncomingRequest))
#2 C:\xampp\htdocs\ispy_erp\system\Filters\Filters.php(173): CodeIgniter\Filters\CSRF->before(Object(CodeIgniter\HTTP\IncomingRequest), NULL)
#3 C:\xampp\htdocs\ispy_erp\system\CodeIgniter.php(386): CodeIgniter\Filters\Filters->run('/search', 'before')
#4 C:\xampp\htdocs\ispy_erp\system\CodeIgniter.php(320): CodeIgniter\CodeIgniter->handleRequest(NULL, Object(Config\Cache), false)
#5 C:\xampp\htdocs\ispy_erp\index.php(37): CodeIgniter\CodeIgniter->run()
#6 {main}
CRITICAL - 2022-04-27 07:37:51 --> The action you requested is not allowed.
#0 C:\xampp\htdocs\ispy_erp\system\Security\Security.php(289): CodeIgniter\Security\Exceptions\SecurityException::forDisallowedAction()
#1 C:\xampp\htdocs\ispy_erp\system\Filters\CSRF.php(53): CodeIgniter\Security\Security->verify(Object(CodeIgniter\HTTP\IncomingRequest))
#2 C:\xampp\htdocs\ispy_erp\system\Filters\Filters.php(173): CodeIgniter\Filters\CSRF->before(Object(CodeIgniter\HTTP\IncomingRequest), NULL)
#3 C:\xampp\htdocs\ispy_erp\system\CodeIgniter.php(386): CodeIgniter\Filters\Filters->run('/search', 'before')
#4 C:\xampp\htdocs\ispy_erp\system\CodeIgniter.php(320): CodeIgniter\CodeIgniter->handleRequest(NULL, Object(Config\Cache), false)
#5 C:\xampp\htdocs\ispy_erp\index.php(37): CodeIgniter\CodeIgniter->run()
#6 {main}
CRITICAL - 2022-04-27 07:37:58 --> The action you requested is not allowed.
#0 C:\xampp\htdocs\ispy_erp\system\Security\Security.php(289): CodeIgniter\Security\Exceptions\SecurityException::forDisallowedAction()
#1 C:\xampp\htdocs\ispy_erp\system\Filters\CSRF.php(53): CodeIgniter\Security\Security->verify(Object(CodeIgniter\HTTP\IncomingRequest))
#2 C:\xampp\htdocs\ispy_erp\system\Filters\Filters.php(173): CodeIgniter\Filters\CSRF->before(Object(CodeIgniter\HTTP\IncomingRequest), NULL)
#3 C:\xampp\htdocs\ispy_erp\system\CodeIgniter.php(386): CodeIgniter\Filters\Filters->run('/search', 'before')
#4 C:\xampp\htdocs\ispy_erp\system\CodeIgniter.php(320): CodeIgniter\CodeIgniter->handleRequest(NULL, Object(Config\Cache), false)
#5 C:\xampp\htdocs\ispy_erp\index.php(37): CodeIgniter\CodeIgniter->run()
#6 {main}
CRITICAL - 2022-04-27 07:38:42 --> The action you requested is not allowed.
#0 C:\xampp\htdocs\ispy_erp\system\Security\Security.php(289): CodeIgniter\Security\Exceptions\SecurityException::forDisallowedAction()
#1 C:\xampp\htdocs\ispy_erp\system\Filters\CSRF.php(53): CodeIgniter\Security\Security->verify(Object(CodeIgniter\HTTP\IncomingRequest))
#2 C:\xampp\htdocs\ispy_erp\system\Filters\Filters.php(173): CodeIgniter\Filters\CSRF->before(Object(CodeIgniter\HTTP\IncomingRequest), NULL)
#3 C:\xampp\htdocs\ispy_erp\system\CodeIgniter.php(386): CodeIgniter\Filters\Filters->run('/search', 'before')
#4 C:\xampp\htdocs\ispy_erp\system\CodeIgniter.php(320): CodeIgniter\CodeIgniter->handleRequest(NULL, Object(Config\Cache), false)
#5 C:\xampp\htdocs\ispy_erp\index.php(37): CodeIgniter\CodeIgniter->run()
#6 {main}
CRITICAL - 2022-04-27 07:38:55 --> The action you requested is not allowed.
#0 C:\xampp\htdocs\ispy_erp\system\Security\Security.php(289): CodeIgniter\Security\Exceptions\SecurityException::forDisallowedAction()
#1 C:\xampp\htdocs\ispy_erp\system\Filters\CSRF.php(53): CodeIgniter\Security\Security->verify(Object(CodeIgniter\HTTP\IncomingRequest))
#2 C:\xampp\htdocs\ispy_erp\system\Filters\Filters.php(173): CodeIgniter\Filters\CSRF->before(Object(CodeIgniter\HTTP\IncomingRequest), NULL)
#3 C:\xampp\htdocs\ispy_erp\system\CodeIgniter.php(386): CodeIgniter\Filters\Filters->run('/search', 'before')
#4 C:\xampp\htdocs\ispy_erp\system\CodeIgniter.php(320): CodeIgniter\CodeIgniter->handleRequest(NULL, Object(Config\Cache), false)
#5 C:\xampp\htdocs\ispy_erp\index.php(37): CodeIgniter\CodeIgniter->run()
#6 {main}
CRITICAL - 2022-04-27 07:39:08 --> The action you requested is not allowed.
#0 C:\xampp\htdocs\ispy_erp\system\Security\Security.php(289): CodeIgniter\Security\Exceptions\SecurityException::forDisallowedAction()
#1 C:\xampp\htdocs\ispy_erp\system\Filters\CSRF.php(53): CodeIgniter\Security\Security->verify(Object(CodeIgniter\HTTP\IncomingRequest))
#2 C:\xampp\htdocs\ispy_erp\system\Filters\Filters.php(173): CodeIgniter\Filters\CSRF->before(Object(CodeIgniter\HTTP\IncomingRequest), NULL)
#3 C:\xampp\htdocs\ispy_erp\system\CodeIgniter.php(386): CodeIgniter\Filters\Filters->run('/search', 'before')
#4 C:\xampp\htdocs\ispy_erp\system\CodeIgniter.php(320): CodeIgniter\CodeIgniter->handleRequest(NULL, Object(Config\Cache), false)
#5 C:\xampp\htdocs\ispy_erp\index.php(37): CodeIgniter\CodeIgniter->run()
#6 {main}
CRITICAL - 2022-04-27 07:50:34 --> The action you requested is not allowed.
#0 C:\xampp\htdocs\ispy_erp\system\Security\Security.php(289): CodeIgniter\Security\Exceptions\SecurityException::forDisallowedAction()
#1 C:\xampp\htdocs\ispy_erp\system\Filters\CSRF.php(53): CodeIgniter\Security\Security->verify(Object(CodeIgniter\HTTP\IncomingRequest))
#2 C:\xampp\htdocs\ispy_erp\system\Filters\Filters.php(173): CodeIgniter\Filters\CSRF->before(Object(CodeIgniter\HTTP\IncomingRequest), NULL)
#3 C:\xampp\htdocs\ispy_erp\system\CodeIgniter.php(386): CodeIgniter\Filters\Filters->run('/search', 'before')
#4 C:\xampp\htdocs\ispy_erp\system\CodeIgniter.php(320): CodeIgniter\CodeIgniter->handleRequest(NULL, Object(Config\Cache), false)
#5 C:\xampp\htdocs\ispy_erp\index.php(37): CodeIgniter\CodeIgniter->run()
#6 {main}
CRITICAL - 2022-04-27 07:50:35 --> The action you requested is not allowed.
#0 C:\xampp\htdocs\ispy_erp\system\Security\Security.php(289): CodeIgniter\Security\Exceptions\SecurityException::forDisallowedAction()
#1 C:\xampp\htdocs\ispy_erp\system\Filters\CSRF.php(53): CodeIgniter\Security\Security->verify(Object(CodeIgniter\HTTP\IncomingRequest))
#2 C:\xampp\htdocs\ispy_erp\system\Filters\Filters.php(173): CodeIgniter\Filters\CSRF->before(Object(CodeIgniter\HTTP\IncomingRequest), NULL)
#3 C:\xampp\htdocs\ispy_erp\system\CodeIgniter.php(386): CodeIgniter\Filters\Filters->run('/search', 'before')
#4 C:\xampp\htdocs\ispy_erp\system\CodeIgniter.php(320): CodeIgniter\CodeIgniter->handleRequest(NULL, Object(Config\Cache), false)
#5 C:\xampp\htdocs\ispy_erp\index.php(37): CodeIgniter\CodeIgniter->run()
#6 {main}
CRITICAL - 2022-04-27 07:50:36 --> The action you requested is not allowed.
#0 C:\xampp\htdocs\ispy_erp\system\Security\Security.php(289): CodeIgniter\Security\Exceptions\SecurityException::forDisallowedAction()
#1 C:\xampp\htdocs\ispy_erp\system\Filters\CSRF.php(53): CodeIgniter\Security\Security->verify(Object(CodeIgniter\HTTP\IncomingRequest))
#2 C:\xampp\htdocs\ispy_erp\system\Filters\Filters.php(173): CodeIgniter\Filters\CSRF->before(Object(CodeIgniter\HTTP\IncomingRequest), NULL)
#3 C:\xampp\htdocs\ispy_erp\system\CodeIgniter.php(386): CodeIgniter\Filters\Filters->run('/search', 'before')
#4 C:\xampp\htdocs\ispy_erp\system\CodeIgniter.php(320): CodeIgniter\CodeIgniter->handleRequest(NULL, Object(Config\Cache), false)
#5 C:\xampp\htdocs\ispy_erp\index.php(37): CodeIgniter\CodeIgniter->run()
#6 {main}
CRITICAL - 2022-04-27 07:53:26 --> The action you requested is not allowed.
#0 C:\xampp\htdocs\ispy_erp\system\Security\Security.php(289): CodeIgniter\Security\Exceptions\SecurityException::forDisallowedAction()
#1 C:\xampp\htdocs\ispy_erp\system\Filters\CSRF.php(53): CodeIgniter\Security\Security->verify(Object(CodeIgniter\HTTP\IncomingRequest))
#2 C:\xampp\htdocs\ispy_erp\system\Filters\Filters.php(173): CodeIgniter\Filters\CSRF->before(Object(CodeIgniter\HTTP\IncomingRequest), NULL)
#3 C:\xampp\htdocs\ispy_erp\system\CodeIgniter.php(386): CodeIgniter\Filters\Filters->run('/search', 'before')
#4 C:\xampp\htdocs\ispy_erp\system\CodeIgniter.php(320): CodeIgniter\CodeIgniter->handleRequest(NULL, Object(Config\Cache), false)
#5 C:\xampp\htdocs\ispy_erp\index.php(37): CodeIgniter\CodeIgniter->run()
#6 {main}
