CRITICAL - 2022-06-09 03:41:11 --> Could not move file php6HxSuk to public/images/ ()
#0 /opt/lampp/htdocs/ispy_erp/system/HTTP/Files/UploadedFile.php(149): CodeIgniter\HTTP\Exceptions\HTTPException::forMoveFailed('php6HxSuk', 'public/images/', '')
#1 /opt/lampp/htdocs/ispy_erp/app/Controllers/AddUnitController.php(40): CodeIgniter\HTTP\Files\UploadedFile->move('public/images/', '1654764071_fc3a...')
#2 /opt/lampp/htdocs/ispy_erp/app/Controllers/AddUnitController.php(57): App\Controllers\AddUnitController->upload()
#3 /opt/lampp/htdocs/ispy_erp/system/CodeIgniter.php(825): App\Controllers\AddUnitController->addUnit()
#4 /opt/lampp/htdocs/ispy_erp/system/CodeIgniter.php(412): CodeIgniter\CodeIgniter->runController(Object(App\Controllers\AddUnitController))
#5 /opt/lampp/htdocs/ispy_erp/system/CodeIgniter.php(320): CodeIgniter\CodeIgniter->handleRequest(NULL, Object(Config\Cache), false)
#6 /opt/lampp/htdocs/ispy_erp/index.php(37): CodeIgniter\CodeIgniter->run()
#7 {main}
CRITICAL - 2022-06-09 03:51:57 --> Could not move file phpMspRjq to /opt/lampp/htdocs/ispy_erp/public/images/ ()
#0 /opt/lampp/htdocs/ispy_erp/system/HTTP/Files/UploadedFile.php(149): CodeIgniter\HTTP\Exceptions\HTTPException::forMoveFailed('phpMspRjq', '/opt/lampp/htdo...', '')
#1 /opt/lampp/htdocs/ispy_erp/app/Controllers/AddUnitController.php(40): CodeIgniter\HTTP\Files\UploadedFile->move('/opt/lampp/htdo...', '1654764717_5f11...')
#2 /opt/lampp/htdocs/ispy_erp/app/Controllers/AddUnitController.php(57): App\Controllers\AddUnitController->upload()
#3 /opt/lampp/htdocs/ispy_erp/system/CodeIgniter.php(825): App\Controllers\AddUnitController->addUnit()
#4 /opt/lampp/htdocs/ispy_erp/system/CodeIgniter.php(412): CodeIgniter\CodeIgniter->runController(Object(App\Controllers\AddUnitController))
#5 /opt/lampp/htdocs/ispy_erp/system/CodeIgniter.php(320): CodeIgniter\CodeIgniter->handleRequest(NULL, Object(Config\Cache), false)
#6 /opt/lampp/htdocs/ispy_erp/index.php(37): CodeIgniter\CodeIgniter->run()
#7 {main}
CRITICAL - 2022-06-09 04:13:15 --> Could not move file phpWIuhUF to /opt/lampp/htdocs/ispy_erp/public/images/ ()
#0 /opt/lampp/htdocs/ispy_erp/system/HTTP/Files/UploadedFile.php(149): CodeIgniter\HTTP\Exceptions\HTTPException::forMoveFailed('phpWIuhUF', '/opt/lampp/htdo...', '')
#1 /opt/lampp/htdocs/ispy_erp/app/Controllers/AddUnitController.php(40): CodeIgniter\HTTP\Files\UploadedFile->move('/opt/lampp/htdo...', '1654765995_293b...')
#2 /opt/lampp/htdocs/ispy_erp/app/Controllers/AddUnitController.php(57): App\Controllers\AddUnitController->upload()
#3 /opt/lampp/htdocs/ispy_erp/system/CodeIgniter.php(825): App\Controllers\AddUnitController->addUnit()
#4 /opt/lampp/htdocs/ispy_erp/system/CodeIgniter.php(412): CodeIgniter\CodeIgniter->runController(Object(App\Controllers\AddUnitController))
#5 /opt/lampp/htdocs/ispy_erp/system/CodeIgniter.php(320): CodeIgniter\CodeIgniter->handleRequest(NULL, Object(Config\Cache), false)
#6 /opt/lampp/htdocs/ispy_erp/index.php(37): CodeIgniter\CodeIgniter->run()
#7 {main}
CRITICAL - 2022-06-09 04:14:18 --> Could not move file phpYQEqj4 to /opt/lampp/htdocs/ispy_erp/public/images/ ()
#0 /opt/lampp/htdocs/ispy_erp/system/HTTP/Files/UploadedFile.php(149): CodeIgniter\HTTP\Exceptions\HTTPException::forMoveFailed('phpYQEqj4', '/opt/lampp/htdo...', '')
#1 /opt/lampp/htdocs/ispy_erp/app/Controllers/AddUnitController.php(40): CodeIgniter\HTTP\Files\UploadedFile->move('/opt/lampp/htdo...', '1654766058_4fad...')
#2 /opt/lampp/htdocs/ispy_erp/app/Controllers/AddUnitController.php(57): App\Controllers\AddUnitController->upload()
#3 /opt/lampp/htdocs/ispy_erp/system/CodeIgniter.php(825): App\Controllers\AddUnitController->addUnit()
#4 /opt/lampp/htdocs/ispy_erp/system/CodeIgniter.php(412): CodeIgniter\CodeIgniter->runController(Object(App\Controllers\AddUnitController))
#5 /opt/lampp/htdocs/ispy_erp/system/CodeIgniter.php(320): CodeIgniter\CodeIgniter->handleRequest(NULL, Object(Config\Cache), false)
#6 /opt/lampp/htdocs/ispy_erp/index.php(37): CodeIgniter\CodeIgniter->run()
#7 {main}
CRITICAL - 2022-06-09 04:14:48 --> Could not move file phpmgNCyf to /opt/lampp/htdocs/ispy_erp/public/images/ ()
#0 /opt/lampp/htdocs/ispy_erp/system/HTTP/Files/UploadedFile.php(149): CodeIgniter\HTTP\Exceptions\HTTPException::forMoveFailed('phpmgNCyf', '/opt/lampp/htdo...', '')
#1 /opt/lampp/htdocs/ispy_erp/app/Controllers/AddUnitController.php(40): CodeIgniter\HTTP\Files\UploadedFile->move('/opt/lampp/htdo...', '1654766087_2214...')
#2 /opt/lampp/htdocs/ispy_erp/app/Controllers/AddUnitController.php(57): App\Controllers\AddUnitController->upload()
#3 /opt/lampp/htdocs/ispy_erp/system/CodeIgniter.php(825): App\Controllers\AddUnitController->addUnit()
#4 /opt/lampp/htdocs/ispy_erp/system/CodeIgniter.php(412): CodeIgniter\CodeIgniter->runController(Object(App\Controllers\AddUnitController))
#5 /opt/lampp/htdocs/ispy_erp/system/CodeIgniter.php(320): CodeIgniter\CodeIgniter->handleRequest(NULL, Object(Config\Cache), false)
#6 /opt/lampp/htdocs/ispy_erp/index.php(37): CodeIgniter\CodeIgniter->run()
#7 {main}
CRITICAL - 2022-06-09 04:37:00 --> mkdir(): Permission denied
#0 [internal function]: CodeIgniter\Debug\Exceptions->errorHandler(2, 'mkdir(): Permis...', '/opt/lampp/htdo...', 176, Array)
#1 /opt/lampp/htdocs/ispy_erp/system/HTTP/Files/UploadedFile.php(176): mkdir('../public/image...', 511, true)
#2 /opt/lampp/htdocs/ispy_erp/system/HTTP/Files/UploadedFile.php(130): CodeIgniter\HTTP\Files\UploadedFile->setPath('../public/image...')
#3 /opt/lampp/htdocs/ispy_erp/app/Controllers/AddUnitController.php(40): CodeIgniter\HTTP\Files\UploadedFile->move('../public/image...', '1654767420_6323...')
#4 /opt/lampp/htdocs/ispy_erp/app/Controllers/AddUnitController.php(57): App\Controllers\AddUnitController->upload()
#5 /opt/lampp/htdocs/ispy_erp/system/CodeIgniter.php(825): App\Controllers\AddUnitController->addUnit()
#6 /opt/lampp/htdocs/ispy_erp/system/CodeIgniter.php(412): CodeIgniter\CodeIgniter->runController(Object(App\Controllers\AddUnitController))
#7 /opt/lampp/htdocs/ispy_erp/system/CodeIgniter.php(320): CodeIgniter\CodeIgniter->handleRequest(NULL, Object(Config\Cache), false)
#8 /opt/lampp/htdocs/ispy_erp/index.php(37): CodeIgniter\CodeIgniter->run()
#9 {main}
CRITICAL - 2022-06-09 04:38:47 --> mkdir(): Permission denied
#0 [internal function]: CodeIgniter\Debug\Exceptions->errorHandler(2, 'mkdir(): Permis...', '/opt/lampp/htdo...', 176, Array)
#1 /opt/lampp/htdocs/ispy_erp/system/HTTP/Files/UploadedFile.php(176): mkdir('../public/image...', 511, true)
#2 /opt/lampp/htdocs/ispy_erp/system/HTTP/Files/UploadedFile.php(130): CodeIgniter\HTTP\Files\UploadedFile->setPath('../public/image...')
#3 /opt/lampp/htdocs/ispy_erp/app/Controllers/AddUnitController.php(40): CodeIgniter\HTTP\Files\UploadedFile->move('../public/image...', '1654767527_e0e1...')
#4 /opt/lampp/htdocs/ispy_erp/app/Controllers/AddUnitController.php(57): App\Controllers\AddUnitController->upload()
#5 /opt/lampp/htdocs/ispy_erp/system/CodeIgniter.php(825): App\Controllers\AddUnitController->addUnit()
#6 /opt/lampp/htdocs/ispy_erp/system/CodeIgniter.php(412): CodeIgniter\CodeIgniter->runController(Object(App\Controllers\AddUnitController))
#7 /opt/lampp/htdocs/ispy_erp/system/CodeIgniter.php(320): CodeIgniter\CodeIgniter->handleRequest(NULL, Object(Config\Cache), false)
#8 /opt/lampp/htdocs/ispy_erp/index.php(37): CodeIgniter\CodeIgniter->run()
#9 {main}
CRITICAL - 2022-06-09 04:39:23 --> Could not move file php9GPD7j to public/images/ ()
#0 /opt/lampp/htdocs/ispy_erp/system/HTTP/Files/UploadedFile.php(149): CodeIgniter\HTTP\Exceptions\HTTPException::forMoveFailed('php9GPD7j', 'public/images/', '')
#1 /opt/lampp/htdocs/ispy_erp/app/Controllers/AddUnitController.php(40): CodeIgniter\HTTP\Files\UploadedFile->move('public/images/', '1654767563_c4a0...')
#2 /opt/lampp/htdocs/ispy_erp/app/Controllers/AddUnitController.php(57): App\Controllers\AddUnitController->upload()
#3 /opt/lampp/htdocs/ispy_erp/system/CodeIgniter.php(825): App\Controllers\AddUnitController->addUnit()
#4 /opt/lampp/htdocs/ispy_erp/system/CodeIgniter.php(412): CodeIgniter\CodeIgniter->runController(Object(App\Controllers\AddUnitController))
#5 /opt/lampp/htdocs/ispy_erp/system/CodeIgniter.php(320): CodeIgniter\CodeIgniter->handleRequest(NULL, Object(Config\Cache), false)
#6 /opt/lampp/htdocs/ispy_erp/index.php(37): CodeIgniter\CodeIgniter->run()
#7 {main}
CRITICAL - 2022-06-09 04:41:57 --> mkdir(): Permission denied
#0 [internal function]: CodeIgniter\Debug\Exceptions->errorHandler(2, 'mkdir(): Permis...', '/opt/lampp/htdo...', 176, Array)
#1 /opt/lampp/htdocs/ispy_erp/system/HTTP/Files/UploadedFile.php(176): mkdir('../public/image...', 511, true)
#2 /opt/lampp/htdocs/ispy_erp/system/HTTP/Files/UploadedFile.php(130): CodeIgniter\HTTP\Files\UploadedFile->setPath('../public/image...')
#3 /opt/lampp/htdocs/ispy_erp/app/Controllers/AddUnitController.php(40): CodeIgniter\HTTP\Files\UploadedFile->move('../public/image...', '1654767717_00a6...')
#4 /opt/lampp/htdocs/ispy_erp/app/Controllers/AddUnitController.php(57): App\Controllers\AddUnitController->upload()
#5 /opt/lampp/htdocs/ispy_erp/system/CodeIgniter.php(825): App\Controllers\AddUnitController->addUnit()
#6 /opt/lampp/htdocs/ispy_erp/system/CodeIgniter.php(412): CodeIgniter\CodeIgniter->runController(Object(App\Controllers\AddUnitController))
#7 /opt/lampp/htdocs/ispy_erp/system/CodeIgniter.php(320): CodeIgniter\CodeIgniter->handleRequest(NULL, Object(Config\Cache), false)
#8 /opt/lampp/htdocs/ispy_erp/index.php(37): CodeIgniter\CodeIgniter->run()
#9 {main}
CRITICAL - 2022-06-09 04:43:16 --> mkdir(): Permission denied
#0 [internal function]: CodeIgniter\Debug\Exceptions->errorHandler(2, 'mkdir(): Permis...', '/opt/lampp/htdo...', 176, Array)
#1 /opt/lampp/htdocs/ispy_erp/system/HTTP/Files/UploadedFile.php(176): mkdir('/opt/lampp/htdo...', 511, true)
#2 /opt/lampp/htdocs/ispy_erp/system/HTTP/Files/UploadedFile.php(130): CodeIgniter\HTTP\Files\UploadedFile->setPath('/opt/lampp/htdo...')
#3 /opt/lampp/htdocs/ispy_erp/app/Controllers/AddUnitController.php(40): CodeIgniter\HTTP\Files\UploadedFile->move('/opt/lampp/htdo...', '1654767796_c682...')
#4 /opt/lampp/htdocs/ispy_erp/app/Controllers/AddUnitController.php(57): App\Controllers\AddUnitController->upload()
#5 /opt/lampp/htdocs/ispy_erp/system/CodeIgniter.php(825): App\Controllers\AddUnitController->addUnit()
#6 /opt/lampp/htdocs/ispy_erp/system/CodeIgniter.php(412): CodeIgniter\CodeIgniter->runController(Object(App\Controllers\AddUnitController))
#7 /opt/lampp/htdocs/ispy_erp/system/CodeIgniter.php(320): CodeIgniter\CodeIgniter->handleRequest(NULL, Object(Config\Cache), false)
#8 /opt/lampp/htdocs/ispy_erp/index.php(37): CodeIgniter\CodeIgniter->run()
#9 {main}
CRITICAL - 2022-06-09 04:46:59 --> mkdir(): Permission denied
#0 [internal function]: CodeIgniter\Debug\Exceptions->errorHandler(2, 'mkdir(): Permis...', '/opt/lampp/htdo...', 176, Array)
#1 /opt/lampp/htdocs/ispy_erp/system/HTTP/Files/UploadedFile.php(176): mkdir('/opt/lampp/htdo...', 511, true)
#2 /opt/lampp/htdocs/ispy_erp/system/HTTP/Files/UploadedFile.php(130): CodeIgniter\HTTP\Files\UploadedFile->setPath('/opt/lampp/htdo...')
#3 /opt/lampp/htdocs/ispy_erp/app/Controllers/AddUnitController.php(40): CodeIgniter\HTTP\Files\UploadedFile->move('/opt/lampp/htdo...', '1654768019_80d9...')
#4 /opt/lampp/htdocs/ispy_erp/app/Controllers/AddUnitController.php(57): App\Controllers\AddUnitController->upload()
#5 /opt/lampp/htdocs/ispy_erp/system/CodeIgniter.php(825): App\Controllers\AddUnitController->addUnit()
#6 /opt/lampp/htdocs/ispy_erp/system/CodeIgniter.php(412): CodeIgniter\CodeIgniter->runController(Object(App\Controllers\AddUnitController))
#7 /opt/lampp/htdocs/ispy_erp/system/CodeIgniter.php(320): CodeIgniter\CodeIgniter->handleRequest(NULL, Object(Config\Cache), false)
#8 /opt/lampp/htdocs/ispy_erp/index.php(37): CodeIgniter\CodeIgniter->run()
#9 {main}
CRITICAL - 2022-06-09 07:39:32 --> syntax error, unexpected '}', expecting variable (T_VARIABLE) or '{' or '$'
#0 /opt/lampp/htdocs/ispy_erp/system/Autoloader/Autoloader.php(241): CodeIgniter\Autoloader\Autoloader->includeFile('/opt/lampp/htdo...')
#1 /opt/lampp/htdocs/ispy_erp/system/Autoloader/Autoloader.php(219): CodeIgniter\Autoloader\Autoloader->loadInNamespace('App\\Controllers...')
#2 [internal function]: CodeIgniter\Autoloader\Autoloader->loadClass('App\\Controllers...')
#3 [internal function]: spl_autoload_call('App\\Controllers...')
#4 /opt/lampp/htdocs/ispy_erp/system/CodeIgniter.php(790): class_exists('\\App\\Controller...', true)
#5 /opt/lampp/htdocs/ispy_erp/system/CodeIgniter.php(399): CodeIgniter\CodeIgniter->startController()
#6 /opt/lampp/htdocs/ispy_erp/system/CodeIgniter.php(320): CodeIgniter\CodeIgniter->handleRequest(NULL, Object(Config\Cache), false)
#7 /opt/lampp/htdocs/ispy_erp/index.php(37): CodeIgniter\CodeIgniter->run()
#8 {main}
CRITICAL - 2022-06-09 07:50:12 --> syntax error, unexpected '}', expecting identifier (T_STRING) or variable (T_VARIABLE) or '{' or '$'
#0 /opt/lampp/htdocs/ispy_erp/system/Autoloader/Autoloader.php(241): CodeIgniter\Autoloader\Autoloader->includeFile('/opt/lampp/htdo...')
#1 /opt/lampp/htdocs/ispy_erp/system/Autoloader/Autoloader.php(219): CodeIgniter\Autoloader\Autoloader->loadInNamespace('App\\Controllers...')
#2 [internal function]: CodeIgniter\Autoloader\Autoloader->loadClass('App\\Controllers...')
#3 [internal function]: spl_autoload_call('App\\Controllers...')
#4 /opt/lampp/htdocs/ispy_erp/system/CodeIgniter.php(790): class_exists('\\App\\Controller...', true)
#5 /opt/lampp/htdocs/ispy_erp/system/CodeIgniter.php(399): CodeIgniter\CodeIgniter->startController()
#6 /opt/lampp/htdocs/ispy_erp/system/CodeIgniter.php(320): CodeIgniter\CodeIgniter->handleRequest(NULL, Object(Config\Cache), false)
#7 /opt/lampp/htdocs/ispy_erp/index.php(37): CodeIgniter\CodeIgniter->run()
#8 {main}
CRITICAL - 2022-06-09 07:50:24 --> syntax error, unexpected '}', expecting identifier (T_STRING) or variable (T_VARIABLE) or '{' or '$'
#0 /opt/lampp/htdocs/ispy_erp/system/Autoloader/Autoloader.php(241): CodeIgniter\Autoloader\Autoloader->includeFile('/opt/lampp/htdo...')
#1 /opt/lampp/htdocs/ispy_erp/system/Autoloader/Autoloader.php(219): CodeIgniter\Autoloader\Autoloader->loadInNamespace('App\\Controllers...')
#2 [internal function]: CodeIgniter\Autoloader\Autoloader->loadClass('App\\Controllers...')
#3 [internal function]: spl_autoload_call('App\\Controllers...')
#4 /opt/lampp/htdocs/ispy_erp/system/CodeIgniter.php(790): class_exists('\\App\\Controller...', true)
#5 /opt/lampp/htdocs/ispy_erp/system/CodeIgniter.php(399): CodeIgniter\CodeIgniter->startController()
#6 /opt/lampp/htdocs/ispy_erp/system/CodeIgniter.php(320): CodeIgniter\CodeIgniter->handleRequest(NULL, Object(Config\Cache), false)
#7 /opt/lampp/htdocs/ispy_erp/index.php(37): CodeIgniter\CodeIgniter->run()
#8 {main}
CRITICAL - 2022-06-09 08:23:34 --> The action you requested is not allowed.
#0 /opt/lampp/htdocs/ispy_erp/system/Security/Security.php(289): CodeIgniter\Security\Exceptions\SecurityException::forDisallowedAction()
#1 /opt/lampp/htdocs/ispy_erp/system/Filters/CSRF.php(53): CodeIgniter\Security\Security->verify(Object(CodeIgniter\HTTP\IncomingRequest))
#2 /opt/lampp/htdocs/ispy_erp/system/Filters/Filters.php(173): CodeIgniter\Filters\CSRF->before(Object(CodeIgniter\HTTP\IncomingRequest), NULL)
#3 /opt/lampp/htdocs/ispy_erp/system/CodeIgniter.php(386): CodeIgniter\Filters\Filters->run('/units/load', 'before')
#4 /opt/lampp/htdocs/ispy_erp/system/CodeIgniter.php(320): CodeIgniter\CodeIgniter->handleRequest(NULL, Object(Config\Cache), false)
#5 /opt/lampp/htdocs/ispy_erp/index.php(37): CodeIgniter\CodeIgniter->run()
#6 {main}
CRITICAL - 2022-06-09 08:24:12 --> The action you requested is not allowed.
#0 /opt/lampp/htdocs/ispy_erp/system/Security/Security.php(289): CodeIgniter\Security\Exceptions\SecurityException::forDisallowedAction()
#1 /opt/lampp/htdocs/ispy_erp/system/Filters/CSRF.php(53): CodeIgniter\Security\Security->verify(Object(CodeIgniter\HTTP\IncomingRequest))
#2 /opt/lampp/htdocs/ispy_erp/system/Filters/Filters.php(173): CodeIgniter\Filters\CSRF->before(Object(CodeIgniter\HTTP\IncomingRequest), NULL)
#3 /opt/lampp/htdocs/ispy_erp/system/CodeIgniter.php(386): CodeIgniter\Filters\Filters->run('/units/load', 'before')
#4 /opt/lampp/htdocs/ispy_erp/system/CodeIgniter.php(320): CodeIgniter\CodeIgniter->handleRequest(NULL, Object(Config\Cache), false)
#5 /opt/lampp/htdocs/ispy_erp/index.php(37): CodeIgniter\CodeIgniter->run()
#6 {main}
CRITICAL - 2022-06-09 08:25:29 --> The action you requested is not allowed.
#0 /opt/lampp/htdocs/ispy_erp/system/Security/Security.php(289): CodeIgniter\Security\Exceptions\SecurityException::forDisallowedAction()
#1 /opt/lampp/htdocs/ispy_erp/system/Filters/CSRF.php(53): CodeIgniter\Security\Security->verify(Object(CodeIgniter\HTTP\IncomingRequest))
#2 /opt/lampp/htdocs/ispy_erp/system/Filters/Filters.php(173): CodeIgniter\Filters\CSRF->before(Object(CodeIgniter\HTTP\IncomingRequest), NULL)
#3 /opt/lampp/htdocs/ispy_erp/system/CodeIgniter.php(386): CodeIgniter\Filters\Filters->run('/units/load', 'before')
#4 /opt/lampp/htdocs/ispy_erp/system/CodeIgniter.php(320): CodeIgniter\CodeIgniter->handleRequest(NULL, Object(Config\Cache), false)
#5 /opt/lampp/htdocs/ispy_erp/index.php(37): CodeIgniter\CodeIgniter->run()
#6 {main}
CRITICAL - 2022-06-09 08:36:20 --> Argument 2 passed to CodeIgniter\Database\BaseBuilder::orLike() must be of the type string, null given, called in /opt/lampp/htdocs/ispy_erp/system/Model.php on line 728
#0 /opt/lampp/htdocs/ispy_erp/system/Model.php(728): CodeIgniter\Database\BaseBuilder->orLike('regno', NULL)
#1 /opt/lampp/htdocs/ispy_erp/app/Controllers/UnitsController.php(158): CodeIgniter\Model->__call('orLike', Array)
#2 /opt/lampp/htdocs/ispy_erp/system/CodeIgniter.php(825): App\Controllers\UnitsController->getUnits()
#3 /opt/lampp/htdocs/ispy_erp/system/CodeIgniter.php(412): CodeIgniter\CodeIgniter->runController(Object(App\Controllers\UnitsController))
#4 /opt/lampp/htdocs/ispy_erp/system/CodeIgniter.php(320): CodeIgniter\CodeIgniter->handleRequest(NULL, Object(Config\Cache), false)
#5 /opt/lampp/htdocs/ispy_erp/index.php(37): CodeIgniter\CodeIgniter->run()
#6 {main}
