ERROR - 2022-06-17 01:24:25 --> Unknown column 'idinstallation' in 'order clause'
CRITICAL - 2022-06-17 01:24:25 --> Call to a member function getResult() on bool
#0 /opt/lampp/htdocs/ispy_erp/system/BaseModel.php(584): CodeIgniter\Model->doFindAll(10, 0)
#1 /opt/lampp/htdocs/ispy_erp/app/Controllers/ClientController.php(152): CodeIgniter\BaseModel->findAll(10, 0)
#2 /opt/lampp/htdocs/ispy_erp/system/CodeIgniter.php(825): App\Controllers\ClientController->loadClients()
#3 /opt/lampp/htdocs/ispy_erp/system/CodeIgniter.php(412): CodeIgniter\CodeIgniter->runController(Object(App\Controllers\ClientController))
#4 /opt/lampp/htdocs/ispy_erp/system/CodeIgniter.php(320): CodeIgniter\CodeIgniter->handleRequest(NULL, Object(Config\Cache), false)
#5 /opt/lampp/htdocs/ispy_erp/index.php(37): CodeIgniter\CodeIgniter->run()
#6 {main}
ERROR - 2022-06-17 01:24:38 --> Unknown column 'idinstallation' in 'order clause'
CRITICAL - 2022-06-17 01:24:38 --> Call to a member function getResult() on bool
#0 /opt/lampp/htdocs/ispy_erp/system/BaseModel.php(584): CodeIgniter\Model->doFindAll(10, 0)
#1 /opt/lampp/htdocs/ispy_erp/app/Controllers/ClientController.php(152): CodeIgniter\BaseModel->findAll(10, 0)
#2 /opt/lampp/htdocs/ispy_erp/system/CodeIgniter.php(825): App\Controllers\ClientController->loadClients()
#3 /opt/lampp/htdocs/ispy_erp/system/CodeIgniter.php(412): CodeIgniter\CodeIgniter->runController(Object(App\Controllers\ClientController))
#4 /opt/lampp/htdocs/ispy_erp/system/CodeIgniter.php(320): CodeIgniter\CodeIgniter->handleRequest(NULL, Object(Config\Cache), false)
#5 /opt/lampp/htdocs/ispy_erp/index.php(37): CodeIgniter\CodeIgniter->run()
#6 {main}
ERROR - 2022-06-17 01:32:18 --> Unknown column 'idinstallation' in 'order clause'
CRITICAL - 2022-06-17 01:32:18 --> Call to a member function getResult() on bool
#0 /opt/lampp/htdocs/ispy_erp/system/BaseModel.php(584): CodeIgniter\Model->doFindAll(10, 0)
#1 /opt/lampp/htdocs/ispy_erp/app/Controllers/ClientController.php(152): CodeIgniter\BaseModel->findAll(10, 0)
#2 /opt/lampp/htdocs/ispy_erp/system/CodeIgniter.php(825): App\Controllers\ClientController->loadClients()
#3 /opt/lampp/htdocs/ispy_erp/system/CodeIgniter.php(412): CodeIgniter\CodeIgniter->runController(Object(App\Controllers\ClientController))
#4 /opt/lampp/htdocs/ispy_erp/system/CodeIgniter.php(320): CodeIgniter\CodeIgniter->handleRequest(NULL, Object(Config\Cache), false)
#5 /opt/lampp/htdocs/ispy_erp/index.php(37): CodeIgniter\CodeIgniter->run()
#6 {main}
ERROR - 2022-06-17 01:33:18 --> Unknown column 'idinstallation' in 'order clause'
CRITICAL - 2022-06-17 01:33:18 --> Call to a member function getResult() on bool
#0 /opt/lampp/htdocs/ispy_erp/system/BaseModel.php(584): CodeIgniter\Model->doFindAll(10, 0)
#1 /opt/lampp/htdocs/ispy_erp/app/Controllers/ClientController.php(152): CodeIgniter\BaseModel->findAll(10, 0)
#2 /opt/lampp/htdocs/ispy_erp/system/CodeIgniter.php(825): App\Controllers\ClientController->loadClients()
#3 /opt/lampp/htdocs/ispy_erp/system/CodeIgniter.php(412): CodeIgniter\CodeIgniter->runController(Object(App\Controllers\ClientController))
#4 /opt/lampp/htdocs/ispy_erp/system/CodeIgniter.php(320): CodeIgniter\CodeIgniter->handleRequest(NULL, Object(Config\Cache), false)
#5 /opt/lampp/htdocs/ispy_erp/index.php(37): CodeIgniter\CodeIgniter->run()
#6 {main}
ERROR - 2022-06-17 01:34:50 --> Unknown column 'idinstallation' in 'order clause'
CRITICAL - 2022-06-17 01:34:50 --> Call to a member function getResult() on bool
#0 /opt/lampp/htdocs/ispy_erp/system/BaseModel.php(584): CodeIgniter\Model->doFindAll(10, 0)
#1 /opt/lampp/htdocs/ispy_erp/app/Controllers/ClientController.php(152): CodeIgniter\BaseModel->findAll(10, 0)
#2 /opt/lampp/htdocs/ispy_erp/system/CodeIgniter.php(825): App\Controllers\ClientController->loadClients()
#3 /opt/lampp/htdocs/ispy_erp/system/CodeIgniter.php(412): CodeIgniter\CodeIgniter->runController(Object(App\Controllers\ClientController))
#4 /opt/lampp/htdocs/ispy_erp/system/CodeIgniter.php(320): CodeIgniter\CodeIgniter->handleRequest(NULL, Object(Config\Cache), false)
#5 /opt/lampp/htdocs/ispy_erp/index.php(37): CodeIgniter\CodeIgniter->run()
#6 {main}
ERROR - 2022-06-17 02:05:50 --> Unknown column 'idinstallation' in 'order clause'
CRITICAL - 2022-06-17 02:05:50 --> Call to a member function getResult() on bool
#0 /opt/lampp/htdocs/ispy_erp/system/BaseModel.php(584): CodeIgniter\Model->doFindAll(10, 0)
#1 /opt/lampp/htdocs/ispy_erp/app/Controllers/ClientController.php(152): CodeIgniter\BaseModel->findAll(10, 0)
#2 /opt/lampp/htdocs/ispy_erp/system/CodeIgniter.php(825): App\Controllers\ClientController->loadClients()
#3 /opt/lampp/htdocs/ispy_erp/system/CodeIgniter.php(412): CodeIgniter\CodeIgniter->runController(Object(App\Controllers\ClientController))
#4 /opt/lampp/htdocs/ispy_erp/system/CodeIgniter.php(320): CodeIgniter\CodeIgniter->handleRequest(NULL, Object(Config\Cache), false)
#5 /opt/lampp/htdocs/ispy_erp/index.php(37): CodeIgniter\CodeIgniter->run()
#6 {main}
ERROR - 2022-06-17 02:08:08 --> Unknown column 'idinstallation' in 'order clause'
CRITICAL - 2022-06-17 02:08:08 --> Call to a member function getResult() on bool
#0 /opt/lampp/htdocs/ispy_erp/system/BaseModel.php(584): CodeIgniter\Model->doFindAll(10, 0)
#1 /opt/lampp/htdocs/ispy_erp/app/Controllers/ClientController.php(152): CodeIgniter\BaseModel->findAll(10, 0)
#2 /opt/lampp/htdocs/ispy_erp/system/CodeIgniter.php(825): App\Controllers\ClientController->loadClients()
#3 /opt/lampp/htdocs/ispy_erp/system/CodeIgniter.php(412): CodeIgniter\CodeIgniter->runController(Object(App\Controllers\ClientController))
#4 /opt/lampp/htdocs/ispy_erp/system/CodeIgniter.php(320): CodeIgniter\CodeIgniter->handleRequest(NULL, Object(Config\Cache), false)
#5 /opt/lampp/htdocs/ispy_erp/index.php(37): CodeIgniter\CodeIgniter->run()
#6 {main}
CRITICAL - 2022-06-17 03:30:30 --> The action you requested is not allowed.
#0 /opt/lampp/htdocs/ispy_erp/system/Security/Security.php(289): CodeIgniter\Security\Exceptions\SecurityException::forDisallowedAction()
#1 /opt/lampp/htdocs/ispy_erp/system/Filters/CSRF.php(53): CodeIgniter\Security\Security->verify(Object(CodeIgniter\HTTP\IncomingRequest))
#2 /opt/lampp/htdocs/ispy_erp/system/Filters/Filters.php(173): CodeIgniter\Filters\CSRF->before(Object(CodeIgniter\HTTP\IncomingRequest), NULL)
#3 /opt/lampp/htdocs/ispy_erp/system/CodeIgniter.php(386): CodeIgniter\Filters\Filters->run('/units/load', 'before')
#4 /opt/lampp/htdocs/ispy_erp/system/CodeIgniter.php(320): CodeIgniter\CodeIgniter->handleRequest(NULL, Object(Config\Cache), false)
#5 /opt/lampp/htdocs/ispy_erp/index.php(37): CodeIgniter\CodeIgniter->run()
#6 {main}
CRITICAL - 2022-06-17 03:30:33 --> The action you requested is not allowed.
#0 /opt/lampp/htdocs/ispy_erp/system/Security/Security.php(289): CodeIgniter\Security\Exceptions\SecurityException::forDisallowedAction()
#1 /opt/lampp/htdocs/ispy_erp/system/Filters/CSRF.php(53): CodeIgniter\Security\Security->verify(Object(CodeIgniter\HTTP\IncomingRequest))
#2 /opt/lampp/htdocs/ispy_erp/system/Filters/Filters.php(173): CodeIgniter\Filters\CSRF->before(Object(CodeIgniter\HTTP\IncomingRequest), NULL)
#3 /opt/lampp/htdocs/ispy_erp/system/CodeIgniter.php(386): CodeIgniter\Filters\Filters->run('/units/load', 'before')
#4 /opt/lampp/htdocs/ispy_erp/system/CodeIgniter.php(320): CodeIgniter\CodeIgniter->handleRequest(NULL, Object(Config\Cache), false)
#5 /opt/lampp/htdocs/ispy_erp/index.php(37): CodeIgniter\CodeIgniter->run()
#6 {main}
