ERROR - 2022-06-08 06:59:59 --> Unknown column 'inst_details.id' in 'where clause'
CRITICAL - 2022-06-08 06:59:59 --> Call to a member function getFirstRow() on bool
#0 /opt/lampp/htdocs/ispy_erp/system/BaseModel.php(523): CodeIgniter\Model->doFind(true, '6')
#1 /opt/lampp/htdocs/ispy_erp/app/Controllers/UnitsController.php(99): CodeIgniter\BaseModel->find('6')
#2 /opt/lampp/htdocs/ispy_erp/system/CodeIgniter.php(825): App\Controllers\UnitsController->edit('6')
#3 /opt/lampp/htdocs/ispy_erp/system/CodeIgniter.php(412): CodeIgniter\CodeIgniter->runController(Object(App\Controllers\UnitsController))
#4 /opt/lampp/htdocs/ispy_erp/system/CodeIgniter.php(320): CodeIgniter\CodeIgniter->handleRequest(NULL, Object(Config\Cache), false)
#5 /opt/lampp/htdocs/ispy_erp/index.php(37): CodeIgniter\CodeIgniter->run()
#6 {main}
ERROR - 2022-06-08 07:00:38 --> Unknown column 'inst_details.id' in 'where clause'
CRITICAL - 2022-06-08 07:00:38 --> Call to a member function getFirstRow() on bool
#0 /opt/lampp/htdocs/ispy_erp/system/BaseModel.php(523): CodeIgniter\Model->doFind(true, '6')
#1 /opt/lampp/htdocs/ispy_erp/app/Controllers/UnitsController.php(99): CodeIgniter\BaseModel->find('6')
#2 /opt/lampp/htdocs/ispy_erp/system/CodeIgniter.php(825): App\Controllers\UnitsController->edit('6')
#3 /opt/lampp/htdocs/ispy_erp/system/CodeIgniter.php(412): CodeIgniter\CodeIgniter->runController(Object(App\Controllers\UnitsController))
#4 /opt/lampp/htdocs/ispy_erp/system/CodeIgniter.php(320): CodeIgniter\CodeIgniter->handleRequest(NULL, Object(Config\Cache), false)
#5 /opt/lampp/htdocs/ispy_erp/index.php(37): CodeIgniter\CodeIgniter->run()
#6 {main}
ERROR - 2022-06-08 07:02:43 --> Unknown column 'inst_details.id' in 'where clause'
CRITICAL - 2022-06-08 07:02:43 --> Call to a member function getFirstRow() on bool
#0 /opt/lampp/htdocs/ispy_erp/system/BaseModel.php(523): CodeIgniter\Model->doFind(true, '6')
#1 /opt/lampp/htdocs/ispy_erp/app/Controllers/UnitsController.php(99): CodeIgniter\BaseModel->find('6')
#2 /opt/lampp/htdocs/ispy_erp/system/CodeIgniter.php(825): App\Controllers\UnitsController->edit('6')
#3 /opt/lampp/htdocs/ispy_erp/system/CodeIgniter.php(412): CodeIgniter\CodeIgniter->runController(Object(App\Controllers\UnitsController))
#4 /opt/lampp/htdocs/ispy_erp/system/CodeIgniter.php(320): CodeIgniter\CodeIgniter->handleRequest(NULL, Object(Config\Cache), false)
#5 /opt/lampp/htdocs/ispy_erp/index.php(37): CodeIgniter\CodeIgniter->run()
#6 {main}
ERROR - 2022-06-08 07:03:47 --> Unknown column 'inst_details.id' in 'where clause'
CRITICAL - 2022-06-08 07:03:47 --> Call to a member function getFirstRow() on bool
#0 /opt/lampp/htdocs/ispy_erp/system/BaseModel.php(523): CodeIgniter\Model->doFind(true, '6')
#1 /opt/lampp/htdocs/ispy_erp/app/Controllers/UnitsController.php(99): CodeIgniter\BaseModel->find('6')
#2 /opt/lampp/htdocs/ispy_erp/system/CodeIgniter.php(825): App\Controllers\UnitsController->edit('6')
#3 /opt/lampp/htdocs/ispy_erp/system/CodeIgniter.php(412): CodeIgniter\CodeIgniter->runController(Object(App\Controllers\UnitsController))
#4 /opt/lampp/htdocs/ispy_erp/system/CodeIgniter.php(320): CodeIgniter\CodeIgniter->handleRequest(NULL, Object(Config\Cache), false)
#5 /opt/lampp/htdocs/ispy_erp/index.php(37): CodeIgniter\CodeIgniter->run()
#6 {main}
ERROR - 2022-06-08 07:55:29 --> Unknown column 'inst_details.id' in 'where clause'
CRITICAL - 2022-06-08 07:55:29 --> Call to a member function getFirstRow() on bool
#0 /opt/lampp/htdocs/ispy_erp/system/BaseModel.php(523): CodeIgniter\Model->doFind(true, '6')
#1 /opt/lampp/htdocs/ispy_erp/app/Controllers/UnitsController.php(99): CodeIgniter\BaseModel->find('6')
#2 /opt/lampp/htdocs/ispy_erp/system/CodeIgniter.php(825): App\Controllers\UnitsController->edit('6')
#3 /opt/lampp/htdocs/ispy_erp/system/CodeIgniter.php(412): CodeIgniter\CodeIgniter->runController(Object(App\Controllers\UnitsController))
#4 /opt/lampp/htdocs/ispy_erp/system/CodeIgniter.php(320): CodeIgniter\CodeIgniter->handleRequest(NULL, Object(Config\Cache), false)
#5 /opt/lampp/htdocs/ispy_erp/index.php(37): CodeIgniter\CodeIgniter->run()
#6 {main}
ERROR - 2022-06-08 07:58:03 --> Unknown column 'inst_details.id' in 'where clause'
CRITICAL - 2022-06-08 07:58:03 --> Call to a member function getFirstRow() on bool
#0 /opt/lampp/htdocs/ispy_erp/system/BaseModel.php(523): CodeIgniter\Model->doFind(true, '6')
#1 /opt/lampp/htdocs/ispy_erp/app/Controllers/UnitsController.php(99): CodeIgniter\BaseModel->find('6')
#2 /opt/lampp/htdocs/ispy_erp/system/CodeIgniter.php(825): App\Controllers\UnitsController->edit('6')
#3 /opt/lampp/htdocs/ispy_erp/system/CodeIgniter.php(412): CodeIgniter\CodeIgniter->runController(Object(App\Controllers\UnitsController))
#4 /opt/lampp/htdocs/ispy_erp/system/CodeIgniter.php(320): CodeIgniter\CodeIgniter->handleRequest(NULL, Object(Config\Cache), false)
#5 /opt/lampp/htdocs/ispy_erp/index.php(37): CodeIgniter\CodeIgniter->run()
#6 {main}
ERROR - 2022-06-08 08:01:22 --> Unknown column 'inst_details.id' in 'where clause'
CRITICAL - 2022-06-08 08:01:22 --> Call to a member function getFirstRow() on bool
#0 /opt/lampp/htdocs/ispy_erp/system/BaseModel.php(523): CodeIgniter\Model->doFind(true, '6')
#1 /opt/lampp/htdocs/ispy_erp/app/Controllers/UnitsController.php(99): CodeIgniter\BaseModel->find('6')
#2 /opt/lampp/htdocs/ispy_erp/system/CodeIgniter.php(825): App\Controllers\UnitsController->edit('6')
#3 /opt/lampp/htdocs/ispy_erp/system/CodeIgniter.php(412): CodeIgniter\CodeIgniter->runController(Object(App\Controllers\UnitsController))
#4 /opt/lampp/htdocs/ispy_erp/system/CodeIgniter.php(320): CodeIgniter\CodeIgniter->handleRequest(NULL, Object(Config\Cache), false)
#5 /opt/lampp/htdocs/ispy_erp/index.php(37): CodeIgniter\CodeIgniter->run()
#6 {main}
ERROR - 2022-06-08 08:03:47 --> Unknown column 'inst_details.id' in 'where clause'
CRITICAL - 2022-06-08 08:03:47 --> Call to a member function getFirstRow() on bool
#0 /opt/lampp/htdocs/ispy_erp/system/BaseModel.php(523): CodeIgniter\Model->doFind(true, '6')
#1 /opt/lampp/htdocs/ispy_erp/app/Controllers/UnitsController.php(99): CodeIgniter\BaseModel->find('6')
#2 /opt/lampp/htdocs/ispy_erp/system/CodeIgniter.php(825): App\Controllers\UnitsController->edit('6')
#3 /opt/lampp/htdocs/ispy_erp/system/CodeIgniter.php(412): CodeIgniter\CodeIgniter->runController(Object(App\Controllers\UnitsController))
#4 /opt/lampp/htdocs/ispy_erp/system/CodeIgniter.php(320): CodeIgniter\CodeIgniter->handleRequest(NULL, Object(Config\Cache), false)
#5 /opt/lampp/htdocs/ispy_erp/index.php(37): CodeIgniter\CodeIgniter->run()
#6 {main}
ERROR - 2022-06-08 08:04:31 --> Unknown column 'inst_details.id' in 'where clause'
CRITICAL - 2022-06-08 08:04:31 --> Call to a member function getFirstRow() on bool
#0 /opt/lampp/htdocs/ispy_erp/system/BaseModel.php(523): CodeIgniter\Model->doFind(true, '6')
#1 /opt/lampp/htdocs/ispy_erp/app/Controllers/UnitsController.php(99): CodeIgniter\BaseModel->find('6')
#2 /opt/lampp/htdocs/ispy_erp/system/CodeIgniter.php(825): App\Controllers\UnitsController->edit('6')
#3 /opt/lampp/htdocs/ispy_erp/system/CodeIgniter.php(412): CodeIgniter\CodeIgniter->runController(Object(App\Controllers\UnitsController))
#4 /opt/lampp/htdocs/ispy_erp/system/CodeIgniter.php(320): CodeIgniter\CodeIgniter->handleRequest(NULL, Object(Config\Cache), false)
#5 /opt/lampp/htdocs/ispy_erp/index.php(37): CodeIgniter\CodeIgniter->run()
#6 {main}
ERROR - 2022-06-08 08:05:40 --> Unknown column 'inst_details.id' in 'where clause'
CRITICAL - 2022-06-08 08:05:40 --> Call to a member function getFirstRow() on bool
#0 /opt/lampp/htdocs/ispy_erp/system/BaseModel.php(523): CodeIgniter\Model->doFind(true, '6')
#1 /opt/lampp/htdocs/ispy_erp/app/Controllers/UnitsController.php(99): CodeIgniter\BaseModel->find('6')
#2 /opt/lampp/htdocs/ispy_erp/system/CodeIgniter.php(825): App\Controllers\UnitsController->edit('6')
#3 /opt/lampp/htdocs/ispy_erp/system/CodeIgniter.php(412): CodeIgniter\CodeIgniter->runController(Object(App\Controllers\UnitsController))
#4 /opt/lampp/htdocs/ispy_erp/system/CodeIgniter.php(320): CodeIgniter\CodeIgniter->handleRequest(NULL, Object(Config\Cache), false)
#5 /opt/lampp/htdocs/ispy_erp/index.php(37): CodeIgniter\CodeIgniter->run()
#6 {main}
ERROR - 2022-06-08 08:09:25 --> Unknown column 'inst_details.id' in 'where clause'
CRITICAL - 2022-06-08 08:09:25 --> Call to a member function getFirstRow() on bool
#0 /opt/lampp/htdocs/ispy_erp/system/BaseModel.php(523): CodeIgniter\Model->doFind(true, '6')
#1 /opt/lampp/htdocs/ispy_erp/app/Controllers/UnitsController.php(99): CodeIgniter\BaseModel->find('6')
#2 /opt/lampp/htdocs/ispy_erp/system/CodeIgniter.php(825): App\Controllers\UnitsController->edit('6')
#3 /opt/lampp/htdocs/ispy_erp/system/CodeIgniter.php(412): CodeIgniter\CodeIgniter->runController(Object(App\Controllers\UnitsController))
#4 /opt/lampp/htdocs/ispy_erp/system/CodeIgniter.php(320): CodeIgniter\CodeIgniter->handleRequest(NULL, Object(Config\Cache), false)
#5 /opt/lampp/htdocs/ispy_erp/index.php(37): CodeIgniter\CodeIgniter->run()
#6 {main}
ERROR - 2022-06-08 08:19:59 --> Unknown column 'inst_details.id' in 'where clause'
CRITICAL - 2022-06-08 08:19:59 --> Call to a member function getFirstRow() on bool
#0 /opt/lampp/htdocs/ispy_erp/system/BaseModel.php(523): CodeIgniter\Model->doFind(true, '6')
#1 /opt/lampp/htdocs/ispy_erp/app/Controllers/UnitsController.php(99): CodeIgniter\BaseModel->find('6')
#2 /opt/lampp/htdocs/ispy_erp/system/CodeIgniter.php(825): App\Controllers\UnitsController->edit('6')
#3 /opt/lampp/htdocs/ispy_erp/system/CodeIgniter.php(412): CodeIgniter\CodeIgniter->runController(Object(App\Controllers\UnitsController))
#4 /opt/lampp/htdocs/ispy_erp/system/CodeIgniter.php(320): CodeIgniter\CodeIgniter->handleRequest(NULL, Object(Config\Cache), false)
#5 /opt/lampp/htdocs/ispy_erp/index.php(37): CodeIgniter\CodeIgniter->run()
#6 {main}
ERROR - 2022-06-08 08:23:11 --> Unknown column 'inst_details.id' in 'where clause'
CRITICAL - 2022-06-08 08:23:11 --> Call to a member function getFirstRow() on bool
#0 /opt/lampp/htdocs/ispy_erp/system/BaseModel.php(523): CodeIgniter\Model->doFind(true, '6')
#1 /opt/lampp/htdocs/ispy_erp/app/Controllers/UnitsController.php(98): CodeIgniter\BaseModel->find('6')
#2 /opt/lampp/htdocs/ispy_erp/system/CodeIgniter.php(825): App\Controllers\UnitsController->edit('6')
#3 /opt/lampp/htdocs/ispy_erp/system/CodeIgniter.php(412): CodeIgniter\CodeIgniter->runController(Object(App\Controllers\UnitsController))
#4 /opt/lampp/htdocs/ispy_erp/system/CodeIgniter.php(320): CodeIgniter\CodeIgniter->handleRequest(NULL, Object(Config\Cache), false)
#5 /opt/lampp/htdocs/ispy_erp/index.php(37): CodeIgniter\CodeIgniter->run()
#6 {main}
ERROR - 2022-06-08 08:29:36 --> Unknown column 'inst_details.id' in 'where clause'
CRITICAL - 2022-06-08 08:29:36 --> Call to a member function getFirstRow() on bool
#0 /opt/lampp/htdocs/ispy_erp/system/BaseModel.php(523): CodeIgniter\Model->doFind(true, '6')
#1 /opt/lampp/htdocs/ispy_erp/app/Controllers/UnitsController.php(98): CodeIgniter\BaseModel->find('6')
#2 /opt/lampp/htdocs/ispy_erp/system/CodeIgniter.php(825): App\Controllers\UnitsController->edit('6')
#3 /opt/lampp/htdocs/ispy_erp/system/CodeIgniter.php(412): CodeIgniter\CodeIgniter->runController(Object(App\Controllers\UnitsController))
#4 /opt/lampp/htdocs/ispy_erp/system/CodeIgniter.php(320): CodeIgniter\CodeIgniter->handleRequest(NULL, Object(Config\Cache), false)
#5 /opt/lampp/htdocs/ispy_erp/index.php(37): CodeIgniter\CodeIgniter->run()
#6 {main}
ERROR - 2022-06-08 08:32:59 --> Unknown column 'inst_details.id' in 'where clause'
CRITICAL - 2022-06-08 08:32:59 --> Call to a member function getFirstRow() on bool
#0 /opt/lampp/htdocs/ispy_erp/system/BaseModel.php(523): CodeIgniter\Model->doFind(true, '6')
#1 /opt/lampp/htdocs/ispy_erp/app/Controllers/UnitsController.php(98): CodeIgniter\BaseModel->find('6')
#2 /opt/lampp/htdocs/ispy_erp/system/CodeIgniter.php(825): App\Controllers\UnitsController->edit('6')
#3 /opt/lampp/htdocs/ispy_erp/system/CodeIgniter.php(412): CodeIgniter\CodeIgniter->runController(Object(App\Controllers\UnitsController))
#4 /opt/lampp/htdocs/ispy_erp/system/CodeIgniter.php(320): CodeIgniter\CodeIgniter->handleRequest(NULL, Object(Config\Cache), false)
#5 /opt/lampp/htdocs/ispy_erp/index.php(37): CodeIgniter\CodeIgniter->run()
#6 {main}
ERROR - 2022-06-08 08:33:14 --> Unknown column 'inst_details.id' in 'where clause'
CRITICAL - 2022-06-08 08:33:14 --> Call to a member function getFirstRow() on bool
#0 /opt/lampp/htdocs/ispy_erp/system/BaseModel.php(523): CodeIgniter\Model->doFind(true, '6')
#1 /opt/lampp/htdocs/ispy_erp/app/Controllers/UnitsController.php(98): CodeIgniter\BaseModel->find('6')
#2 /opt/lampp/htdocs/ispy_erp/system/CodeIgniter.php(825): App\Controllers\UnitsController->edit('6')
#3 /opt/lampp/htdocs/ispy_erp/system/CodeIgniter.php(412): CodeIgniter\CodeIgniter->runController(Object(App\Controllers\UnitsController))
#4 /opt/lampp/htdocs/ispy_erp/system/CodeIgniter.php(320): CodeIgniter\CodeIgniter->handleRequest(NULL, Object(Config\Cache), false)
#5 /opt/lampp/htdocs/ispy_erp/index.php(37): CodeIgniter\CodeIgniter->run()
#6 {main}
ERROR - 2022-06-08 08:35:02 --> Unknown column 'inst_details.id' in 'where clause'
CRITICAL - 2022-06-08 08:35:02 --> Call to a member function getFirstRow() on bool
#0 /opt/lampp/htdocs/ispy_erp/system/BaseModel.php(523): CodeIgniter\Model->doFind(true, '6')
#1 /opt/lampp/htdocs/ispy_erp/app/Controllers/UnitsController.php(98): CodeIgniter\BaseModel->find('6')
#2 /opt/lampp/htdocs/ispy_erp/system/CodeIgniter.php(825): App\Controllers\UnitsController->edit('6')
#3 /opt/lampp/htdocs/ispy_erp/system/CodeIgniter.php(412): CodeIgniter\CodeIgniter->runController(Object(App\Controllers\UnitsController))
#4 /opt/lampp/htdocs/ispy_erp/system/CodeIgniter.php(320): CodeIgniter\CodeIgniter->handleRequest(NULL, Object(Config\Cache), false)
#5 /opt/lampp/htdocs/ispy_erp/index.php(37): CodeIgniter\CodeIgniter->run()
#6 {main}
ERROR - 2022-06-08 08:35:36 --> Unknown column 'inst_details.id' in 'where clause'
CRITICAL - 2022-06-08 08:35:36 --> Call to a member function getFirstRow() on bool
#0 /opt/lampp/htdocs/ispy_erp/system/BaseModel.php(523): CodeIgniter\Model->doFind(true, '6')
#1 /opt/lampp/htdocs/ispy_erp/app/Controllers/UnitsController.php(98): CodeIgniter\BaseModel->find('6')
#2 /opt/lampp/htdocs/ispy_erp/system/CodeIgniter.php(825): App\Controllers\UnitsController->edit('6')
#3 /opt/lampp/htdocs/ispy_erp/system/CodeIgniter.php(412): CodeIgniter\CodeIgniter->runController(Object(App\Controllers\UnitsController))
#4 /opt/lampp/htdocs/ispy_erp/system/CodeIgniter.php(320): CodeIgniter\CodeIgniter->handleRequest(NULL, Object(Config\Cache), false)
#5 /opt/lampp/htdocs/ispy_erp/index.php(37): CodeIgniter\CodeIgniter->run()
#6 {main}
ERROR - 2022-06-08 08:37:06 --> Unknown column 'inst_details.id' in 'where clause'
CRITICAL - 2022-06-08 08:37:06 --> Call to a member function getFirstRow() on bool
#0 /opt/lampp/htdocs/ispy_erp/system/BaseModel.php(523): CodeIgniter\Model->doFind(true, '5')
#1 /opt/lampp/htdocs/ispy_erp/app/Controllers/UnitsController.php(98): CodeIgniter\BaseModel->find('5')
#2 /opt/lampp/htdocs/ispy_erp/system/CodeIgniter.php(825): App\Controllers\UnitsController->edit('5')
#3 /opt/lampp/htdocs/ispy_erp/system/CodeIgniter.php(412): CodeIgniter\CodeIgniter->runController(Object(App\Controllers\UnitsController))
#4 /opt/lampp/htdocs/ispy_erp/system/CodeIgniter.php(320): CodeIgniter\CodeIgniter->handleRequest(NULL, Object(Config\Cache), false)
#5 /opt/lampp/htdocs/ispy_erp/index.php(37): CodeIgniter\CodeIgniter->run()
#6 {main}
ERROR - 2022-06-08 08:39:48 --> Unknown column 'inst_details.id' in 'where clause'
CRITICAL - 2022-06-08 08:39:48 --> Call to a member function getFirstRow() on bool
#0 /opt/lampp/htdocs/ispy_erp/system/BaseModel.php(523): CodeIgniter\Model->doFind(true, '6')
#1 /opt/lampp/htdocs/ispy_erp/app/Controllers/UnitsController.php(98): CodeIgniter\BaseModel->find('6')
#2 /opt/lampp/htdocs/ispy_erp/system/CodeIgniter.php(825): App\Controllers\UnitsController->edit('6')
#3 /opt/lampp/htdocs/ispy_erp/system/CodeIgniter.php(412): CodeIgniter\CodeIgniter->runController(Object(App\Controllers\UnitsController))
#4 /opt/lampp/htdocs/ispy_erp/system/CodeIgniter.php(320): CodeIgniter\CodeIgniter->handleRequest(NULL, Object(Config\Cache), false)
#5 /opt/lampp/htdocs/ispy_erp/index.php(37): CodeIgniter\CodeIgniter->run()
#6 {main}
ERROR - 2022-06-08 08:40:11 --> Unknown column 'inst_details.id' in 'where clause'
CRITICAL - 2022-06-08 08:40:11 --> Call to a member function getFirstRow() on bool
#0 /opt/lampp/htdocs/ispy_erp/system/BaseModel.php(523): CodeIgniter\Model->doFind(true, '6')
#1 /opt/lampp/htdocs/ispy_erp/app/Controllers/UnitsController.php(98): CodeIgniter\BaseModel->find('6')
#2 /opt/lampp/htdocs/ispy_erp/system/CodeIgniter.php(825): App\Controllers\UnitsController->edit('6')
#3 /opt/lampp/htdocs/ispy_erp/system/CodeIgniter.php(412): CodeIgniter\CodeIgniter->runController(Object(App\Controllers\UnitsController))
#4 /opt/lampp/htdocs/ispy_erp/system/CodeIgniter.php(320): CodeIgniter\CodeIgniter->handleRequest(NULL, Object(Config\Cache), false)
#5 /opt/lampp/htdocs/ispy_erp/index.php(37): CodeIgniter\CodeIgniter->run()
#6 {main}
ERROR - 2022-06-08 08:40:49 --> Unknown column 'inst_details.id' in 'where clause'
CRITICAL - 2022-06-08 08:40:49 --> Call to a member function getFirstRow() on bool
#0 /opt/lampp/htdocs/ispy_erp/system/BaseModel.php(523): CodeIgniter\Model->doFind(true, '6')
#1 /opt/lampp/htdocs/ispy_erp/app/Controllers/UnitsController.php(98): CodeIgniter\BaseModel->find('6')
#2 /opt/lampp/htdocs/ispy_erp/system/CodeIgniter.php(825): App\Controllers\UnitsController->edit('6')
#3 /opt/lampp/htdocs/ispy_erp/system/CodeIgniter.php(412): CodeIgniter\CodeIgniter->runController(Object(App\Controllers\UnitsController))
#4 /opt/lampp/htdocs/ispy_erp/system/CodeIgniter.php(320): CodeIgniter\CodeIgniter->handleRequest(NULL, Object(Config\Cache), false)
#5 /opt/lampp/htdocs/ispy_erp/index.php(37): CodeIgniter\CodeIgniter->run()
#6 {main}
ERROR - 2022-06-08 08:45:29 --> Unknown column 'inst_details.id' in 'where clause'
CRITICAL - 2022-06-08 08:45:29 --> Call to a member function getFirstRow() on bool
#0 /opt/lampp/htdocs/ispy_erp/system/BaseModel.php(523): CodeIgniter\Model->doFind(true, '6')
#1 /opt/lampp/htdocs/ispy_erp/app/Controllers/UnitsController.php(98): CodeIgniter\BaseModel->find('6')
#2 /opt/lampp/htdocs/ispy_erp/system/CodeIgniter.php(825): App\Controllers\UnitsController->edit('6')
#3 /opt/lampp/htdocs/ispy_erp/system/CodeIgniter.php(412): CodeIgniter\CodeIgniter->runController(Object(App\Controllers\UnitsController))
#4 /opt/lampp/htdocs/ispy_erp/system/CodeIgniter.php(320): CodeIgniter\CodeIgniter->handleRequest(NULL, Object(Config\Cache), false)
#5 /opt/lampp/htdocs/ispy_erp/index.php(37): CodeIgniter\CodeIgniter->run()
#6 {main}
ERROR - 2022-06-08 08:46:17 --> Unknown column 'inst_details.id' in 'where clause'
CRITICAL - 2022-06-08 08:46:17 --> Call to a member function getFirstRow() on bool
#0 /opt/lampp/htdocs/ispy_erp/system/BaseModel.php(523): CodeIgniter\Model->doFind(true, '6')
#1 /opt/lampp/htdocs/ispy_erp/app/Controllers/UnitsController.php(98): CodeIgniter\BaseModel->find('6')
#2 /opt/lampp/htdocs/ispy_erp/system/CodeIgniter.php(825): App\Controllers\UnitsController->edit('6')
#3 /opt/lampp/htdocs/ispy_erp/system/CodeIgniter.php(412): CodeIgniter\CodeIgniter->runController(Object(App\Controllers\UnitsController))
#4 /opt/lampp/htdocs/ispy_erp/system/CodeIgniter.php(320): CodeIgniter\CodeIgniter->handleRequest(NULL, Object(Config\Cache), false)
#5 /opt/lampp/htdocs/ispy_erp/index.php(37): CodeIgniter\CodeIgniter->run()
#6 {main}
ERROR - 2022-06-08 08:46:25 --> Unknown column 'inst_details.id' in 'where clause'
CRITICAL - 2022-06-08 08:46:25 --> Call to a member function getFirstRow() on bool
#0 /opt/lampp/htdocs/ispy_erp/system/BaseModel.php(523): CodeIgniter\Model->doFind(true, '6')
#1 /opt/lampp/htdocs/ispy_erp/app/Controllers/UnitsController.php(98): CodeIgniter\BaseModel->find('6')
#2 /opt/lampp/htdocs/ispy_erp/system/CodeIgniter.php(825): App\Controllers\UnitsController->edit('6')
#3 /opt/lampp/htdocs/ispy_erp/system/CodeIgniter.php(412): CodeIgniter\CodeIgniter->runController(Object(App\Controllers\UnitsController))
#4 /opt/lampp/htdocs/ispy_erp/system/CodeIgniter.php(320): CodeIgniter\CodeIgniter->handleRequest(NULL, Object(Config\Cache), false)
#5 /opt/lampp/htdocs/ispy_erp/index.php(37): CodeIgniter\CodeIgniter->run()
#6 {main}
ERROR - 2022-06-08 08:46:59 --> Unknown column 'inst_details.id' in 'where clause'
CRITICAL - 2022-06-08 08:46:59 --> Call to a member function getFirstRow() on bool
#0 /opt/lampp/htdocs/ispy_erp/system/BaseModel.php(523): CodeIgniter\Model->doFind(true, '6')
#1 /opt/lampp/htdocs/ispy_erp/app/Controllers/UnitsController.php(98): CodeIgniter\BaseModel->find('6')
#2 /opt/lampp/htdocs/ispy_erp/system/CodeIgniter.php(825): App\Controllers\UnitsController->edit('6')
#3 /opt/lampp/htdocs/ispy_erp/system/CodeIgniter.php(412): CodeIgniter\CodeIgniter->runController(Object(App\Controllers\UnitsController))
#4 /opt/lampp/htdocs/ispy_erp/system/CodeIgniter.php(320): CodeIgniter\CodeIgniter->handleRequest(NULL, Object(Config\Cache), false)
#5 /opt/lampp/htdocs/ispy_erp/index.php(37): CodeIgniter\CodeIgniter->run()
#6 {main}
ERROR - 2022-06-08 11:22:21 --> Unknown column 'id' in 'where clause'
ERROR - 2022-06-08 11:22:54 --> Unknown column 'id' in 'where clause'
CRITICAL - 2022-06-08 11:25:15 --> Cannot use object of type CodeIgniter\Database\MySQLi\Result as array
#0 /opt/lampp/htdocs/ispy_erp/system/CodeIgniter.php(825): App\Controllers\UnitsController->edit('6')
#1 /opt/lampp/htdocs/ispy_erp/system/CodeIgniter.php(412): CodeIgniter\CodeIgniter->runController(Object(App\Controllers\UnitsController))
#2 /opt/lampp/htdocs/ispy_erp/system/CodeIgniter.php(320): CodeIgniter\CodeIgniter->handleRequest(NULL, Object(Config\Cache), false)
#3 /opt/lampp/htdocs/ispy_erp/index.php(37): CodeIgniter\CodeIgniter->run()
#4 {main}
CRITICAL - 2022-06-08 11:28:08 --> Cannot use object of type CodeIgniter\Database\MySQLi\Builder as array
#0 /opt/lampp/htdocs/ispy_erp/system/CodeIgniter.php(825): App\Controllers\UnitsController->edit('6')
#1 /opt/lampp/htdocs/ispy_erp/system/CodeIgniter.php(412): CodeIgniter\CodeIgniter->runController(Object(App\Controllers\UnitsController))
#2 /opt/lampp/htdocs/ispy_erp/system/CodeIgniter.php(320): CodeIgniter\CodeIgniter->handleRequest(NULL, Object(Config\Cache), false)
#3 /opt/lampp/htdocs/ispy_erp/index.php(37): CodeIgniter\CodeIgniter->run()
#4 {main}
CRITICAL - 2022-06-08 11:28:28 --> Cannot use object of type CodeIgniter\Database\MySQLi\Builder as array
#0 /opt/lampp/htdocs/ispy_erp/system/CodeIgniter.php(825): App\Controllers\UnitsController->edit('6')
#1 /opt/lampp/htdocs/ispy_erp/system/CodeIgniter.php(412): CodeIgniter\CodeIgniter->runController(Object(App\Controllers\UnitsController))
#2 /opt/lampp/htdocs/ispy_erp/system/CodeIgniter.php(320): CodeIgniter\CodeIgniter->handleRequest(NULL, Object(Config\Cache), false)
#3 /opt/lampp/htdocs/ispy_erp/index.php(37): CodeIgniter\CodeIgniter->run()
#4 {main}
CRITICAL - 2022-06-08 11:40:43 --> Cannot use [] for reading
#0 /opt/lampp/htdocs/ispy_erp/system/CodeIgniter.php(825): App\Controllers\UnitsController->edit('3199')
#1 /opt/lampp/htdocs/ispy_erp/system/CodeIgniter.php(412): CodeIgniter\CodeIgniter->runController(Object(App\Controllers\UnitsController))
#2 /opt/lampp/htdocs/ispy_erp/system/CodeIgniter.php(320): CodeIgniter\CodeIgniter->handleRequest(NULL, Object(Config\Cache), false)
#3 /opt/lampp/htdocs/ispy_erp/index.php(37): CodeIgniter\CodeIgniter->run()
#4 {main}
CRITICAL - 2022-06-08 11:40:50 --> Cannot use [] for reading
#0 /opt/lampp/htdocs/ispy_erp/system/CodeIgniter.php(825): App\Controllers\UnitsController->edit('6')
#1 /opt/lampp/htdocs/ispy_erp/system/CodeIgniter.php(412): CodeIgniter\CodeIgniter->runController(Object(App\Controllers\UnitsController))
#2 /opt/lampp/htdocs/ispy_erp/system/CodeIgniter.php(320): CodeIgniter\CodeIgniter->handleRequest(NULL, Object(Config\Cache), false)
#3 /opt/lampp/htdocs/ispy_erp/index.php(37): CodeIgniter\CodeIgniter->run()
#4 {main}
CRITICAL - 2022-06-08 11:42:01 --> Cannot use [] for reading
#0 /opt/lampp/htdocs/ispy_erp/system/CodeIgniter.php(825): App\Controllers\UnitsController->edit('6')
#1 /opt/lampp/htdocs/ispy_erp/system/CodeIgniter.php(412): CodeIgniter\CodeIgniter->runController(Object(App\Controllers\UnitsController))
#2 /opt/lampp/htdocs/ispy_erp/system/CodeIgniter.php(320): CodeIgniter\CodeIgniter->handleRequest(NULL, Object(Config\Cache), false)
#3 /opt/lampp/htdocs/ispy_erp/index.php(37): CodeIgniter\CodeIgniter->run()
#4 {main}
CRITICAL - 2022-06-08 12:17:06 --> Cannot use [] for reading
#0 /opt/lampp/htdocs/ispy_erp/system/CodeIgniter.php(825): App\Controllers\UnitsController->edit('6')
#1 /opt/lampp/htdocs/ispy_erp/system/CodeIgniter.php(412): CodeIgniter\CodeIgniter->runController(Object(App\Controllers\UnitsController))
#2 /opt/lampp/htdocs/ispy_erp/system/CodeIgniter.php(320): CodeIgniter\CodeIgniter->handleRequest(NULL, Object(Config\Cache), false)
#3 /opt/lampp/htdocs/ispy_erp/index.php(37): CodeIgniter\CodeIgniter->run()
#4 {main}
ERROR - 2022-06-08 13:52:22 --> Unknown column 'inst_details.id' in 'where clause'
CRITICAL - 2022-06-08 13:52:22 --> Call to a member function getFirstRow() on bool
#0 /opt/lampp/htdocs/ispy_erp/system/BaseModel.php(523): CodeIgniter\Model->doFind(true, 'idinstallation')
#1 /opt/lampp/htdocs/ispy_erp/app/Controllers/UnitsController.php(98): CodeIgniter\BaseModel->find('idinstallation', '6')
#2 /opt/lampp/htdocs/ispy_erp/system/CodeIgniter.php(825): App\Controllers\UnitsController->edit('6')
#3 /opt/lampp/htdocs/ispy_erp/system/CodeIgniter.php(412): CodeIgniter\CodeIgniter->runController(Object(App\Controllers\UnitsController))
#4 /opt/lampp/htdocs/ispy_erp/system/CodeIgniter.php(320): CodeIgniter\CodeIgniter->handleRequest(NULL, Object(Config\Cache), false)
#5 /opt/lampp/htdocs/ispy_erp/index.php(37): CodeIgniter\CodeIgniter->run()
#6 {main}
