CRITICAL - 2022-07-12 02:34:10 --> Class 'app\Models\instModel' not found
#0 /opt/lampp/htdocs/ispy_erp/system/CodeIgniter.php(825): App\Controllers\CheckupController->index()
#1 /opt/lampp/htdocs/ispy_erp/system/CodeIgniter.php(412): CodeIgniter\CodeIgniter->runController(Object(App\Controllers\CheckupController))
#2 /opt/lampp/htdocs/ispy_erp/system/CodeIgniter.php(320): CodeIgniter\CodeIgniter->handleRequest(NULL, Object(Config\Cache), false)
#3 /opt/lampp/htdocs/ispy_erp/index.php(37): CodeIgniter\CodeIgniter->run()
#4 {main}
CRITICAL - 2022-07-12 02:34:28 --> Invalid argument supplied for foreach()
#0 /opt/lampp/htdocs/ispy_erp/app/Views/admin_template/quality/checkups.php(27): CodeIgniter\Debug\Exceptions->errorHandler(2, 'Invalid argumen...', '/opt/lampp/htdo...', 27, Array)
#1 /opt/lampp/htdocs/ispy_erp/system/View/View.php(210): include('/opt/lampp/htdo...')
#2 /opt/lampp/htdocs/ispy_erp/system/View/View.php(213): CodeIgniter\View\View->CodeIgniter\View\{closure}()
#3 /opt/lampp/htdocs/ispy_erp/system/Common.php(1089): CodeIgniter\View\View->render('admin_template/...', Array, true)
#4 /opt/lampp/htdocs/ispy_erp/app/Controllers/CheckupController.php(12): view('admin_template/...')
#5 /opt/lampp/htdocs/ispy_erp/system/CodeIgniter.php(825): App\Controllers\CheckupController->index()
#6 /opt/lampp/htdocs/ispy_erp/system/CodeIgniter.php(412): CodeIgniter\CodeIgniter->runController(Object(App\Controllers\CheckupController))
#7 /opt/lampp/htdocs/ispy_erp/system/CodeIgniter.php(320): CodeIgniter\CodeIgniter->handleRequest(NULL, Object(Config\Cache), false)
#8 /opt/lampp/htdocs/ispy_erp/index.php(37): CodeIgniter\CodeIgniter->run()
#9 {main}
CRITICAL - 2022-07-12 02:34:54 --> Invalid argument supplied for foreach()
#0 /opt/lampp/htdocs/ispy_erp/app/Views/admin_template/quality/checkups.php(27): CodeIgniter\Debug\Exceptions->errorHandler(2, 'Invalid argumen...', '/opt/lampp/htdo...', 27, Array)
#1 /opt/lampp/htdocs/ispy_erp/system/View/View.php(210): include('/opt/lampp/htdo...')
#2 /opt/lampp/htdocs/ispy_erp/system/View/View.php(213): CodeIgniter\View\View->CodeIgniter\View\{closure}()
#3 /opt/lampp/htdocs/ispy_erp/system/Common.php(1089): CodeIgniter\View\View->render('admin_template/...', Array, true)
#4 /opt/lampp/htdocs/ispy_erp/app/Controllers/CheckupController.php(12): view('admin_template/...', Array)
#5 /opt/lampp/htdocs/ispy_erp/system/CodeIgniter.php(825): App\Controllers\CheckupController->index()
#6 /opt/lampp/htdocs/ispy_erp/system/CodeIgniter.php(412): CodeIgniter\CodeIgniter->runController(Object(App\Controllers\CheckupController))
#7 /opt/lampp/htdocs/ispy_erp/system/CodeIgniter.php(320): CodeIgniter\CodeIgniter->handleRequest(NULL, Object(Config\Cache), false)
#8 /opt/lampp/htdocs/ispy_erp/index.php(37): CodeIgniter\CodeIgniter->run()
#9 {main}
CRITICAL - 2022-07-12 02:35:00 --> Invalid argument supplied for foreach()
#0 /opt/lampp/htdocs/ispy_erp/app/Views/admin_template/quality/checkups.php(27): CodeIgniter\Debug\Exceptions->errorHandler(2, 'Invalid argumen...', '/opt/lampp/htdo...', 27, Array)
#1 /opt/lampp/htdocs/ispy_erp/system/View/View.php(210): include('/opt/lampp/htdo...')
#2 /opt/lampp/htdocs/ispy_erp/system/View/View.php(213): CodeIgniter\View\View->CodeIgniter\View\{closure}()
#3 /opt/lampp/htdocs/ispy_erp/system/Common.php(1089): CodeIgniter\View\View->render('admin_template/...', Array, true)
#4 /opt/lampp/htdocs/ispy_erp/app/Controllers/CheckupController.php(12): view('admin_template/...', Array)
#5 /opt/lampp/htdocs/ispy_erp/system/CodeIgniter.php(825): App\Controllers\CheckupController->index()
#6 /opt/lampp/htdocs/ispy_erp/system/CodeIgniter.php(412): CodeIgniter\CodeIgniter->runController(Object(App\Controllers\CheckupController))
#7 /opt/lampp/htdocs/ispy_erp/system/CodeIgniter.php(320): CodeIgniter\CodeIgniter->handleRequest(NULL, Object(Config\Cache), false)
#8 /opt/lampp/htdocs/ispy_erp/index.php(37): CodeIgniter\CodeIgniter->run()
#9 {main}
