CRITICAL - 2022-05-06 01:20:15 --> Invalid argument supplied for foreach()
#0 C:\xampp\htdocs\ispy_erp\app\Views\admin_template\reports\report.php(107): CodeIgniter\Debug\Exceptions->errorHandler(2, 'Invalid argumen...', 'C:\\xampp\\htdocs...', 107, Array)
#1 C:\xampp\htdocs\ispy_erp\system\View\View.php(210): include('C:\\xampp\\htdocs...')
#2 C:\xampp\htdocs\ispy_erp\system\View\View.php(213): CodeIgniter\View\View->CodeIgniter\View\{closure}()
#3 C:\xampp\htdocs\ispy_erp\system\Common.php(1089): CodeIgniter\View\View->render('admin_template/...', Array, true)
#4 C:\xampp\htdocs\ispy_erp\app\Controllers\ReportController.php(21): view('admin_template/...', Array)
#5 C:\xampp\htdocs\ispy_erp\system\CodeIgniter.php(825): App\Controllers\ReportController->index()
#6 C:\xampp\htdocs\ispy_erp\system\CodeIgniter.php(412): CodeIgniter\CodeIgniter->runController(Object(App\Controllers\ReportController))
#7 C:\xampp\htdocs\ispy_erp\system\CodeIgniter.php(320): CodeIgniter\CodeIgniter->handleRequest(NULL, Object(Config\Cache), false)
#8 C:\xampp\htdocs\ispy_erp\index.php(37): CodeIgniter\CodeIgniter->run()
#9 {main}
CRITICAL - 2022-05-06 07:36:27 --> You must supply the parameters: from, to.
#0 C:\xampp\htdocs\ispy_erp\app\Config\Routes.php(79): CodeIgniter\Router\RouteCollection->match(Array, 'ClientControlle...')
#1 C:\xampp\htdocs\ispy_erp\system\CodeIgniter.php(706): require('C:\\xampp\\htdocs...')
#2 C:\xampp\htdocs\ispy_erp\system\CodeIgniter.php(361): CodeIgniter\CodeIgniter->tryToRouteIt(Object(CodeIgniter\Router\RouteCollection))
#3 C:\xampp\htdocs\ispy_erp\system\CodeIgniter.php(320): CodeIgniter\CodeIgniter->handleRequest(NULL, Object(Config\Cache), false)
#4 C:\xampp\htdocs\ispy_erp\index.php(37): CodeIgniter\CodeIgniter->run()
#5 {main}
CRITICAL - 2022-05-06 08:06:31 --> Invalid argument supplied for foreach()
#0 C:\xampp\htdocs\ispy_erp\app\Views\admin_template\clients.php(154): CodeIgniter\Debug\Exceptions->errorHandler(2, 'Invalid argumen...', 'C:\\xampp\\htdocs...', 154, Array)
#1 C:\xampp\htdocs\ispy_erp\system\View\View.php(210): include('C:\\xampp\\htdocs...')
#2 C:\xampp\htdocs\ispy_erp\system\View\View.php(213): CodeIgniter\View\View->CodeIgniter\View\{closure}()
#3 C:\xampp\htdocs\ispy_erp\system\Common.php(1089): CodeIgniter\View\View->render('admin_template/...', Array, true)
#4 C:\xampp\htdocs\ispy_erp\app\Controllers\ClientController.php(118): view('admin_template/...')
#5 C:\xampp\htdocs\ispy_erp\system\CodeIgniter.php(825): App\Controllers\ClientController->del('503')
#6 C:\xampp\htdocs\ispy_erp\system\CodeIgniter.php(412): CodeIgniter\CodeIgniter->runController(Object(App\Controllers\ClientController))
#7 C:\xampp\htdocs\ispy_erp\system\CodeIgniter.php(320): CodeIgniter\CodeIgniter->handleRequest(NULL, Object(Config\Cache), false)
#8 C:\xampp\htdocs\ispy_erp\index.php(37): CodeIgniter\CodeIgniter->run()
#9 {main}
CRITICAL - 2022-05-06 08:10:01 --> Invalid argument supplied for foreach()
#0 C:\xampp\htdocs\ispy_erp\app\Views\admin_template\clients.php(154): CodeIgniter\Debug\Exceptions->errorHandler(2, 'Invalid argumen...', 'C:\\xampp\\htdocs...', 154, Array)
#1 C:\xampp\htdocs\ispy_erp\system\View\View.php(210): include('C:\\xampp\\htdocs...')
#2 C:\xampp\htdocs\ispy_erp\system\View\View.php(213): CodeIgniter\View\View->CodeIgniter\View\{closure}()
#3 C:\xampp\htdocs\ispy_erp\system\Common.php(1089): CodeIgniter\View\View->render('admin_template/...', Array, true)
#4 C:\xampp\htdocs\ispy_erp\app\Controllers\ClientController.php(118): view('admin_template/...', Array)
#5 C:\xampp\htdocs\ispy_erp\system\CodeIgniter.php(825): App\Controllers\ClientController->del('504')
#6 C:\xampp\htdocs\ispy_erp\system\CodeIgniter.php(412): CodeIgniter\CodeIgniter->runController(Object(App\Controllers\ClientController))
#7 C:\xampp\htdocs\ispy_erp\system\CodeIgniter.php(320): CodeIgniter\CodeIgniter->handleRequest(NULL, Object(Config\Cache), false)
#8 C:\xampp\htdocs\ispy_erp\index.php(37): CodeIgniter\CodeIgniter->run()
#9 {main}
CRITICAL - 2022-05-06 08:11:20 --> Invalid argument supplied for foreach()
#0 C:\xampp\htdocs\ispy_erp\app\Views\admin_template\clients.php(154): CodeIgniter\Debug\Exceptions->errorHandler(2, 'Invalid argumen...', 'C:\\xampp\\htdocs...', 154, Array)
#1 C:\xampp\htdocs\ispy_erp\system\View\View.php(210): include('C:\\xampp\\htdocs...')
#2 C:\xampp\htdocs\ispy_erp\system\View\View.php(213): CodeIgniter\View\View->CodeIgniter\View\{closure}()
#3 C:\xampp\htdocs\ispy_erp\system\Common.php(1089): CodeIgniter\View\View->render('admin_template/...', Array, true)
#4 C:\xampp\htdocs\ispy_erp\app\Controllers\ClientController.php(118): view('admin_template/...', Array)
#5 C:\xampp\htdocs\ispy_erp\system\CodeIgniter.php(825): App\Controllers\ClientController->del('504')
#6 C:\xampp\htdocs\ispy_erp\system\CodeIgniter.php(412): CodeIgniter\CodeIgniter->runController(Object(App\Controllers\ClientController))
#7 C:\xampp\htdocs\ispy_erp\system\CodeIgniter.php(320): CodeIgniter\CodeIgniter->handleRequest(NULL, Object(Config\Cache), false)
#8 C:\xampp\htdocs\ispy_erp\index.php(37): CodeIgniter\CodeIgniter->run()
#9 {main}
CRITICAL - 2022-05-06 08:14:20 --> Invalid argument supplied for foreach()
#0 C:\xampp\htdocs\ispy_erp\app\Views\admin_template\clients.php(154): CodeIgniter\Debug\Exceptions->errorHandler(2, 'Invalid argumen...', 'C:\\xampp\\htdocs...', 154, Array)
#1 C:\xampp\htdocs\ispy_erp\system\View\View.php(210): include('C:\\xampp\\htdocs...')
#2 C:\xampp\htdocs\ispy_erp\system\View\View.php(213): CodeIgniter\View\View->CodeIgniter\View\{closure}()
#3 C:\xampp\htdocs\ispy_erp\system\Common.php(1089): CodeIgniter\View\View->render('admin_template/...', Array, true)
#4 C:\xampp\htdocs\ispy_erp\app\Controllers\ClientController.php(118): view('admin_template/...', Array)
#5 C:\xampp\htdocs\ispy_erp\system\CodeIgniter.php(825): App\Controllers\ClientController->del('505')
#6 C:\xampp\htdocs\ispy_erp\system\CodeIgniter.php(412): CodeIgniter\CodeIgniter->runController(Object(App\Controllers\ClientController))
#7 C:\xampp\htdocs\ispy_erp\system\CodeIgniter.php(320): CodeIgniter\CodeIgniter->handleRequest(NULL, Object(Config\Cache), false)
#8 C:\xampp\htdocs\ispy_erp\index.php(37): CodeIgniter\CodeIgniter->run()
#9 {main}
CRITICAL - 2022-05-06 08:20:35 --> Invalid argument supplied for foreach()
#0 C:\xampp\htdocs\ispy_erp\app\Views\admin_template\clients.php(154): CodeIgniter\Debug\Exceptions->errorHandler(2, 'Invalid argumen...', 'C:\\xampp\\htdocs...', 154, Array)
#1 C:\xampp\htdocs\ispy_erp\system\View\View.php(210): include('C:\\xampp\\htdocs...')
#2 C:\xampp\htdocs\ispy_erp\system\View\View.php(213): CodeIgniter\View\View->CodeIgniter\View\{closure}()
#3 C:\xampp\htdocs\ispy_erp\system\Common.php(1089): CodeIgniter\View\View->render('admin_template/...', Array, true)
#4 C:\xampp\htdocs\ispy_erp\app\Controllers\ClientController.php(118): view('admin_template/...', Array)
#5 C:\xampp\htdocs\ispy_erp\system\CodeIgniter.php(825): App\Controllers\ClientController->del('506')
#6 C:\xampp\htdocs\ispy_erp\system\CodeIgniter.php(412): CodeIgniter\CodeIgniter->runController(Object(App\Controllers\ClientController))
#7 C:\xampp\htdocs\ispy_erp\system\CodeIgniter.php(320): CodeIgniter\CodeIgniter->handleRequest(NULL, Object(Config\Cache), false)
#8 C:\xampp\htdocs\ispy_erp\index.php(37): CodeIgniter\CodeIgniter->run()
#9 {main}
