CRITICAL - 2022-07-20 06:38:57 --> The action you requested is not allowed.
#0 /opt/lampp/htdocs/ispy_erp/system/Security/Security.php(289): CodeIgniter\Security\Exceptions\SecurityException::forDisallowedAction()
#1 /opt/lampp/htdocs/ispy_erp/system/Filters/CSRF.php(53): CodeIgniter\Security\Security->verify(Object(CodeIgniter\HTTP\IncomingRequest))
#2 /opt/lampp/htdocs/ispy_erp/system/Filters/Filters.php(173): CodeIgniter\Filters\CSRF->before(Object(CodeIgniter\HTTP\IncomingRequest), NULL)
#3 /opt/lampp/htdocs/ispy_erp/system/CodeIgniter.php(386): CodeIgniter\Filters\Filters->run('/removeImage/32...', 'before')
#4 /opt/lampp/htdocs/ispy_erp/system/CodeIgniter.php(320): CodeIgniter\CodeIgniter->handleRequest(NULL, Object(Config\Cache), false)
#5 /opt/lampp/htdocs/ispy_erp/index.php(37): CodeIgniter\CodeIgniter->run()
#6 {main}
CRITICAL - 2022-07-20 06:39:46 --> The action you requested is not allowed.
#0 /opt/lampp/htdocs/ispy_erp/system/Security/Security.php(289): CodeIgniter\Security\Exceptions\SecurityException::forDisallowedAction()
#1 /opt/lampp/htdocs/ispy_erp/system/Filters/CSRF.php(53): CodeIgniter\Security\Security->verify(Object(CodeIgniter\HTTP\IncomingRequest))
#2 /opt/lampp/htdocs/ispy_erp/system/Filters/Filters.php(173): CodeIgniter\Filters\CSRF->before(Object(CodeIgniter\HTTP\IncomingRequest), NULL)
#3 /opt/lampp/htdocs/ispy_erp/system/CodeIgniter.php(386): CodeIgniter\Filters\Filters->run('/removeImage/32...', 'before')
#4 /opt/lampp/htdocs/ispy_erp/system/CodeIgniter.php(320): CodeIgniter\CodeIgniter->handleRequest(NULL, Object(Config\Cache), false)
#5 /opt/lampp/htdocs/ispy_erp/index.php(37): CodeIgniter\CodeIgniter->run()
#6 {main}
CRITICAL - 2022-07-20 06:40:39 --> The action you requested is not allowed.
#0 /opt/lampp/htdocs/ispy_erp/system/Security/Security.php(289): CodeIgniter\Security\Exceptions\SecurityException::forDisallowedAction()
#1 /opt/lampp/htdocs/ispy_erp/system/Filters/CSRF.php(53): CodeIgniter\Security\Security->verify(Object(CodeIgniter\HTTP\IncomingRequest))
#2 /opt/lampp/htdocs/ispy_erp/system/Filters/Filters.php(173): CodeIgniter\Filters\CSRF->before(Object(CodeIgniter\HTTP\IncomingRequest), NULL)
#3 /opt/lampp/htdocs/ispy_erp/system/CodeIgniter.php(386): CodeIgniter\Filters\Filters->run('/removeImage/32...', 'before')
#4 /opt/lampp/htdocs/ispy_erp/system/CodeIgniter.php(320): CodeIgniter\CodeIgniter->handleRequest(NULL, Object(Config\Cache), false)
#5 /opt/lampp/htdocs/ispy_erp/index.php(37): CodeIgniter\CodeIgniter->run()
#6 {main}
CRITICAL - 2022-07-20 06:41:36 --> Object of class App\Models\unitModel could not be converted to string
#0 /opt/lampp/htdocs/ispy_erp/system/CodeIgniter.php(825): App\Controllers\UnitsController->rmImage('3208')
#1 /opt/lampp/htdocs/ispy_erp/system/CodeIgniter.php(412): CodeIgniter\CodeIgniter->runController(Object(App\Controllers\UnitsController))
#2 /opt/lampp/htdocs/ispy_erp/system/CodeIgniter.php(320): CodeIgniter\CodeIgniter->handleRequest(NULL, Object(Config\Cache), false)
#3 /opt/lampp/htdocs/ispy_erp/index.php(37): CodeIgniter\CodeIgniter->run()
#4 {main}
CRITICAL - 2022-07-20 07:56:26 --> Object of class App\Models\unitModel could not be converted to string
#0 /opt/lampp/htdocs/ispy_erp/system/CodeIgniter.php(825): App\Controllers\UnitsController->rmImage('3208')
#1 /opt/lampp/htdocs/ispy_erp/system/CodeIgniter.php(412): CodeIgniter\CodeIgniter->runController(Object(App\Controllers\UnitsController))
#2 /opt/lampp/htdocs/ispy_erp/system/CodeIgniter.php(320): CodeIgniter\CodeIgniter->handleRequest(NULL, Object(Config\Cache), false)
#3 /opt/lampp/htdocs/ispy_erp/index.php(37): CodeIgniter\CodeIgniter->run()
#4 {main}
CRITICAL - 2022-07-20 08:16:20 --> Object of class App\Models\unitModel could not be converted to string
#0 /opt/lampp/htdocs/ispy_erp/system/CodeIgniter.php(825): App\Controllers\UnitsController->rmImage('3208')
#1 /opt/lampp/htdocs/ispy_erp/system/CodeIgniter.php(412): CodeIgniter\CodeIgniter->runController(Object(App\Controllers\UnitsController))
#2 /opt/lampp/htdocs/ispy_erp/system/CodeIgniter.php(320): CodeIgniter\CodeIgniter->handleRequest(NULL, Object(Config\Cache), false)
#3 /opt/lampp/htdocs/ispy_erp/index.php(37): CodeIgniter\CodeIgniter->run()
#4 {main}
CRITICAL - 2022-07-20 08:16:30 --> Object of class App\Models\unitModel could not be converted to string
#0 /opt/lampp/htdocs/ispy_erp/system/CodeIgniter.php(825): App\Controllers\UnitsController->rmImage('3208')
#1 /opt/lampp/htdocs/ispy_erp/system/CodeIgniter.php(412): CodeIgniter\CodeIgniter->runController(Object(App\Controllers\UnitsController))
#2 /opt/lampp/htdocs/ispy_erp/system/CodeIgniter.php(320): CodeIgniter\CodeIgniter->handleRequest(NULL, Object(Config\Cache), false)
#3 /opt/lampp/htdocs/ispy_erp/index.php(37): CodeIgniter\CodeIgniter->run()
#4 {main}
CRITICAL - 2022-07-20 08:28:17 --> Object of class App\Models\unitModel could not be converted to string
#0 /opt/lampp/htdocs/ispy_erp/system/CodeIgniter.php(825): App\Controllers\UnitsController->rmImage('3208')
#1 /opt/lampp/htdocs/ispy_erp/system/CodeIgniter.php(412): CodeIgniter\CodeIgniter->runController(Object(App\Controllers\UnitsController))
#2 /opt/lampp/htdocs/ispy_erp/system/CodeIgniter.php(320): CodeIgniter\CodeIgniter->handleRequest(NULL, Object(Config\Cache), false)
#3 /opt/lampp/htdocs/ispy_erp/index.php(37): CodeIgniter\CodeIgniter->run()
#4 {main}
CRITICAL - 2022-07-20 09:07:01 --> Object of class CodeIgniter\Database\MySQLi\Result could not be converted to string
#0 /opt/lampp/htdocs/ispy_erp/system/CodeIgniter.php(825): App\Controllers\UnitsController->rmImage('3208')
#1 /opt/lampp/htdocs/ispy_erp/system/CodeIgniter.php(412): CodeIgniter\CodeIgniter->runController(Object(App\Controllers\UnitsController))
#2 /opt/lampp/htdocs/ispy_erp/system/CodeIgniter.php(320): CodeIgniter\CodeIgniter->handleRequest(NULL, Object(Config\Cache), false)
#3 /opt/lampp/htdocs/ispy_erp/index.php(37): CodeIgniter\CodeIgniter->run()
#4 {main}
