CRITICAL - 2022-07-05 04:52:38 --> The action you requested is not allowed.
#0 /opt/lampp/htdocs/ispy_erp/system/Security/Security.php(289): CodeIgniter\Security\Exceptions\SecurityException::forDisallowedAction()
#1 /opt/lampp/htdocs/ispy_erp/system/Filters/CSRF.php(53): CodeIgniter\Security\Security->verify(Object(CodeIgniter\HTTP\IncomingRequest))
#2 /opt/lampp/htdocs/ispy_erp/system/Filters/Filters.php(173): CodeIgniter\Filters\CSRF->before(Object(CodeIgniter\HTTP\IncomingRequest), NULL)
#3 /opt/lampp/htdocs/ispy_erp/system/CodeIgniter.php(386): CodeIgniter\Filters\Filters->run('/removeImage/16...', 'before')
#4 /opt/lampp/htdocs/ispy_erp/system/CodeIgniter.php(320): CodeIgniter\CodeIgniter->handleRequest(NULL, Object(Config\Cache), false)
#5 /opt/lampp/htdocs/ispy_erp/index.php(37): CodeIgniter\CodeIgniter->run()
#6 {main}
CRITICAL - 2022-07-05 04:52:40 --> The action you requested is not allowed.
#0 /opt/lampp/htdocs/ispy_erp/system/Security/Security.php(289): CodeIgniter\Security\Exceptions\SecurityException::forDisallowedAction()
#1 /opt/lampp/htdocs/ispy_erp/system/Filters/CSRF.php(53): CodeIgniter\Security\Security->verify(Object(CodeIgniter\HTTP\IncomingRequest))
#2 /opt/lampp/htdocs/ispy_erp/system/Filters/Filters.php(173): CodeIgniter\Filters\CSRF->before(Object(CodeIgniter\HTTP\IncomingRequest), NULL)
#3 /opt/lampp/htdocs/ispy_erp/system/CodeIgniter.php(386): CodeIgniter\Filters\Filters->run('/removeImage/16...', 'before')
#4 /opt/lampp/htdocs/ispy_erp/system/CodeIgniter.php(320): CodeIgniter\CodeIgniter->handleRequest(NULL, Object(Config\Cache), false)
#5 /opt/lampp/htdocs/ispy_erp/index.php(37): CodeIgniter\CodeIgniter->run()
#6 {main}
CRITICAL - 2022-07-05 04:52:40 --> The action you requested is not allowed.
#0 /opt/lampp/htdocs/ispy_erp/system/Security/Security.php(289): CodeIgniter\Security\Exceptions\SecurityException::forDisallowedAction()
#1 /opt/lampp/htdocs/ispy_erp/system/Filters/CSRF.php(53): CodeIgniter\Security\Security->verify(Object(CodeIgniter\HTTP\IncomingRequest))
#2 /opt/lampp/htdocs/ispy_erp/system/Filters/Filters.php(173): CodeIgniter\Filters\CSRF->before(Object(CodeIgniter\HTTP\IncomingRequest), NULL)
#3 /opt/lampp/htdocs/ispy_erp/system/CodeIgniter.php(386): CodeIgniter\Filters\Filters->run('/removeImage/16...', 'before')
#4 /opt/lampp/htdocs/ispy_erp/system/CodeIgniter.php(320): CodeIgniter\CodeIgniter->handleRequest(NULL, Object(Config\Cache), false)
#5 /opt/lampp/htdocs/ispy_erp/index.php(37): CodeIgniter\CodeIgniter->run()
#6 {main}
