ERROR - 2022-06-16 03:13:58 --> Unknown column 'action' in 'order clause'
CRITICAL - 2022-06-16 03:13:58 --> Call to a member function getResult() on bool
#0 /opt/lampp/htdocs/ispy_erp/system/BaseModel.php(584): CodeIgniter\Model->doFindAll(10, 0)
#1 /opt/lampp/htdocs/ispy_erp/app/Controllers/UnitsController.php(175): CodeIgniter\BaseModel->findAll(10, 0)
#2 /opt/lampp/htdocs/ispy_erp/system/CodeIgniter.php(825): App\Controllers\UnitsController->getUnits()
#3 /opt/lampp/htdocs/ispy_erp/system/CodeIgniter.php(412): CodeIgniter\CodeIgniter->runController(Object(App\Controllers\UnitsController))
#4 /opt/lampp/htdocs/ispy_erp/system/CodeIgniter.php(320): CodeIgniter\CodeIgniter->handleRequest(NULL, Object(Config\Cache), false)
#5 /opt/lampp/htdocs/ispy_erp/index.php(37): CodeIgniter\CodeIgniter->run()
#6 {main}
CRITICAL - 2022-06-16 03:14:19 --> The action you requested is not allowed.
#0 /opt/lampp/htdocs/ispy_erp/system/Security/Security.php(289): CodeIgniter\Security\Exceptions\SecurityException::forDisallowedAction()
#1 /opt/lampp/htdocs/ispy_erp/system/Filters/CSRF.php(53): CodeIgniter\Security\Security->verify(Object(CodeIgniter\HTTP\IncomingRequest))
#2 /opt/lampp/htdocs/ispy_erp/system/Filters/Filters.php(173): CodeIgniter\Filters\CSRF->before(Object(CodeIgniter\HTTP\IncomingRequest), NULL)
#3 /opt/lampp/htdocs/ispy_erp/system/CodeIgniter.php(386): CodeIgniter\Filters\Filters->run('/batch/load', 'before')
#4 /opt/lampp/htdocs/ispy_erp/system/CodeIgniter.php(320): CodeIgniter\CodeIgniter->handleRequest(NULL, Object(Config\Cache), false)
#5 /opt/lampp/htdocs/ispy_erp/index.php(37): CodeIgniter\CodeIgniter->run()
#6 {main}
CRITICAL - 2022-06-16 03:14:25 --> The action you requested is not allowed.
#0 /opt/lampp/htdocs/ispy_erp/system/Security/Security.php(289): CodeIgniter\Security\Exceptions\SecurityException::forDisallowedAction()
#1 /opt/lampp/htdocs/ispy_erp/system/Filters/CSRF.php(53): CodeIgniter\Security\Security->verify(Object(CodeIgniter\HTTP\IncomingRequest))
#2 /opt/lampp/htdocs/ispy_erp/system/Filters/Filters.php(173): CodeIgniter\Filters\CSRF->before(Object(CodeIgniter\HTTP\IncomingRequest), NULL)
#3 /opt/lampp/htdocs/ispy_erp/system/CodeIgniter.php(386): CodeIgniter\Filters\Filters->run('/batch/load', 'before')
#4 /opt/lampp/htdocs/ispy_erp/system/CodeIgniter.php(320): CodeIgniter\CodeIgniter->handleRequest(NULL, Object(Config\Cache), false)
#5 /opt/lampp/htdocs/ispy_erp/index.php(37): CodeIgniter\CodeIgniter->run()
#6 {main}
CRITICAL - 2022-06-16 03:19:30 --> Argument 2 passed to CodeIgniter\Database\BaseBuilder::orLike() must be of the type string, null given, called in /opt/lampp/htdocs/ispy_erp/system/Model.php on line 728
#0 /opt/lampp/htdocs/ispy_erp/system/Model.php(728): CodeIgniter\Database\BaseBuilder->orLike('regno', NULL)
#1 /opt/lampp/htdocs/ispy_erp/app/Controllers/UnitsController.php(246): CodeIgniter\Model->__call('orLike', Array)
#2 /opt/lampp/htdocs/ispy_erp/system/CodeIgniter.php(825): App\Controllers\UnitsController->batch()
#3 /opt/lampp/htdocs/ispy_erp/system/CodeIgniter.php(412): CodeIgniter\CodeIgniter->runController(Object(App\Controllers\UnitsController))
#4 /opt/lampp/htdocs/ispy_erp/system/CodeIgniter.php(320): CodeIgniter\CodeIgniter->handleRequest(NULL, Object(Config\Cache), false)
#5 /opt/lampp/htdocs/ispy_erp/index.php(37): CodeIgniter\CodeIgniter->run()
#6 {main}
CRITICAL - 2022-06-16 03:22:19 --> Argument 2 passed to CodeIgniter\Database\BaseBuilder::orLike() must be of the type string, null given, called in /opt/lampp/htdocs/ispy_erp/system/Model.php on line 728
#0 /opt/lampp/htdocs/ispy_erp/system/Model.php(728): CodeIgniter\Database\BaseBuilder->orLike('regno', NULL)
#1 /opt/lampp/htdocs/ispy_erp/app/Controllers/UnitsController.php(246): CodeIgniter\Model->__call('orLike', Array)
#2 /opt/lampp/htdocs/ispy_erp/system/CodeIgniter.php(825): App\Controllers\UnitsController->batch()
#3 /opt/lampp/htdocs/ispy_erp/system/CodeIgniter.php(412): CodeIgniter\CodeIgniter->runController(Object(App\Controllers\UnitsController))
#4 /opt/lampp/htdocs/ispy_erp/system/CodeIgniter.php(320): CodeIgniter\CodeIgniter->handleRequest(NULL, Object(Config\Cache), false)
#5 /opt/lampp/htdocs/ispy_erp/index.php(37): CodeIgniter\CodeIgniter->run()
#6 {main}
CRITICAL - 2022-06-16 03:24:23 --> Argument 2 passed to CodeIgniter\Database\BaseBuilder::orLike() must be of the type string, null given, called in /opt/lampp/htdocs/ispy_erp/system/Model.php on line 728
#0 /opt/lampp/htdocs/ispy_erp/system/Model.php(728): CodeIgniter\Database\BaseBuilder->orLike('regno', NULL)
#1 /opt/lampp/htdocs/ispy_erp/app/Controllers/UnitsController.php(246): CodeIgniter\Model->__call('orLike', Array)
#2 /opt/lampp/htdocs/ispy_erp/system/CodeIgniter.php(825): App\Controllers\UnitsController->batch()
#3 /opt/lampp/htdocs/ispy_erp/system/CodeIgniter.php(412): CodeIgniter\CodeIgniter->runController(Object(App\Controllers\UnitsController))
#4 /opt/lampp/htdocs/ispy_erp/system/CodeIgniter.php(320): CodeIgniter\CodeIgniter->handleRequest(NULL, Object(Config\Cache), false)
#5 /opt/lampp/htdocs/ispy_erp/index.php(37): CodeIgniter\CodeIgniter->run()
#6 {main}
CRITICAL - 2022-06-16 03:25:36 --> Argument 2 passed to CodeIgniter\Database\BaseBuilder::orLike() must be of the type string, null given, called in /opt/lampp/htdocs/ispy_erp/system/Model.php on line 728
#0 /opt/lampp/htdocs/ispy_erp/system/Model.php(728): CodeIgniter\Database\BaseBuilder->orLike('regno', NULL)
#1 /opt/lampp/htdocs/ispy_erp/app/Controllers/UnitsController.php(246): CodeIgniter\Model->__call('orLike', Array)
#2 /opt/lampp/htdocs/ispy_erp/system/CodeIgniter.php(825): App\Controllers\UnitsController->batch()
#3 /opt/lampp/htdocs/ispy_erp/system/CodeIgniter.php(412): CodeIgniter\CodeIgniter->runController(Object(App\Controllers\UnitsController))
#4 /opt/lampp/htdocs/ispy_erp/system/CodeIgniter.php(320): CodeIgniter\CodeIgniter->handleRequest(NULL, Object(Config\Cache), false)
#5 /opt/lampp/htdocs/ispy_erp/index.php(37): CodeIgniter\CodeIgniter->run()
#6 {main}
CRITICAL - 2022-06-16 03:26:11 --> Argument 2 passed to CodeIgniter\Database\BaseBuilder::orLike() must be of the type string, null given, called in /opt/lampp/htdocs/ispy_erp/system/Model.php on line 728
#0 /opt/lampp/htdocs/ispy_erp/system/Model.php(728): CodeIgniter\Database\BaseBuilder->orLike('regno', NULL)
#1 /opt/lampp/htdocs/ispy_erp/app/Controllers/UnitsController.php(246): CodeIgniter\Model->__call('orLike', Array)
#2 /opt/lampp/htdocs/ispy_erp/system/CodeIgniter.php(825): App\Controllers\UnitsController->batch()
#3 /opt/lampp/htdocs/ispy_erp/system/CodeIgniter.php(412): CodeIgniter\CodeIgniter->runController(Object(App\Controllers\UnitsController))
#4 /opt/lampp/htdocs/ispy_erp/system/CodeIgniter.php(320): CodeIgniter\CodeIgniter->handleRequest(NULL, Object(Config\Cache), false)
#5 /opt/lampp/htdocs/ispy_erp/index.php(37): CodeIgniter\CodeIgniter->run()
#6 {main}
CRITICAL - 2022-06-16 03:27:04 --> Argument 2 passed to CodeIgniter\Database\BaseBuilder::orLike() must be of the type string, null given, called in /opt/lampp/htdocs/ispy_erp/system/Model.php on line 728
#0 /opt/lampp/htdocs/ispy_erp/system/Model.php(728): CodeIgniter\Database\BaseBuilder->orLike('regno', NULL)
#1 /opt/lampp/htdocs/ispy_erp/app/Controllers/UnitsController.php(246): CodeIgniter\Model->__call('orLike', Array)
#2 /opt/lampp/htdocs/ispy_erp/system/CodeIgniter.php(825): App\Controllers\UnitsController->batch()
#3 /opt/lampp/htdocs/ispy_erp/system/CodeIgniter.php(412): CodeIgniter\CodeIgniter->runController(Object(App\Controllers\UnitsController))
#4 /opt/lampp/htdocs/ispy_erp/system/CodeIgniter.php(320): CodeIgniter\CodeIgniter->handleRequest(NULL, Object(Config\Cache), false)
#5 /opt/lampp/htdocs/ispy_erp/index.php(37): CodeIgniter\CodeIgniter->run()
#6 {main}
ERROR - 2022-06-16 07:40:47 --> Unknown column 'idclient' in 'order clause'
CRITICAL - 2022-06-16 07:40:47 --> Call to a member function getResult() on bool
#0 /opt/lampp/htdocs/ispy_erp/system/BaseModel.php(584): CodeIgniter\Model->doFindAll(10, 0)
#1 /opt/lampp/htdocs/ispy_erp/app/Controllers/UnitsController.php(260): CodeIgniter\BaseModel->findAll(10, 0)
#2 /opt/lampp/htdocs/ispy_erp/system/CodeIgniter.php(825): App\Controllers\UnitsController->batch()
#3 /opt/lampp/htdocs/ispy_erp/system/CodeIgniter.php(412): CodeIgniter\CodeIgniter->runController(Object(App\Controllers\UnitsController))
#4 /opt/lampp/htdocs/ispy_erp/system/CodeIgniter.php(320): CodeIgniter\CodeIgniter->handleRequest(NULL, Object(Config\Cache), false)
#5 /opt/lampp/htdocs/ispy_erp/index.php(37): CodeIgniter\CodeIgniter->run()
#6 {main}
ERROR - 2022-06-16 07:41:22 --> Unknown column 'idclient' in 'order clause'
CRITICAL - 2022-06-16 07:41:22 --> Call to a member function getResult() on bool
#0 /opt/lampp/htdocs/ispy_erp/system/BaseModel.php(584): CodeIgniter\Model->doFindAll(10, 0)
#1 /opt/lampp/htdocs/ispy_erp/app/Controllers/UnitsController.php(260): CodeIgniter\BaseModel->findAll(10, 0)
#2 /opt/lampp/htdocs/ispy_erp/system/CodeIgniter.php(825): App\Controllers\UnitsController->batch()
#3 /opt/lampp/htdocs/ispy_erp/system/CodeIgniter.php(412): CodeIgniter\CodeIgniter->runController(Object(App\Controllers\UnitsController))
#4 /opt/lampp/htdocs/ispy_erp/system/CodeIgniter.php(320): CodeIgniter\CodeIgniter->handleRequest(NULL, Object(Config\Cache), false)
#5 /opt/lampp/htdocs/ispy_erp/index.php(37): CodeIgniter\CodeIgniter->run()
#6 {main}
ERROR - 2022-06-16 07:44:27 --> Unknown column 'idclient' in 'order clause'
CRITICAL - 2022-06-16 07:44:27 --> Call to a member function getResult() on bool
#0 /opt/lampp/htdocs/ispy_erp/system/BaseModel.php(584): CodeIgniter\Model->doFindAll(10, 0)
#1 /opt/lampp/htdocs/ispy_erp/app/Controllers/UnitsController.php(260): CodeIgniter\BaseModel->findAll(10, 0)
#2 /opt/lampp/htdocs/ispy_erp/system/CodeIgniter.php(825): App\Controllers\UnitsController->batch()
#3 /opt/lampp/htdocs/ispy_erp/system/CodeIgniter.php(412): CodeIgniter\CodeIgniter->runController(Object(App\Controllers\UnitsController))
#4 /opt/lampp/htdocs/ispy_erp/system/CodeIgniter.php(320): CodeIgniter\CodeIgniter->handleRequest(NULL, Object(Config\Cache), false)
#5 /opt/lampp/htdocs/ispy_erp/index.php(37): CodeIgniter\CodeIgniter->run()
#6 {main}
ERROR - 2022-06-16 07:48:30 --> Unknown column 'idclient' in 'order clause'
CRITICAL - 2022-06-16 07:48:30 --> Call to a member function getResult() on bool
#0 /opt/lampp/htdocs/ispy_erp/system/BaseModel.php(584): CodeIgniter\Model->doFindAll(10, 0)
#1 /opt/lampp/htdocs/ispy_erp/app/Controllers/UnitsController.php(260): CodeIgniter\BaseModel->findAll(10, 0)
#2 /opt/lampp/htdocs/ispy_erp/system/CodeIgniter.php(825): App\Controllers\UnitsController->batch()
#3 /opt/lampp/htdocs/ispy_erp/system/CodeIgniter.php(412): CodeIgniter\CodeIgniter->runController(Object(App\Controllers\UnitsController))
#4 /opt/lampp/htdocs/ispy_erp/system/CodeIgniter.php(320): CodeIgniter\CodeIgniter->handleRequest(NULL, Object(Config\Cache), false)
#5 /opt/lampp/htdocs/ispy_erp/index.php(37): CodeIgniter\CodeIgniter->run()
#6 {main}
ERROR - 2022-06-16 07:50:00 --> Unknown column 'idclient' in 'order clause'
CRITICAL - 2022-06-16 07:50:00 --> Call to a member function getResult() on bool
#0 /opt/lampp/htdocs/ispy_erp/system/BaseModel.php(584): CodeIgniter\Model->doFindAll(10, 0)
#1 /opt/lampp/htdocs/ispy_erp/app/Controllers/UnitsController.php(260): CodeIgniter\BaseModel->findAll(10, 0)
#2 /opt/lampp/htdocs/ispy_erp/system/CodeIgniter.php(825): App\Controllers\UnitsController->batch()
#3 /opt/lampp/htdocs/ispy_erp/system/CodeIgniter.php(412): CodeIgniter\CodeIgniter->runController(Object(App\Controllers\UnitsController))
#4 /opt/lampp/htdocs/ispy_erp/system/CodeIgniter.php(320): CodeIgniter\CodeIgniter->handleRequest(NULL, Object(Config\Cache), false)
#5 /opt/lampp/htdocs/ispy_erp/index.php(37): CodeIgniter\CodeIgniter->run()
#6 {main}
ERROR - 2022-06-16 07:51:28 --> Unknown column 'idclient' in 'order clause'
CRITICAL - 2022-06-16 07:51:28 --> Call to a member function getResult() on bool
#0 /opt/lampp/htdocs/ispy_erp/system/BaseModel.php(584): CodeIgniter\Model->doFindAll(10, 0)
#1 /opt/lampp/htdocs/ispy_erp/app/Controllers/UnitsController.php(260): CodeIgniter\BaseModel->findAll(10, 0)
#2 /opt/lampp/htdocs/ispy_erp/system/CodeIgniter.php(825): App\Controllers\UnitsController->batch()
#3 /opt/lampp/htdocs/ispy_erp/system/CodeIgniter.php(412): CodeIgniter\CodeIgniter->runController(Object(App\Controllers\UnitsController))
#4 /opt/lampp/htdocs/ispy_erp/system/CodeIgniter.php(320): CodeIgniter\CodeIgniter->handleRequest(NULL, Object(Config\Cache), false)
#5 /opt/lampp/htdocs/ispy_erp/index.php(37): CodeIgniter\CodeIgniter->run()
#6 {main}
ERROR - 2022-06-16 07:51:41 --> Unknown column 'idclient' in 'order clause'
CRITICAL - 2022-06-16 07:51:41 --> Call to a member function getResult() on bool
#0 /opt/lampp/htdocs/ispy_erp/system/BaseModel.php(584): CodeIgniter\Model->doFindAll(10, 0)
#1 /opt/lampp/htdocs/ispy_erp/app/Controllers/UnitsController.php(260): CodeIgniter\BaseModel->findAll(10, 0)
#2 /opt/lampp/htdocs/ispy_erp/system/CodeIgniter.php(825): App\Controllers\UnitsController->batch()
#3 /opt/lampp/htdocs/ispy_erp/system/CodeIgniter.php(412): CodeIgniter\CodeIgniter->runController(Object(App\Controllers\UnitsController))
#4 /opt/lampp/htdocs/ispy_erp/system/CodeIgniter.php(320): CodeIgniter\CodeIgniter->handleRequest(NULL, Object(Config\Cache), false)
#5 /opt/lampp/htdocs/ispy_erp/index.php(37): CodeIgniter\CodeIgniter->run()
#6 {main}
ERROR - 2022-06-16 07:55:17 --> Unknown column 'idclient' in 'order clause'
CRITICAL - 2022-06-16 07:55:17 --> Call to a member function getResult() on bool
#0 /opt/lampp/htdocs/ispy_erp/system/BaseModel.php(584): CodeIgniter\Model->doFindAll(10, 0)
#1 /opt/lampp/htdocs/ispy_erp/app/Controllers/UnitsController.php(260): CodeIgniter\BaseModel->findAll(10, 0)
#2 /opt/lampp/htdocs/ispy_erp/system/CodeIgniter.php(825): App\Controllers\UnitsController->batch()
#3 /opt/lampp/htdocs/ispy_erp/system/CodeIgniter.php(412): CodeIgniter\CodeIgniter->runController(Object(App\Controllers\UnitsController))
#4 /opt/lampp/htdocs/ispy_erp/system/CodeIgniter.php(320): CodeIgniter\CodeIgniter->handleRequest(NULL, Object(Config\Cache), false)
#5 /opt/lampp/htdocs/ispy_erp/index.php(37): CodeIgniter\CodeIgniter->run()
#6 {main}
ERROR - 2022-06-16 07:55:27 --> Unknown column 'idclient' in 'order clause'
CRITICAL - 2022-06-16 07:55:27 --> Call to a member function getResult() on bool
#0 /opt/lampp/htdocs/ispy_erp/system/BaseModel.php(584): CodeIgniter\Model->doFindAll(10, 0)
#1 /opt/lampp/htdocs/ispy_erp/app/Controllers/UnitsController.php(260): CodeIgniter\BaseModel->findAll(10, 0)
#2 /opt/lampp/htdocs/ispy_erp/system/CodeIgniter.php(825): App\Controllers\UnitsController->batch()
#3 /opt/lampp/htdocs/ispy_erp/system/CodeIgniter.php(412): CodeIgniter\CodeIgniter->runController(Object(App\Controllers\UnitsController))
#4 /opt/lampp/htdocs/ispy_erp/system/CodeIgniter.php(320): CodeIgniter\CodeIgniter->handleRequest(NULL, Object(Config\Cache), false)
#5 /opt/lampp/htdocs/ispy_erp/index.php(37): CodeIgniter\CodeIgniter->run()
#6 {main}
CRITICAL - 2022-06-16 08:01:33 --> syntax error, unexpected 'dropdown' (T_STRING)
#0 /opt/lampp/htdocs/ispy_erp/system/Autoloader/Autoloader.php(241): CodeIgniter\Autoloader\Autoloader->includeFile('/opt/lampp/htdo...')
#1 /opt/lampp/htdocs/ispy_erp/system/Autoloader/Autoloader.php(219): CodeIgniter\Autoloader\Autoloader->loadInNamespace('App\\Controllers...')
#2 [internal function]: CodeIgniter\Autoloader\Autoloader->loadClass('App\\Controllers...')
#3 [internal function]: spl_autoload_call('App\\Controllers...')
#4 /opt/lampp/htdocs/ispy_erp/system/CodeIgniter.php(790): class_exists('\\App\\Controller...', true)
#5 /opt/lampp/htdocs/ispy_erp/system/CodeIgniter.php(399): CodeIgniter\CodeIgniter->startController()
#6 /opt/lampp/htdocs/ispy_erp/system/CodeIgniter.php(320): CodeIgniter\CodeIgniter->handleRequest(NULL, Object(Config\Cache), false)
#7 /opt/lampp/htdocs/ispy_erp/index.php(37): CodeIgniter\CodeIgniter->run()
#8 {main}
ERROR - 2022-06-16 08:20:40 --> Unknown column 'idinstallation' in 'order clause'
CRITICAL - 2022-06-16 08:20:40 --> Call to a member function getResult() on bool
#0 /opt/lampp/htdocs/ispy_erp/system/BaseModel.php(584): CodeIgniter\Model->doFindAll(10, 0)
#1 /opt/lampp/htdocs/ispy_erp/app/Controllers/ClientController.php(152): CodeIgniter\BaseModel->findAll(10, 0)
#2 /opt/lampp/htdocs/ispy_erp/system/CodeIgniter.php(825): App\Controllers\ClientController->loadClients()
#3 /opt/lampp/htdocs/ispy_erp/system/CodeIgniter.php(412): CodeIgniter\CodeIgniter->runController(Object(App\Controllers\ClientController))
#4 /opt/lampp/htdocs/ispy_erp/system/CodeIgniter.php(320): CodeIgniter\CodeIgniter->handleRequest(NULL, Object(Config\Cache), false)
#5 /opt/lampp/htdocs/ispy_erp/index.php(37): CodeIgniter\CodeIgniter->run()
#6 {main}
ERROR - 2022-06-16 08:25:22 --> Unknown column 'idinstallation' in 'order clause'
CRITICAL - 2022-06-16 08:25:22 --> Call to a member function getResult() on bool
#0 /opt/lampp/htdocs/ispy_erp/system/BaseModel.php(584): CodeIgniter\Model->doFindAll(10, 0)
#1 /opt/lampp/htdocs/ispy_erp/app/Controllers/ClientController.php(152): CodeIgniter\BaseModel->findAll(10, 0)
#2 /opt/lampp/htdocs/ispy_erp/system/CodeIgniter.php(825): App\Controllers\ClientController->loadClients()
#3 /opt/lampp/htdocs/ispy_erp/system/CodeIgniter.php(412): CodeIgniter\CodeIgniter->runController(Object(App\Controllers\ClientController))
#4 /opt/lampp/htdocs/ispy_erp/system/CodeIgniter.php(320): CodeIgniter\CodeIgniter->handleRequest(NULL, Object(Config\Cache), false)
#5 /opt/lampp/htdocs/ispy_erp/index.php(37): CodeIgniter\CodeIgniter->run()
#6 {main}
ERROR - 2022-06-16 08:28:49 --> Unknown column 'idinstallation' in 'order clause'
CRITICAL - 2022-06-16 08:28:49 --> Call to a member function getResult() on bool
#0 /opt/lampp/htdocs/ispy_erp/system/BaseModel.php(584): CodeIgniter\Model->doFindAll(10, 0)
#1 /opt/lampp/htdocs/ispy_erp/app/Controllers/ClientController.php(152): CodeIgniter\BaseModel->findAll(10, 0)
#2 /opt/lampp/htdocs/ispy_erp/system/CodeIgniter.php(825): App\Controllers\ClientController->loadClients()
#3 /opt/lampp/htdocs/ispy_erp/system/CodeIgniter.php(412): CodeIgniter\CodeIgniter->runController(Object(App\Controllers\ClientController))
#4 /opt/lampp/htdocs/ispy_erp/system/CodeIgniter.php(320): CodeIgniter\CodeIgniter->handleRequest(NULL, Object(Config\Cache), false)
#5 /opt/lampp/htdocs/ispy_erp/index.php(37): CodeIgniter\CodeIgniter->run()
#6 {main}
ERROR - 2022-06-16 08:37:41 --> Unknown column 'idinstallation' in 'order clause'
CRITICAL - 2022-06-16 08:37:41 --> Call to a member function getResult() on bool
#0 /opt/lampp/htdocs/ispy_erp/system/BaseModel.php(584): CodeIgniter\Model->doFindAll(10, 0)
#1 /opt/lampp/htdocs/ispy_erp/app/Controllers/ClientController.php(152): CodeIgniter\BaseModel->findAll(10, 0)
#2 /opt/lampp/htdocs/ispy_erp/system/CodeIgniter.php(825): App\Controllers\ClientController->loadClients()
#3 /opt/lampp/htdocs/ispy_erp/system/CodeIgniter.php(412): CodeIgniter\CodeIgniter->runController(Object(App\Controllers\ClientController))
#4 /opt/lampp/htdocs/ispy_erp/system/CodeIgniter.php(320): CodeIgniter\CodeIgniter->handleRequest(NULL, Object(Config\Cache), false)
#5 /opt/lampp/htdocs/ispy_erp/index.php(37): CodeIgniter\CodeIgniter->run()
#6 {main}
ERROR - 2022-06-16 08:37:57 --> Unknown column 'idinstallation' in 'order clause'
CRITICAL - 2022-06-16 08:37:57 --> Call to a member function getResult() on bool
#0 /opt/lampp/htdocs/ispy_erp/system/BaseModel.php(584): CodeIgniter\Model->doFindAll(10, 0)
#1 /opt/lampp/htdocs/ispy_erp/app/Controllers/ClientController.php(152): CodeIgniter\BaseModel->findAll(10, 0)
#2 /opt/lampp/htdocs/ispy_erp/system/CodeIgniter.php(825): App\Controllers\ClientController->loadClients()
#3 /opt/lampp/htdocs/ispy_erp/system/CodeIgniter.php(412): CodeIgniter\CodeIgniter->runController(Object(App\Controllers\ClientController))
#4 /opt/lampp/htdocs/ispy_erp/system/CodeIgniter.php(320): CodeIgniter\CodeIgniter->handleRequest(NULL, Object(Config\Cache), false)
#5 /opt/lampp/htdocs/ispy_erp/index.php(37): CodeIgniter\CodeIgniter->run()
#6 {main}
ERROR - 2022-06-16 08:59:04 --> Unknown column 'idinstallation' in 'order clause'
CRITICAL - 2022-06-16 08:59:04 --> Call to a member function getResult() on bool
#0 /opt/lampp/htdocs/ispy_erp/system/BaseModel.php(584): CodeIgniter\Model->doFindAll(10, 0)
#1 /opt/lampp/htdocs/ispy_erp/app/Controllers/ClientController.php(152): CodeIgniter\BaseModel->findAll(10, 0)
#2 /opt/lampp/htdocs/ispy_erp/system/CodeIgniter.php(825): App\Controllers\ClientController->loadClients()
#3 /opt/lampp/htdocs/ispy_erp/system/CodeIgniter.php(412): CodeIgniter\CodeIgniter->runController(Object(App\Controllers\ClientController))
#4 /opt/lampp/htdocs/ispy_erp/system/CodeIgniter.php(320): CodeIgniter\CodeIgniter->handleRequest(NULL, Object(Config\Cache), false)
#5 /opt/lampp/htdocs/ispy_erp/index.php(37): CodeIgniter\CodeIgniter->run()
#6 {main}
ERROR - 2022-06-16 08:59:44 --> Unknown column 'idinstallation' in 'order clause'
CRITICAL - 2022-06-16 08:59:44 --> Call to a member function getResult() on bool
#0 /opt/lampp/htdocs/ispy_erp/system/BaseModel.php(584): CodeIgniter\Model->doFindAll(10, 0)
#1 /opt/lampp/htdocs/ispy_erp/app/Controllers/ClientController.php(152): CodeIgniter\BaseModel->findAll(10, 0)
#2 /opt/lampp/htdocs/ispy_erp/system/CodeIgniter.php(825): App\Controllers\ClientController->loadClients()
#3 /opt/lampp/htdocs/ispy_erp/system/CodeIgniter.php(412): CodeIgniter\CodeIgniter->runController(Object(App\Controllers\ClientController))
#4 /opt/lampp/htdocs/ispy_erp/system/CodeIgniter.php(320): CodeIgniter\CodeIgniter->handleRequest(NULL, Object(Config\Cache), false)
#5 /opt/lampp/htdocs/ispy_erp/index.php(37): CodeIgniter\CodeIgniter->run()
#6 {main}
ERROR - 2022-06-16 09:00:25 --> Unknown column 'idinstallation' in 'order clause'
CRITICAL - 2022-06-16 09:00:25 --> Call to a member function getResult() on bool
#0 /opt/lampp/htdocs/ispy_erp/system/BaseModel.php(584): CodeIgniter\Model->doFindAll(10, 0)
#1 /opt/lampp/htdocs/ispy_erp/app/Controllers/ClientController.php(152): CodeIgniter\BaseModel->findAll(10, 0)
#2 /opt/lampp/htdocs/ispy_erp/system/CodeIgniter.php(825): App\Controllers\ClientController->loadClients()
#3 /opt/lampp/htdocs/ispy_erp/system/CodeIgniter.php(412): CodeIgniter\CodeIgniter->runController(Object(App\Controllers\ClientController))
#4 /opt/lampp/htdocs/ispy_erp/system/CodeIgniter.php(320): CodeIgniter\CodeIgniter->handleRequest(NULL, Object(Config\Cache), false)
#5 /opt/lampp/htdocs/ispy_erp/index.php(37): CodeIgniter\CodeIgniter->run()
#6 {main}
ERROR - 2022-06-16 09:01:04 --> Unknown column 'idinstallation' in 'order clause'
CRITICAL - 2022-06-16 09:01:04 --> Call to a member function getResult() on bool
#0 /opt/lampp/htdocs/ispy_erp/system/BaseModel.php(584): CodeIgniter\Model->doFindAll(10, 0)
#1 /opt/lampp/htdocs/ispy_erp/app/Controllers/ClientController.php(152): CodeIgniter\BaseModel->findAll(10, 0)
#2 /opt/lampp/htdocs/ispy_erp/system/CodeIgniter.php(825): App\Controllers\ClientController->loadClients()
#3 /opt/lampp/htdocs/ispy_erp/system/CodeIgniter.php(412): CodeIgniter\CodeIgniter->runController(Object(App\Controllers\ClientController))
#4 /opt/lampp/htdocs/ispy_erp/system/CodeIgniter.php(320): CodeIgniter\CodeIgniter->handleRequest(NULL, Object(Config\Cache), false)
#5 /opt/lampp/htdocs/ispy_erp/index.php(37): CodeIgniter\CodeIgniter->run()
#6 {main}
ERROR - 2022-06-16 09:01:29 --> Unknown column 'idinstallation' in 'order clause'
CRITICAL - 2022-06-16 09:01:29 --> Call to a member function getResult() on bool
#0 /opt/lampp/htdocs/ispy_erp/system/BaseModel.php(584): CodeIgniter\Model->doFindAll(10, 0)
#1 /opt/lampp/htdocs/ispy_erp/app/Controllers/ClientController.php(152): CodeIgniter\BaseModel->findAll(10, 0)
#2 /opt/lampp/htdocs/ispy_erp/system/CodeIgniter.php(825): App\Controllers\ClientController->loadClients()
#3 /opt/lampp/htdocs/ispy_erp/system/CodeIgniter.php(412): CodeIgniter\CodeIgniter->runController(Object(App\Controllers\ClientController))
#4 /opt/lampp/htdocs/ispy_erp/system/CodeIgniter.php(320): CodeIgniter\CodeIgniter->handleRequest(NULL, Object(Config\Cache), false)
#5 /opt/lampp/htdocs/ispy_erp/index.php(37): CodeIgniter\CodeIgniter->run()
#6 {main}
ERROR - 2022-06-16 09:05:14 --> Unknown column 'idinstallation' in 'order clause'
CRITICAL - 2022-06-16 09:05:14 --> Call to a member function getResult() on bool
#0 /opt/lampp/htdocs/ispy_erp/system/BaseModel.php(584): CodeIgniter\Model->doFindAll(10, 0)
#1 /opt/lampp/htdocs/ispy_erp/app/Controllers/ClientController.php(152): CodeIgniter\BaseModel->findAll(10, 0)
#2 /opt/lampp/htdocs/ispy_erp/system/CodeIgniter.php(825): App\Controllers\ClientController->loadClients()
#3 /opt/lampp/htdocs/ispy_erp/system/CodeIgniter.php(412): CodeIgniter\CodeIgniter->runController(Object(App\Controllers\ClientController))
#4 /opt/lampp/htdocs/ispy_erp/system/CodeIgniter.php(320): CodeIgniter\CodeIgniter->handleRequest(NULL, Object(Config\Cache), false)
#5 /opt/lampp/htdocs/ispy_erp/index.php(37): CodeIgniter\CodeIgniter->run()
#6 {main}
ERROR - 2022-06-16 09:07:27 --> Unknown column 'idinstallation' in 'order clause'
CRITICAL - 2022-06-16 09:07:27 --> Call to a member function getResult() on bool
#0 /opt/lampp/htdocs/ispy_erp/system/BaseModel.php(584): CodeIgniter\Model->doFindAll(10, 0)
#1 /opt/lampp/htdocs/ispy_erp/app/Controllers/ClientController.php(152): CodeIgniter\BaseModel->findAll(10, 0)
#2 /opt/lampp/htdocs/ispy_erp/system/CodeIgniter.php(825): App\Controllers\ClientController->loadClients()
#3 /opt/lampp/htdocs/ispy_erp/system/CodeIgniter.php(412): CodeIgniter\CodeIgniter->runController(Object(App\Controllers\ClientController))
#4 /opt/lampp/htdocs/ispy_erp/system/CodeIgniter.php(320): CodeIgniter\CodeIgniter->handleRequest(NULL, Object(Config\Cache), false)
#5 /opt/lampp/htdocs/ispy_erp/index.php(37): CodeIgniter\CodeIgniter->run()
#6 {main}
ERROR - 2022-06-16 09:10:18 --> Unknown column 'idinstallation' in 'order clause'
CRITICAL - 2022-06-16 09:10:18 --> Call to a member function getResult() on bool
#0 /opt/lampp/htdocs/ispy_erp/system/BaseModel.php(584): CodeIgniter\Model->doFindAll(10, 0)
#1 /opt/lampp/htdocs/ispy_erp/app/Controllers/ClientController.php(152): CodeIgniter\BaseModel->findAll(10, 0)
#2 /opt/lampp/htdocs/ispy_erp/system/CodeIgniter.php(825): App\Controllers\ClientController->loadClients()
#3 /opt/lampp/htdocs/ispy_erp/system/CodeIgniter.php(412): CodeIgniter\CodeIgniter->runController(Object(App\Controllers\ClientController))
#4 /opt/lampp/htdocs/ispy_erp/system/CodeIgniter.php(320): CodeIgniter\CodeIgniter->handleRequest(NULL, Object(Config\Cache), false)
#5 /opt/lampp/htdocs/ispy_erp/index.php(37): CodeIgniter\CodeIgniter->run()
#6 {main}
ERROR - 2022-06-16 09:32:09 --> Unknown column 'idinstallation' in 'order clause'
CRITICAL - 2022-06-16 09:32:09 --> Call to a member function getResult() on bool
#0 /opt/lampp/htdocs/ispy_erp/system/BaseModel.php(584): CodeIgniter\Model->doFindAll(10, 0)
#1 /opt/lampp/htdocs/ispy_erp/app/Controllers/ClientController.php(152): CodeIgniter\BaseModel->findAll(10, 0)
#2 /opt/lampp/htdocs/ispy_erp/system/CodeIgniter.php(825): App\Controllers\ClientController->loadClients()
#3 /opt/lampp/htdocs/ispy_erp/system/CodeIgniter.php(412): CodeIgniter\CodeIgniter->runController(Object(App\Controllers\ClientController))
#4 /opt/lampp/htdocs/ispy_erp/system/CodeIgniter.php(320): CodeIgniter\CodeIgniter->handleRequest(NULL, Object(Config\Cache), false)
#5 /opt/lampp/htdocs/ispy_erp/index.php(37): CodeIgniter\CodeIgniter->run()
#6 {main}
ERROR - 2022-06-16 09:39:42 --> Unknown column 'idinstallation' in 'order clause'
CRITICAL - 2022-06-16 09:39:42 --> Call to a member function getResult() on bool
#0 /opt/lampp/htdocs/ispy_erp/system/BaseModel.php(584): CodeIgniter\Model->doFindAll(10, 0)
#1 /opt/lampp/htdocs/ispy_erp/app/Controllers/ClientController.php(152): CodeIgniter\BaseModel->findAll(10, 0)
#2 /opt/lampp/htdocs/ispy_erp/system/CodeIgniter.php(825): App\Controllers\ClientController->loadClients()
#3 /opt/lampp/htdocs/ispy_erp/system/CodeIgniter.php(412): CodeIgniter\CodeIgniter->runController(Object(App\Controllers\ClientController))
#4 /opt/lampp/htdocs/ispy_erp/system/CodeIgniter.php(320): CodeIgniter\CodeIgniter->handleRequest(NULL, Object(Config\Cache), false)
#5 /opt/lampp/htdocs/ispy_erp/index.php(37): CodeIgniter\CodeIgniter->run()
#6 {main}
CRITICAL - 2022-06-16 09:40:00 --> The action you requested is not allowed.
#0 /opt/lampp/htdocs/ispy_erp/system/Security/Security.php(289): CodeIgniter\Security\Exceptions\SecurityException::forDisallowedAction()
#1 /opt/lampp/htdocs/ispy_erp/system/Filters/CSRF.php(53): CodeIgniter\Security\Security->verify(Object(CodeIgniter\HTTP\IncomingRequest))
#2 /opt/lampp/htdocs/ispy_erp/system/Filters/Filters.php(173): CodeIgniter\Filters\CSRF->before(Object(CodeIgniter\HTTP\IncomingRequest), NULL)
#3 /opt/lampp/htdocs/ispy_erp/system/CodeIgniter.php(386): CodeIgniter\Filters\Filters->run('/units/load', 'before')
#4 /opt/lampp/htdocs/ispy_erp/system/CodeIgniter.php(320): CodeIgniter\CodeIgniter->handleRequest(NULL, Object(Config\Cache), false)
#5 /opt/lampp/htdocs/ispy_erp/index.php(37): CodeIgniter\CodeIgniter->run()
#6 {main}
CRITICAL - 2022-06-16 09:40:04 --> The action you requested is not allowed.
#0 /opt/lampp/htdocs/ispy_erp/system/Security/Security.php(289): CodeIgniter\Security\Exceptions\SecurityException::forDisallowedAction()
#1 /opt/lampp/htdocs/ispy_erp/system/Filters/CSRF.php(53): CodeIgniter\Security\Security->verify(Object(CodeIgniter\HTTP\IncomingRequest))
#2 /opt/lampp/htdocs/ispy_erp/system/Filters/Filters.php(173): CodeIgniter\Filters\CSRF->before(Object(CodeIgniter\HTTP\IncomingRequest), NULL)
#3 /opt/lampp/htdocs/ispy_erp/system/CodeIgniter.php(386): CodeIgniter\Filters\Filters->run('/units/load', 'before')
#4 /opt/lampp/htdocs/ispy_erp/system/CodeIgniter.php(320): CodeIgniter\CodeIgniter->handleRequest(NULL, Object(Config\Cache), false)
#5 /opt/lampp/htdocs/ispy_erp/index.php(37): CodeIgniter\CodeIgniter->run()
#6 {main}
CRITICAL - 2022-06-16 09:40:06 --> The action you requested is not allowed.
#0 /opt/lampp/htdocs/ispy_erp/system/Security/Security.php(289): CodeIgniter\Security\Exceptions\SecurityException::forDisallowedAction()
#1 /opt/lampp/htdocs/ispy_erp/system/Filters/CSRF.php(53): CodeIgniter\Security\Security->verify(Object(CodeIgniter\HTTP\IncomingRequest))
#2 /opt/lampp/htdocs/ispy_erp/system/Filters/Filters.php(173): CodeIgniter\Filters\CSRF->before(Object(CodeIgniter\HTTP\IncomingRequest), NULL)
#3 /opt/lampp/htdocs/ispy_erp/system/CodeIgniter.php(386): CodeIgniter\Filters\Filters->run('/units/load', 'before')
#4 /opt/lampp/htdocs/ispy_erp/system/CodeIgniter.php(320): CodeIgniter\CodeIgniter->handleRequest(NULL, Object(Config\Cache), false)
#5 /opt/lampp/htdocs/ispy_erp/index.php(37): CodeIgniter\CodeIgniter->run()
#6 {main}
CRITICAL - 2022-06-16 09:40:15 --> The action you requested is not allowed.
#0 /opt/lampp/htdocs/ispy_erp/system/Security/Security.php(289): CodeIgniter\Security\Exceptions\SecurityException::forDisallowedAction()
#1 /opt/lampp/htdocs/ispy_erp/system/Filters/CSRF.php(53): CodeIgniter\Security\Security->verify(Object(CodeIgniter\HTTP\IncomingRequest))
#2 /opt/lampp/htdocs/ispy_erp/system/Filters/Filters.php(173): CodeIgniter\Filters\CSRF->before(Object(CodeIgniter\HTTP\IncomingRequest), NULL)
#3 /opt/lampp/htdocs/ispy_erp/system/CodeIgniter.php(386): CodeIgniter\Filters\Filters->run('/units/load', 'before')
#4 /opt/lampp/htdocs/ispy_erp/system/CodeIgniter.php(320): CodeIgniter\CodeIgniter->handleRequest(NULL, Object(Config\Cache), false)
#5 /opt/lampp/htdocs/ispy_erp/index.php(37): CodeIgniter\CodeIgniter->run()
#6 {main}
