CRITICAL - 2022-02-18 01:49:32 --> Call to undefined method app\Controllers\modalController::initController()
#0 C:\xampp\htdocs\ispy_erp\system\CodeIgniter.php(403): CodeIgniter\CodeIgniter->createController()
#1 C:\xampp\htdocs\ispy_erp\system\CodeIgniter.php(320): CodeIgniter\CodeIgniter->handleRequest(NULL, Object(Config\Cache), false)
#2 C:\xampp\htdocs\ispy_erp\index.php(37): CodeIgniter\CodeIgniter->run()
#3 {main}
CRITICAL - 2022-02-18 02:38:19 --> Invalid argument supplied for foreach()
#0 C:\xampp\htdocs\ispy_erp\app\Views\admin_template\users.php(122): CodeIgniter\Debug\Exceptions->errorHandler(2, 'Invalid argumen...', 'C:\\xampp\\htdocs...', 122, Array)
#1 C:\xampp\htdocs\ispy_erp\system\View\View.php(210): include('C:\\xampp\\htdocs...')
#2 C:\xampp\htdocs\ispy_erp\system\View\View.php(213): CodeIgniter\View\View->CodeIgniter\View\{closure}()
#3 C:\xampp\htdocs\ispy_erp\system\Common.php(1089): CodeIgniter\View\View->render('admin_template/...', Array, true)
#4 C:\xampp\htdocs\ispy_erp\app\Controllers\UserController.php(63): view('admin_template/...', Array)
#5 C:\xampp\htdocs\ispy_erp\system\CodeIgniter.php(825): App\Controllers\UserController->insertUser()
#6 C:\xampp\htdocs\ispy_erp\system\CodeIgniter.php(412): CodeIgniter\CodeIgniter->runController(Object(App\Controllers\UserController))
#7 C:\xampp\htdocs\ispy_erp\system\CodeIgniter.php(320): CodeIgniter\CodeIgniter->handleRequest(NULL, Object(Config\Cache), false)
#8 C:\xampp\htdocs\ispy_erp\index.php(37): CodeIgniter\CodeIgniter->run()
#9 {main}
CRITICAL - 2022-02-18 02:42:50 --> Invalid argument supplied for foreach()
#0 C:\xampp\htdocs\ispy_erp\app\Views\admin_template\users.php(123): CodeIgniter\Debug\Exceptions->errorHandler(2, 'Invalid argumen...', 'C:\\xampp\\htdocs...', 123, Array)
#1 C:\xampp\htdocs\ispy_erp\system\View\View.php(210): include('C:\\xampp\\htdocs...')
#2 C:\xampp\htdocs\ispy_erp\system\View\View.php(213): CodeIgniter\View\View->CodeIgniter\View\{closure}()
#3 C:\xampp\htdocs\ispy_erp\system\Common.php(1089): CodeIgniter\View\View->render('admin_template/...', Array, true)
#4 C:\xampp\htdocs\ispy_erp\app\Controllers\UserController.php(63): view('admin_template/...', Array)
#5 C:\xampp\htdocs\ispy_erp\system\CodeIgniter.php(825): App\Controllers\UserController->insertUser()
#6 C:\xampp\htdocs\ispy_erp\system\CodeIgniter.php(412): CodeIgniter\CodeIgniter->runController(Object(App\Controllers\UserController))
#7 C:\xampp\htdocs\ispy_erp\system\CodeIgniter.php(320): CodeIgniter\CodeIgniter->handleRequest(NULL, Object(Config\Cache), false)
#8 C:\xampp\htdocs\ispy_erp\index.php(37): CodeIgniter\CodeIgniter->run()
#9 {main}
CRITICAL - 2022-02-18 02:46:56 --> Invalid argument supplied for foreach()
#0 C:\xampp\htdocs\ispy_erp\app\Views\admin_template\users.php(123): CodeIgniter\Debug\Exceptions->errorHandler(2, 'Invalid argumen...', 'C:\\xampp\\htdocs...', 123, Array)
#1 C:\xampp\htdocs\ispy_erp\system\View\View.php(210): include('C:\\xampp\\htdocs...')
#2 C:\xampp\htdocs\ispy_erp\system\View\View.php(213): CodeIgniter\View\View->CodeIgniter\View\{closure}()
#3 C:\xampp\htdocs\ispy_erp\system\Common.php(1089): CodeIgniter\View\View->render('admin_template/...', Array, true)
#4 C:\xampp\htdocs\ispy_erp\app\Controllers\UserController.php(63): view('admin_template/...', Array)
#5 C:\xampp\htdocs\ispy_erp\system\CodeIgniter.php(825): App\Controllers\UserController->insertUser()
#6 C:\xampp\htdocs\ispy_erp\system\CodeIgniter.php(412): CodeIgniter\CodeIgniter->runController(Object(App\Controllers\UserController))
#7 C:\xampp\htdocs\ispy_erp\system\CodeIgniter.php(320): CodeIgniter\CodeIgniter->handleRequest(NULL, Object(Config\Cache), false)
#8 C:\xampp\htdocs\ispy_erp\index.php(37): CodeIgniter\CodeIgniter->run()
#9 {main}
CRITICAL - 2022-02-18 02:48:26 --> Invalid argument supplied for foreach()
#0 C:\xampp\htdocs\ispy_erp\app\Views\admin_template\users.php(123): CodeIgniter\Debug\Exceptions->errorHandler(2, 'Invalid argumen...', 'C:\\xampp\\htdocs...', 123, Array)
#1 C:\xampp\htdocs\ispy_erp\system\View\View.php(210): include('C:\\xampp\\htdocs...')
#2 C:\xampp\htdocs\ispy_erp\system\View\View.php(213): CodeIgniter\View\View->CodeIgniter\View\{closure}()
#3 C:\xampp\htdocs\ispy_erp\system\Common.php(1089): CodeIgniter\View\View->render('admin_template/...', Array, true)
#4 C:\xampp\htdocs\ispy_erp\app\Controllers\UserController.php(63): view('admin_template/...', Array)
#5 C:\xampp\htdocs\ispy_erp\system\CodeIgniter.php(825): App\Controllers\UserController->insertUser()
#6 C:\xampp\htdocs\ispy_erp\system\CodeIgniter.php(412): CodeIgniter\CodeIgniter->runController(Object(App\Controllers\UserController))
#7 C:\xampp\htdocs\ispy_erp\system\CodeIgniter.php(320): CodeIgniter\CodeIgniter->handleRequest(NULL, Object(Config\Cache), false)
#8 C:\xampp\htdocs\ispy_erp\index.php(37): CodeIgniter\CodeIgniter->run()
#9 {main}
