CRITICAL - 2022-06-21 03:47:41 --> syntax error, unexpected end of file
#0 /opt/lampp/htdocs/ispy_erp/system/View/View.php(213): CodeIgniter\View\View->CodeIgniter\View\{closure}()
#1 /opt/lampp/htdocs/ispy_erp/system/Common.php(1089): CodeIgniter\View\View->render('admin_template/...', Array, true)
#2 /opt/lampp/htdocs/ispy_erp/app/Controllers/ReturnsController.php(23): view('admin_template/...', Array)
#3 /opt/lampp/htdocs/ispy_erp/system/CodeIgniter.php(825): App\Controllers\ReturnsController->index()
#4 /opt/lampp/htdocs/ispy_erp/system/CodeIgniter.php(412): CodeIgniter\CodeIgniter->runController(Object(App\Controllers\ReturnsController))
#5 /opt/lampp/htdocs/ispy_erp/system/CodeIgniter.php(320): CodeIgniter\CodeIgniter->handleRequest(NULL, Object(Config\Cache), false)
#6 /opt/lampp/htdocs/ispy_erp/index.php(37): CodeIgniter\CodeIgniter->run()
#7 {main}
CRITICAL - 2022-06-21 03:59:07 --> Call to a member function getError() on null
#0 /opt/lampp/htdocs/ispy_erp/system/View/View.php(210): include()
#1 /opt/lampp/htdocs/ispy_erp/system/View/View.php(213): CodeIgniter\View\View->CodeIgniter\View\{closure}()
#2 /opt/lampp/htdocs/ispy_erp/system/Common.php(1089): CodeIgniter\View\View->render('admin_template/...', Array, true)
#3 /opt/lampp/htdocs/ispy_erp/app/Controllers/ReturnsController.php(23): view('admin_template/...', Array)
#4 /opt/lampp/htdocs/ispy_erp/system/CodeIgniter.php(825): App\Controllers\ReturnsController->index()
#5 /opt/lampp/htdocs/ispy_erp/system/CodeIgniter.php(412): CodeIgniter\CodeIgniter->runController(Object(App\Controllers\ReturnsController))
#6 /opt/lampp/htdocs/ispy_erp/system/CodeIgniter.php(320): CodeIgniter\CodeIgniter->handleRequest(NULL, Object(Config\Cache), false)
#7 /opt/lampp/htdocs/ispy_erp/index.php(37): CodeIgniter\CodeIgniter->run()
#8 {main}
CRITICAL - 2022-06-21 07:29:55 --> syntax error, unexpected '}'
#0 /opt/lampp/htdocs/ispy_erp/system/Autoloader/Autoloader.php(241): CodeIgniter\Autoloader\Autoloader->includeFile('/opt/lampp/htdo...')
#1 /opt/lampp/htdocs/ispy_erp/system/Autoloader/Autoloader.php(219): CodeIgniter\Autoloader\Autoloader->loadInNamespace('App\\Controllers...')
#2 [internal function]: CodeIgniter\Autoloader\Autoloader->loadClass('App\\Controllers...')
#3 [internal function]: spl_autoload_call('App\\Controllers...')
#4 /opt/lampp/htdocs/ispy_erp/system/CodeIgniter.php(790): class_exists('\\App\\Controller...', true)
#5 /opt/lampp/htdocs/ispy_erp/system/CodeIgniter.php(399): CodeIgniter\CodeIgniter->startController()
#6 /opt/lampp/htdocs/ispy_erp/system/CodeIgniter.php(320): CodeIgniter\CodeIgniter->handleRequest(NULL, Object(Config\Cache), false)
#7 /opt/lampp/htdocs/ispy_erp/index.php(37): CodeIgniter\CodeIgniter->run()
#8 {main}
CRITICAL - 2022-06-21 07:30:55 --> The action you requested is not allowed.
#0 /opt/lampp/htdocs/ispy_erp/system/Security/Security.php(289): CodeIgniter\Security\Exceptions\SecurityException::forDisallowedAction()
#1 /opt/lampp/htdocs/ispy_erp/system/Filters/CSRF.php(53): CodeIgniter\Security\Security->verify(Object(CodeIgniter\HTTP\IncomingRequest))
#2 /opt/lampp/htdocs/ispy_erp/system/Filters/Filters.php(173): CodeIgniter\Filters\CSRF->before(Object(CodeIgniter\HTTP\IncomingRequest), NULL)
#3 /opt/lampp/htdocs/ispy_erp/system/CodeIgniter.php(386): CodeIgniter\Filters\Filters->run('/returns/load', 'before')
#4 /opt/lampp/htdocs/ispy_erp/system/CodeIgniter.php(320): CodeIgniter\CodeIgniter->handleRequest(NULL, Object(Config\Cache), false)
#5 /opt/lampp/htdocs/ispy_erp/index.php(37): CodeIgniter\CodeIgniter->run()
#6 {main}
CRITICAL - 2022-06-21 07:31:55 --> The action you requested is not allowed.
#0 /opt/lampp/htdocs/ispy_erp/system/Security/Security.php(289): CodeIgniter\Security\Exceptions\SecurityException::forDisallowedAction()
#1 /opt/lampp/htdocs/ispy_erp/system/Filters/CSRF.php(53): CodeIgniter\Security\Security->verify(Object(CodeIgniter\HTTP\IncomingRequest))
#2 /opt/lampp/htdocs/ispy_erp/system/Filters/Filters.php(173): CodeIgniter\Filters\CSRF->before(Object(CodeIgniter\HTTP\IncomingRequest), NULL)
#3 /opt/lampp/htdocs/ispy_erp/system/CodeIgniter.php(386): CodeIgniter\Filters\Filters->run('/returns/load', 'before')
#4 /opt/lampp/htdocs/ispy_erp/system/CodeIgniter.php(320): CodeIgniter\CodeIgniter->handleRequest(NULL, Object(Config\Cache), false)
#5 /opt/lampp/htdocs/ispy_erp/index.php(37): CodeIgniter\CodeIgniter->run()
#6 {main}
CRITICAL - 2022-06-21 07:32:55 --> The action you requested is not allowed.
#0 /opt/lampp/htdocs/ispy_erp/system/Security/Security.php(289): CodeIgniter\Security\Exceptions\SecurityException::forDisallowedAction()
#1 /opt/lampp/htdocs/ispy_erp/system/Filters/CSRF.php(53): CodeIgniter\Security\Security->verify(Object(CodeIgniter\HTTP\IncomingRequest))
#2 /opt/lampp/htdocs/ispy_erp/system/Filters/Filters.php(173): CodeIgniter\Filters\CSRF->before(Object(CodeIgniter\HTTP\IncomingRequest), NULL)
#3 /opt/lampp/htdocs/ispy_erp/system/CodeIgniter.php(386): CodeIgniter\Filters\Filters->run('/returns/load', 'before')
#4 /opt/lampp/htdocs/ispy_erp/system/CodeIgniter.php(320): CodeIgniter\CodeIgniter->handleRequest(NULL, Object(Config\Cache), false)
#5 /opt/lampp/htdocs/ispy_erp/index.php(37): CodeIgniter\CodeIgniter->run()
#6 {main}
CRITICAL - 2022-06-21 07:33:55 --> The action you requested is not allowed.
#0 /opt/lampp/htdocs/ispy_erp/system/Security/Security.php(289): CodeIgniter\Security\Exceptions\SecurityException::forDisallowedAction()
#1 /opt/lampp/htdocs/ispy_erp/system/Filters/CSRF.php(53): CodeIgniter\Security\Security->verify(Object(CodeIgniter\HTTP\IncomingRequest))
#2 /opt/lampp/htdocs/ispy_erp/system/Filters/Filters.php(173): CodeIgniter\Filters\CSRF->before(Object(CodeIgniter\HTTP\IncomingRequest), NULL)
#3 /opt/lampp/htdocs/ispy_erp/system/CodeIgniter.php(386): CodeIgniter\Filters\Filters->run('/returns/load', 'before')
#4 /opt/lampp/htdocs/ispy_erp/system/CodeIgniter.php(320): CodeIgniter\CodeIgniter->handleRequest(NULL, Object(Config\Cache), false)
#5 /opt/lampp/htdocs/ispy_erp/index.php(37): CodeIgniter\CodeIgniter->run()
#6 {main}
CRITICAL - 2022-06-21 07:34:55 --> The action you requested is not allowed.
#0 /opt/lampp/htdocs/ispy_erp/system/Security/Security.php(289): CodeIgniter\Security\Exceptions\SecurityException::forDisallowedAction()
#1 /opt/lampp/htdocs/ispy_erp/system/Filters/CSRF.php(53): CodeIgniter\Security\Security->verify(Object(CodeIgniter\HTTP\IncomingRequest))
#2 /opt/lampp/htdocs/ispy_erp/system/Filters/Filters.php(173): CodeIgniter\Filters\CSRF->before(Object(CodeIgniter\HTTP\IncomingRequest), NULL)
#3 /opt/lampp/htdocs/ispy_erp/system/CodeIgniter.php(386): CodeIgniter\Filters\Filters->run('/returns/load', 'before')
#4 /opt/lampp/htdocs/ispy_erp/system/CodeIgniter.php(320): CodeIgniter\CodeIgniter->handleRequest(NULL, Object(Config\Cache), false)
#5 /opt/lampp/htdocs/ispy_erp/index.php(37): CodeIgniter\CodeIgniter->run()
#6 {main}
CRITICAL - 2022-06-21 07:35:55 --> The action you requested is not allowed.
#0 /opt/lampp/htdocs/ispy_erp/system/Security/Security.php(289): CodeIgniter\Security\Exceptions\SecurityException::forDisallowedAction()
#1 /opt/lampp/htdocs/ispy_erp/system/Filters/CSRF.php(53): CodeIgniter\Security\Security->verify(Object(CodeIgniter\HTTP\IncomingRequest))
#2 /opt/lampp/htdocs/ispy_erp/system/Filters/Filters.php(173): CodeIgniter\Filters\CSRF->before(Object(CodeIgniter\HTTP\IncomingRequest), NULL)
#3 /opt/lampp/htdocs/ispy_erp/system/CodeIgniter.php(386): CodeIgniter\Filters\Filters->run('/returns/load', 'before')
#4 /opt/lampp/htdocs/ispy_erp/system/CodeIgniter.php(320): CodeIgniter\CodeIgniter->handleRequest(NULL, Object(Config\Cache), false)
#5 /opt/lampp/htdocs/ispy_erp/index.php(37): CodeIgniter\CodeIgniter->run()
#6 {main}
CRITICAL - 2022-06-21 07:36:55 --> The action you requested is not allowed.
#0 /opt/lampp/htdocs/ispy_erp/system/Security/Security.php(289): CodeIgniter\Security\Exceptions\SecurityException::forDisallowedAction()
#1 /opt/lampp/htdocs/ispy_erp/system/Filters/CSRF.php(53): CodeIgniter\Security\Security->verify(Object(CodeIgniter\HTTP\IncomingRequest))
#2 /opt/lampp/htdocs/ispy_erp/system/Filters/Filters.php(173): CodeIgniter\Filters\CSRF->before(Object(CodeIgniter\HTTP\IncomingRequest), NULL)
#3 /opt/lampp/htdocs/ispy_erp/system/CodeIgniter.php(386): CodeIgniter\Filters\Filters->run('/returns/load', 'before')
#4 /opt/lampp/htdocs/ispy_erp/system/CodeIgniter.php(320): CodeIgniter\CodeIgniter->handleRequest(NULL, Object(Config\Cache), false)
#5 /opt/lampp/htdocs/ispy_erp/index.php(37): CodeIgniter\CodeIgniter->run()
#6 {main}
CRITICAL - 2022-06-21 07:37:55 --> The action you requested is not allowed.
#0 /opt/lampp/htdocs/ispy_erp/system/Security/Security.php(289): CodeIgniter\Security\Exceptions\SecurityException::forDisallowedAction()
#1 /opt/lampp/htdocs/ispy_erp/system/Filters/CSRF.php(53): CodeIgniter\Security\Security->verify(Object(CodeIgniter\HTTP\IncomingRequest))
#2 /opt/lampp/htdocs/ispy_erp/system/Filters/Filters.php(173): CodeIgniter\Filters\CSRF->before(Object(CodeIgniter\HTTP\IncomingRequest), NULL)
#3 /opt/lampp/htdocs/ispy_erp/system/CodeIgniter.php(386): CodeIgniter\Filters\Filters->run('/returns/load', 'before')
#4 /opt/lampp/htdocs/ispy_erp/system/CodeIgniter.php(320): CodeIgniter\CodeIgniter->handleRequest(NULL, Object(Config\Cache), false)
#5 /opt/lampp/htdocs/ispy_erp/index.php(37): CodeIgniter\CodeIgniter->run()
#6 {main}
CRITICAL - 2022-06-21 07:38:55 --> The action you requested is not allowed.
#0 /opt/lampp/htdocs/ispy_erp/system/Security/Security.php(289): CodeIgniter\Security\Exceptions\SecurityException::forDisallowedAction()
#1 /opt/lampp/htdocs/ispy_erp/system/Filters/CSRF.php(53): CodeIgniter\Security\Security->verify(Object(CodeIgniter\HTTP\IncomingRequest))
#2 /opt/lampp/htdocs/ispy_erp/system/Filters/Filters.php(173): CodeIgniter\Filters\CSRF->before(Object(CodeIgniter\HTTP\IncomingRequest), NULL)
#3 /opt/lampp/htdocs/ispy_erp/system/CodeIgniter.php(386): CodeIgniter\Filters\Filters->run('/returns/load', 'before')
#4 /opt/lampp/htdocs/ispy_erp/system/CodeIgniter.php(320): CodeIgniter\CodeIgniter->handleRequest(NULL, Object(Config\Cache), false)
#5 /opt/lampp/htdocs/ispy_erp/index.php(37): CodeIgniter\CodeIgniter->run()
#6 {main}
CRITICAL - 2022-06-21 07:39:55 --> The action you requested is not allowed.
#0 /opt/lampp/htdocs/ispy_erp/system/Security/Security.php(289): CodeIgniter\Security\Exceptions\SecurityException::forDisallowedAction()
#1 /opt/lampp/htdocs/ispy_erp/system/Filters/CSRF.php(53): CodeIgniter\Security\Security->verify(Object(CodeIgniter\HTTP\IncomingRequest))
#2 /opt/lampp/htdocs/ispy_erp/system/Filters/Filters.php(173): CodeIgniter\Filters\CSRF->before(Object(CodeIgniter\HTTP\IncomingRequest), NULL)
#3 /opt/lampp/htdocs/ispy_erp/system/CodeIgniter.php(386): CodeIgniter\Filters\Filters->run('/returns/load', 'before')
#4 /opt/lampp/htdocs/ispy_erp/system/CodeIgniter.php(320): CodeIgniter\CodeIgniter->handleRequest(NULL, Object(Config\Cache), false)
#5 /opt/lampp/htdocs/ispy_erp/index.php(37): CodeIgniter\CodeIgniter->run()
#6 {main}
CRITICAL - 2022-06-21 07:40:55 --> The action you requested is not allowed.
#0 /opt/lampp/htdocs/ispy_erp/system/Security/Security.php(289): CodeIgniter\Security\Exceptions\SecurityException::forDisallowedAction()
#1 /opt/lampp/htdocs/ispy_erp/system/Filters/CSRF.php(53): CodeIgniter\Security\Security->verify(Object(CodeIgniter\HTTP\IncomingRequest))
#2 /opt/lampp/htdocs/ispy_erp/system/Filters/Filters.php(173): CodeIgniter\Filters\CSRF->before(Object(CodeIgniter\HTTP\IncomingRequest), NULL)
#3 /opt/lampp/htdocs/ispy_erp/system/CodeIgniter.php(386): CodeIgniter\Filters\Filters->run('/returns/load', 'before')
#4 /opt/lampp/htdocs/ispy_erp/system/CodeIgniter.php(320): CodeIgniter\CodeIgniter->handleRequest(NULL, Object(Config\Cache), false)
#5 /opt/lampp/htdocs/ispy_erp/index.php(37): CodeIgniter\CodeIgniter->run()
#6 {main}
CRITICAL - 2022-06-21 07:41:55 --> The action you requested is not allowed.
#0 /opt/lampp/htdocs/ispy_erp/system/Security/Security.php(289): CodeIgniter\Security\Exceptions\SecurityException::forDisallowedAction()
#1 /opt/lampp/htdocs/ispy_erp/system/Filters/CSRF.php(53): CodeIgniter\Security\Security->verify(Object(CodeIgniter\HTTP\IncomingRequest))
#2 /opt/lampp/htdocs/ispy_erp/system/Filters/Filters.php(173): CodeIgniter\Filters\CSRF->before(Object(CodeIgniter\HTTP\IncomingRequest), NULL)
#3 /opt/lampp/htdocs/ispy_erp/system/CodeIgniter.php(386): CodeIgniter\Filters\Filters->run('/returns/load', 'before')
#4 /opt/lampp/htdocs/ispy_erp/system/CodeIgniter.php(320): CodeIgniter\CodeIgniter->handleRequest(NULL, Object(Config\Cache), false)
#5 /opt/lampp/htdocs/ispy_erp/index.php(37): CodeIgniter\CodeIgniter->run()
#6 {main}
CRITICAL - 2022-06-21 07:42:40 --> The action you requested is not allowed.
#0 /opt/lampp/htdocs/ispy_erp/system/Security/Security.php(289): CodeIgniter\Security\Exceptions\SecurityException::forDisallowedAction()
#1 /opt/lampp/htdocs/ispy_erp/system/Filters/CSRF.php(53): CodeIgniter\Security\Security->verify(Object(CodeIgniter\HTTP\IncomingRequest))
#2 /opt/lampp/htdocs/ispy_erp/system/Filters/Filters.php(173): CodeIgniter\Filters\CSRF->before(Object(CodeIgniter\HTTP\IncomingRequest), NULL)
#3 /opt/lampp/htdocs/ispy_erp/system/CodeIgniter.php(386): CodeIgniter\Filters\Filters->run('/returns/load', 'before')
#4 /opt/lampp/htdocs/ispy_erp/system/CodeIgniter.php(320): CodeIgniter\CodeIgniter->handleRequest(NULL, Object(Config\Cache), false)
#5 /opt/lampp/htdocs/ispy_erp/index.php(37): CodeIgniter\CodeIgniter->run()
#6 {main}
