ERROR - 2022-06-14 07:54:09 --> Unknown column 'select' in 'order clause'
CRITICAL - 2022-06-14 07:54:09 --> Call to a member function getResult() on bool
#0 /opt/lampp/htdocs/ispy_erp/system/BaseModel.php(584): CodeIgniter\Model->doFindAll(10, 0)
#1 /opt/lampp/htdocs/ispy_erp/app/Controllers/UnitsController.php(175): CodeIgniter\BaseModel->findAll(10, 0)
#2 /opt/lampp/htdocs/ispy_erp/system/CodeIgniter.php(825): App\Controllers\UnitsController->getUnits()
#3 /opt/lampp/htdocs/ispy_erp/system/CodeIgniter.php(412): CodeIgniter\CodeIgniter->runController(Object(App\Controllers\UnitsController))
#4 /opt/lampp/htdocs/ispy_erp/system/CodeIgniter.php(320): CodeIgniter\CodeIgniter->handleRequest(NULL, Object(Config\Cache), false)
#5 /opt/lampp/htdocs/ispy_erp/index.php(37): CodeIgniter\CodeIgniter->run()
#6 {main}
ERROR - 2022-06-14 07:55:18 --> Unknown column 'select' in 'order clause'
CRITICAL - 2022-06-14 07:55:18 --> Call to a member function getResult() on bool
#0 /opt/lampp/htdocs/ispy_erp/system/BaseModel.php(584): CodeIgniter\Model->doFindAll(10, 0)
#1 /opt/lampp/htdocs/ispy_erp/app/Controllers/UnitsController.php(175): CodeIgniter\BaseModel->findAll(10, 0)
#2 /opt/lampp/htdocs/ispy_erp/system/CodeIgniter.php(825): App\Controllers\UnitsController->getUnits()
#3 /opt/lampp/htdocs/ispy_erp/system/CodeIgniter.php(412): CodeIgniter\CodeIgniter->runController(Object(App\Controllers\UnitsController))
#4 /opt/lampp/htdocs/ispy_erp/system/CodeIgniter.php(320): CodeIgniter\CodeIgniter->handleRequest(NULL, Object(Config\Cache), false)
#5 /opt/lampp/htdocs/ispy_erp/index.php(37): CodeIgniter\CodeIgniter->run()
#6 {main}
ERROR - 2022-06-14 07:56:17 --> Unknown column 'select' in 'order clause'
CRITICAL - 2022-06-14 07:56:17 --> Call to a member function getResult() on bool
#0 /opt/lampp/htdocs/ispy_erp/system/BaseModel.php(584): CodeIgniter\Model->doFindAll(10, 0)
#1 /opt/lampp/htdocs/ispy_erp/app/Controllers/UnitsController.php(175): CodeIgniter\BaseModel->findAll(10, 0)
#2 /opt/lampp/htdocs/ispy_erp/system/CodeIgniter.php(825): App\Controllers\UnitsController->getUnits()
#3 /opt/lampp/htdocs/ispy_erp/system/CodeIgniter.php(412): CodeIgniter\CodeIgniter->runController(Object(App\Controllers\UnitsController))
#4 /opt/lampp/htdocs/ispy_erp/system/CodeIgniter.php(320): CodeIgniter\CodeIgniter->handleRequest(NULL, Object(Config\Cache), false)
#5 /opt/lampp/htdocs/ispy_erp/index.php(37): CodeIgniter\CodeIgniter->run()
#6 {main}
ERROR - 2022-06-14 07:59:34 --> You have an error in your SQL syntax; check the manual that corresponds to your MariaDB server version for the right syntax to use near '`class="delete_checkbox"/>` ASC
 LIMIT 10' at line 8
CRITICAL - 2022-06-14 07:59:34 --> Call to a member function getResult() on bool
#0 /opt/lampp/htdocs/ispy_erp/system/BaseModel.php(584): CodeIgniter\Model->doFindAll(10, 0)
#1 /opt/lampp/htdocs/ispy_erp/app/Controllers/UnitsController.php(175): CodeIgniter\BaseModel->findAll(10, 0)
#2 /opt/lampp/htdocs/ispy_erp/system/CodeIgniter.php(825): App\Controllers\UnitsController->getUnits()
#3 /opt/lampp/htdocs/ispy_erp/system/CodeIgniter.php(412): CodeIgniter\CodeIgniter->runController(Object(App\Controllers\UnitsController))
#4 /opt/lampp/htdocs/ispy_erp/system/CodeIgniter.php(320): CodeIgniter\CodeIgniter->handleRequest(NULL, Object(Config\Cache), false)
#5 /opt/lampp/htdocs/ispy_erp/index.php(37): CodeIgniter\CodeIgniter->run()
#6 {main}
ERROR - 2022-06-14 08:04:48 --> Unknown column 'selectall' in 'order clause'
CRITICAL - 2022-06-14 08:04:48 --> Call to a member function getResult() on bool
#0 /opt/lampp/htdocs/ispy_erp/system/BaseModel.php(584): CodeIgniter\Model->doFindAll(10, 0)
#1 /opt/lampp/htdocs/ispy_erp/app/Controllers/UnitsController.php(175): CodeIgniter\BaseModel->findAll(10, 0)
#2 /opt/lampp/htdocs/ispy_erp/system/CodeIgniter.php(825): App\Controllers\UnitsController->getUnits()
#3 /opt/lampp/htdocs/ispy_erp/system/CodeIgniter.php(412): CodeIgniter\CodeIgniter->runController(Object(App\Controllers\UnitsController))
#4 /opt/lampp/htdocs/ispy_erp/system/CodeIgniter.php(320): CodeIgniter\CodeIgniter->handleRequest(NULL, Object(Config\Cache), false)
#5 /opt/lampp/htdocs/ispy_erp/index.php(37): CodeIgniter\CodeIgniter->run()
#6 {main}
ERROR - 2022-06-14 08:06:01 --> Unknown column 'selectall' in 'order clause'
CRITICAL - 2022-06-14 08:06:01 --> Call to a member function getResult() on bool
#0 /opt/lampp/htdocs/ispy_erp/system/BaseModel.php(584): CodeIgniter\Model->doFindAll(10, 0)
#1 /opt/lampp/htdocs/ispy_erp/app/Controllers/UnitsController.php(175): CodeIgniter\BaseModel->findAll(10, 0)
#2 /opt/lampp/htdocs/ispy_erp/system/CodeIgniter.php(825): App\Controllers\UnitsController->getUnits()
#3 /opt/lampp/htdocs/ispy_erp/system/CodeIgniter.php(412): CodeIgniter\CodeIgniter->runController(Object(App\Controllers\UnitsController))
#4 /opt/lampp/htdocs/ispy_erp/system/CodeIgniter.php(320): CodeIgniter\CodeIgniter->handleRequest(NULL, Object(Config\Cache), false)
#5 /opt/lampp/htdocs/ispy_erp/index.php(37): CodeIgniter\CodeIgniter->run()
#6 {main}
CRITICAL - 2022-06-14 08:06:09 --> The action you requested is not allowed.
#0 /opt/lampp/htdocs/ispy_erp/system/Security/Security.php(289): CodeIgniter\Security\Exceptions\SecurityException::forDisallowedAction()
#1 /opt/lampp/htdocs/ispy_erp/system/Filters/CSRF.php(53): CodeIgniter\Security\Security->verify(Object(CodeIgniter\HTTP\IncomingRequest))
#2 /opt/lampp/htdocs/ispy_erp/system/Filters/Filters.php(173): CodeIgniter\Filters\CSRF->before(Object(CodeIgniter\HTTP\IncomingRequest), NULL)
#3 /opt/lampp/htdocs/ispy_erp/system/CodeIgniter.php(386): CodeIgniter\Filters\Filters->run('/units/load', 'before')
#4 /opt/lampp/htdocs/ispy_erp/system/CodeIgniter.php(320): CodeIgniter\CodeIgniter->handleRequest(NULL, Object(Config\Cache), false)
#5 /opt/lampp/htdocs/ispy_erp/index.php(37): CodeIgniter\CodeIgniter->run()
#6 {main}
ERROR - 2022-06-14 08:11:46 --> Unknown column 'selectall' in 'order clause'
CRITICAL - 2022-06-14 08:11:46 --> Call to a member function getResult() on bool
#0 /opt/lampp/htdocs/ispy_erp/system/BaseModel.php(584): CodeIgniter\Model->doFindAll(10, 0)
#1 /opt/lampp/htdocs/ispy_erp/app/Controllers/UnitsController.php(175): CodeIgniter\BaseModel->findAll(10, 0)
#2 /opt/lampp/htdocs/ispy_erp/system/CodeIgniter.php(825): App\Controllers\UnitsController->getUnits()
#3 /opt/lampp/htdocs/ispy_erp/system/CodeIgniter.php(412): CodeIgniter\CodeIgniter->runController(Object(App\Controllers\UnitsController))
#4 /opt/lampp/htdocs/ispy_erp/system/CodeIgniter.php(320): CodeIgniter\CodeIgniter->handleRequest(NULL, Object(Config\Cache), false)
#5 /opt/lampp/htdocs/ispy_erp/index.php(37): CodeIgniter\CodeIgniter->run()
#6 {main}
ERROR - 2022-06-14 08:20:15 --> Unknown column 'action' in 'order clause'
CRITICAL - 2022-06-14 08:20:15 --> Call to a member function getResult() on bool
#0 /opt/lampp/htdocs/ispy_erp/system/BaseModel.php(584): CodeIgniter\Model->doFindAll(10, 0)
#1 /opt/lampp/htdocs/ispy_erp/app/Controllers/UnitsController.php(175): CodeIgniter\BaseModel->findAll(10, 0)
#2 /opt/lampp/htdocs/ispy_erp/system/CodeIgniter.php(825): App\Controllers\UnitsController->getUnits()
#3 /opt/lampp/htdocs/ispy_erp/system/CodeIgniter.php(412): CodeIgniter\CodeIgniter->runController(Object(App\Controllers\UnitsController))
#4 /opt/lampp/htdocs/ispy_erp/system/CodeIgniter.php(320): CodeIgniter\CodeIgniter->handleRequest(NULL, Object(Config\Cache), false)
#5 /opt/lampp/htdocs/ispy_erp/index.php(37): CodeIgniter\CodeIgniter->run()
#6 {main}
CRITICAL - 2022-06-14 08:21:07 --> The action you requested is not allowed.
#0 /opt/lampp/htdocs/ispy_erp/system/Security/Security.php(289): CodeIgniter\Security\Exceptions\SecurityException::forDisallowedAction()
#1 /opt/lampp/htdocs/ispy_erp/system/Filters/CSRF.php(53): CodeIgniter\Security\Security->verify(Object(CodeIgniter\HTTP\IncomingRequest))
#2 /opt/lampp/htdocs/ispy_erp/system/Filters/Filters.php(173): CodeIgniter\Filters\CSRF->before(Object(CodeIgniter\HTTP\IncomingRequest), NULL)
#3 /opt/lampp/htdocs/ispy_erp/system/CodeIgniter.php(386): CodeIgniter\Filters\Filters->run('/units/load', 'before')
#4 /opt/lampp/htdocs/ispy_erp/system/CodeIgniter.php(320): CodeIgniter\CodeIgniter->handleRequest(NULL, Object(Config\Cache), false)
#5 /opt/lampp/htdocs/ispy_erp/index.php(37): CodeIgniter\CodeIgniter->run()
#6 {main}
CRITICAL - 2022-06-14 08:21:11 --> The action you requested is not allowed.
#0 /opt/lampp/htdocs/ispy_erp/system/Security/Security.php(289): CodeIgniter\Security\Exceptions\SecurityException::forDisallowedAction()
#1 /opt/lampp/htdocs/ispy_erp/system/Filters/CSRF.php(53): CodeIgniter\Security\Security->verify(Object(CodeIgniter\HTTP\IncomingRequest))
#2 /opt/lampp/htdocs/ispy_erp/system/Filters/Filters.php(173): CodeIgniter\Filters\CSRF->before(Object(CodeIgniter\HTTP\IncomingRequest), NULL)
#3 /opt/lampp/htdocs/ispy_erp/system/CodeIgniter.php(386): CodeIgniter\Filters\Filters->run('/units/load', 'before')
#4 /opt/lampp/htdocs/ispy_erp/system/CodeIgniter.php(320): CodeIgniter\CodeIgniter->handleRequest(NULL, Object(Config\Cache), false)
#5 /opt/lampp/htdocs/ispy_erp/index.php(37): CodeIgniter\CodeIgniter->run()
#6 {main}
