CRITICAL - 2022-06-04 02:01:56 --> Invalid argument supplied for foreach()
#0 /opt/lampp/htdocs/ispy_erp/app/Views/admin_template/installations/add-unit.php(78): CodeIgniter\Debug\Exceptions->errorHandler(2, 'Invalid argumen...', '/opt/lampp/htdo...', 78, Array)
#1 /opt/lampp/htdocs/ispy_erp/system/View/View.php(210): include('/opt/lampp/htdo...')
#2 /opt/lampp/htdocs/ispy_erp/system/View/View.php(213): CodeIgniter\View\View->CodeIgniter\View\{closure}()
#3 /opt/lampp/htdocs/ispy_erp/system/Common.php(1089): CodeIgniter\View\View->render('admin_template/...', Array, true)
#4 /opt/lampp/htdocs/ispy_erp/app/Controllers/AddUnitController.php(11): view('admin_template/...')
#5 /opt/lampp/htdocs/ispy_erp/system/CodeIgniter.php(825): App\Controllers\AddUnitController->index()
#6 /opt/lampp/htdocs/ispy_erp/system/CodeIgniter.php(412): CodeIgniter\CodeIgniter->runController(Object(App\Controllers\AddUnitController))
#7 /opt/lampp/htdocs/ispy_erp/system/CodeIgniter.php(320): CodeIgniter\CodeIgniter->handleRequest(NULL, Object(Config\Cache), false)
#8 /opt/lampp/htdocs/ispy_erp/index.php(37): CodeIgniter\CodeIgniter->run()
#9 {main}
CRITICAL - 2022-06-04 02:12:05 --> Invalid argument supplied for foreach()
#0 /opt/lampp/htdocs/ispy_erp/app/Views/admin_template/installations/add-unit.php(78): CodeIgniter\Debug\Exceptions->errorHandler(2, 'Invalid argumen...', '/opt/lampp/htdo...', 78, Array)
#1 /opt/lampp/htdocs/ispy_erp/system/View/View.php(210): include('/opt/lampp/htdo...')
#2 /opt/lampp/htdocs/ispy_erp/system/View/View.php(213): CodeIgniter\View\View->CodeIgniter\View\{closure}()
#3 /opt/lampp/htdocs/ispy_erp/system/Common.php(1089): CodeIgniter\View\View->render('admin_template/...', Array, true)
#4 /opt/lampp/htdocs/ispy_erp/app/Controllers/AddUnitController.php(11): view('admin_template/...')
#5 /opt/lampp/htdocs/ispy_erp/system/CodeIgniter.php(825): App\Controllers\AddUnitController->index()
#6 /opt/lampp/htdocs/ispy_erp/system/CodeIgniter.php(412): CodeIgniter\CodeIgniter->runController(Object(App\Controllers\AddUnitController))
#7 /opt/lampp/htdocs/ispy_erp/system/CodeIgniter.php(320): CodeIgniter\CodeIgniter->handleRequest(NULL, Object(Config\Cache), false)
#8 /opt/lampp/htdocs/ispy_erp/index.php(37): CodeIgniter\CodeIgniter->run()
#9 {main}
CRITICAL - 2022-06-04 02:12:13 --> Invalid argument supplied for foreach()
#0 /opt/lampp/htdocs/ispy_erp/app/Views/admin_template/installations/add-unit.php(78): CodeIgniter\Debug\Exceptions->errorHandler(2, 'Invalid argumen...', '/opt/lampp/htdo...', 78, Array)
#1 /opt/lampp/htdocs/ispy_erp/system/View/View.php(210): include('/opt/lampp/htdo...')
#2 /opt/lampp/htdocs/ispy_erp/system/View/View.php(213): CodeIgniter\View\View->CodeIgniter\View\{closure}()
#3 /opt/lampp/htdocs/ispy_erp/system/Common.php(1089): CodeIgniter\View\View->render('admin_template/...', Array, true)
#4 /opt/lampp/htdocs/ispy_erp/app/Controllers/AddUnitController.php(11): view('admin_template/...')
#5 /opt/lampp/htdocs/ispy_erp/system/CodeIgniter.php(825): App\Controllers\AddUnitController->index()
#6 /opt/lampp/htdocs/ispy_erp/system/CodeIgniter.php(412): CodeIgniter\CodeIgniter->runController(Object(App\Controllers\AddUnitController))
#7 /opt/lampp/htdocs/ispy_erp/system/CodeIgniter.php(320): CodeIgniter\CodeIgniter->handleRequest(NULL, Object(Config\Cache), false)
#8 /opt/lampp/htdocs/ispy_erp/index.php(37): CodeIgniter\CodeIgniter->run()
#9 {main}
CRITICAL - 2022-06-04 02:28:48 --> Invalid argument supplied for foreach()
#0 /opt/lampp/htdocs/ispy_erp/app/Views/admin_template/installations/add-unit.php(78): CodeIgniter\Debug\Exceptions->errorHandler(2, 'Invalid argumen...', '/opt/lampp/htdo...', 78, Array)
#1 /opt/lampp/htdocs/ispy_erp/system/View/View.php(210): include('/opt/lampp/htdo...')
#2 /opt/lampp/htdocs/ispy_erp/system/View/View.php(213): CodeIgniter\View\View->CodeIgniter\View\{closure}()
#3 /opt/lampp/htdocs/ispy_erp/system/Common.php(1089): CodeIgniter\View\View->render('admin_template/...', Array, true)
#4 /opt/lampp/htdocs/ispy_erp/app/Controllers/AddUnitController.php(11): view('admin_template/...')
#5 /opt/lampp/htdocs/ispy_erp/system/CodeIgniter.php(825): App\Controllers\AddUnitController->index()
#6 /opt/lampp/htdocs/ispy_erp/system/CodeIgniter.php(412): CodeIgniter\CodeIgniter->runController(Object(App\Controllers\AddUnitController))
#7 /opt/lampp/htdocs/ispy_erp/system/CodeIgniter.php(320): CodeIgniter\CodeIgniter->handleRequest(NULL, Object(Config\Cache), false)
#8 /opt/lampp/htdocs/ispy_erp/index.php(37): CodeIgniter\CodeIgniter->run()
#9 {main}
CRITICAL - 2022-06-04 02:59:25 --> Invalid argument supplied for foreach()
#0 /opt/lampp/htdocs/ispy_erp/app/Views/admin_template/installations/add-unit.php(79): CodeIgniter\Debug\Exceptions->errorHandler(2, 'Invalid argumen...', '/opt/lampp/htdo...', 79, Array)
#1 /opt/lampp/htdocs/ispy_erp/system/View/View.php(210): include('/opt/lampp/htdo...')
#2 /opt/lampp/htdocs/ispy_erp/system/View/View.php(213): CodeIgniter\View\View->CodeIgniter\View\{closure}()
#3 /opt/lampp/htdocs/ispy_erp/system/Common.php(1089): CodeIgniter\View\View->render('admin_template/...', Array, true)
#4 /opt/lampp/htdocs/ispy_erp/app/Controllers/AddUnitController.php(11): view('admin_template/...')
#5 /opt/lampp/htdocs/ispy_erp/system/CodeIgniter.php(825): App\Controllers\AddUnitController->index()
#6 /opt/lampp/htdocs/ispy_erp/system/CodeIgniter.php(412): CodeIgniter\CodeIgniter->runController(Object(App\Controllers\AddUnitController))
#7 /opt/lampp/htdocs/ispy_erp/system/CodeIgniter.php(320): CodeIgniter\CodeIgniter->handleRequest(NULL, Object(Config\Cache), false)
#8 /opt/lampp/htdocs/ispy_erp/index.php(37): CodeIgniter\CodeIgniter->run()
#9 {main}
CRITICAL - 2022-06-04 02:59:37 --> Invalid argument supplied for foreach()
#0 /opt/lampp/htdocs/ispy_erp/app/Views/admin_template/installations/add-unit.php(79): CodeIgniter\Debug\Exceptions->errorHandler(2, 'Invalid argumen...', '/opt/lampp/htdo...', 79, Array)
#1 /opt/lampp/htdocs/ispy_erp/system/View/View.php(210): include('/opt/lampp/htdo...')
#2 /opt/lampp/htdocs/ispy_erp/system/View/View.php(213): CodeIgniter\View\View->CodeIgniter\View\{closure}()
#3 /opt/lampp/htdocs/ispy_erp/system/Common.php(1089): CodeIgniter\View\View->render('admin_template/...', Array, true)
#4 /opt/lampp/htdocs/ispy_erp/app/Controllers/AddUnitController.php(11): view('admin_template/...')
#5 /opt/lampp/htdocs/ispy_erp/system/CodeIgniter.php(825): App\Controllers\AddUnitController->index()
#6 /opt/lampp/htdocs/ispy_erp/system/CodeIgniter.php(412): CodeIgniter\CodeIgniter->runController(Object(App\Controllers\AddUnitController))
#7 /opt/lampp/htdocs/ispy_erp/system/CodeIgniter.php(320): CodeIgniter\CodeIgniter->handleRequest(NULL, Object(Config\Cache), false)
#8 /opt/lampp/htdocs/ispy_erp/index.php(37): CodeIgniter\CodeIgniter->run()
#9 {main}
CRITICAL - 2022-06-04 03:20:55 --> Invalid argument supplied for foreach()
#0 /opt/lampp/htdocs/ispy_erp/app/Views/admin_template/installations/add-unit.php(79): CodeIgniter\Debug\Exceptions->errorHandler(2, 'Invalid argumen...', '/opt/lampp/htdo...', 79, Array)
#1 /opt/lampp/htdocs/ispy_erp/system/View/View.php(210): include('/opt/lampp/htdo...')
#2 /opt/lampp/htdocs/ispy_erp/system/View/View.php(213): CodeIgniter\View\View->CodeIgniter\View\{closure}()
#3 /opt/lampp/htdocs/ispy_erp/system/Common.php(1089): CodeIgniter\View\View->render('admin_template/...', Array, true)
#4 /opt/lampp/htdocs/ispy_erp/app/Controllers/AddUnitController.php(11): view('admin_template/...')
#5 /opt/lampp/htdocs/ispy_erp/system/CodeIgniter.php(825): App\Controllers\AddUnitController->index()
#6 /opt/lampp/htdocs/ispy_erp/system/CodeIgniter.php(412): CodeIgniter\CodeIgniter->runController(Object(App\Controllers\AddUnitController))
#7 /opt/lampp/htdocs/ispy_erp/system/CodeIgniter.php(320): CodeIgniter\CodeIgniter->handleRequest(NULL, Object(Config\Cache), false)
#8 /opt/lampp/htdocs/ispy_erp/index.php(37): CodeIgniter\CodeIgniter->run()
#9 {main}
CRITICAL - 2022-06-04 03:20:57 --> Invalid argument supplied for foreach()
#0 /opt/lampp/htdocs/ispy_erp/app/Views/admin_template/installations/add-unit.php(79): CodeIgniter\Debug\Exceptions->errorHandler(2, 'Invalid argumen...', '/opt/lampp/htdo...', 79, Array)
#1 /opt/lampp/htdocs/ispy_erp/system/View/View.php(210): include('/opt/lampp/htdo...')
#2 /opt/lampp/htdocs/ispy_erp/system/View/View.php(213): CodeIgniter\View\View->CodeIgniter\View\{closure}()
#3 /opt/lampp/htdocs/ispy_erp/system/Common.php(1089): CodeIgniter\View\View->render('admin_template/...', Array, true)
#4 /opt/lampp/htdocs/ispy_erp/app/Controllers/AddUnitController.php(11): view('admin_template/...')
#5 /opt/lampp/htdocs/ispy_erp/system/CodeIgniter.php(825): App\Controllers\AddUnitController->index()
#6 /opt/lampp/htdocs/ispy_erp/system/CodeIgniter.php(412): CodeIgniter\CodeIgniter->runController(Object(App\Controllers\AddUnitController))
#7 /opt/lampp/htdocs/ispy_erp/system/CodeIgniter.php(320): CodeIgniter\CodeIgniter->handleRequest(NULL, Object(Config\Cache), false)
#8 /opt/lampp/htdocs/ispy_erp/index.php(37): CodeIgniter\CodeIgniter->run()
#9 {main}
CRITICAL - 2022-06-04 03:21:04 --> Invalid argument supplied for foreach()
#0 /opt/lampp/htdocs/ispy_erp/app/Views/admin_template/installations/add-unit.php(79): CodeIgniter\Debug\Exceptions->errorHandler(2, 'Invalid argumen...', '/opt/lampp/htdo...', 79, Array)
#1 /opt/lampp/htdocs/ispy_erp/system/View/View.php(210): include('/opt/lampp/htdo...')
#2 /opt/lampp/htdocs/ispy_erp/system/View/View.php(213): CodeIgniter\View\View->CodeIgniter\View\{closure}()
#3 /opt/lampp/htdocs/ispy_erp/system/Common.php(1089): CodeIgniter\View\View->render('admin_template/...', Array, true)
#4 /opt/lampp/htdocs/ispy_erp/app/Controllers/AddUnitController.php(11): view('admin_template/...')
#5 /opt/lampp/htdocs/ispy_erp/system/CodeIgniter.php(825): App\Controllers\AddUnitController->index()
#6 /opt/lampp/htdocs/ispy_erp/system/CodeIgniter.php(412): CodeIgniter\CodeIgniter->runController(Object(App\Controllers\AddUnitController))
#7 /opt/lampp/htdocs/ispy_erp/system/CodeIgniter.php(320): CodeIgniter\CodeIgniter->handleRequest(NULL, Object(Config\Cache), false)
#8 /opt/lampp/htdocs/ispy_erp/index.php(37): CodeIgniter\CodeIgniter->run()
#9 {main}
CRITICAL - 2022-06-04 04:13:29 --> Call to a member function isValid() on null
#0 /opt/lampp/htdocs/ispy_erp/system/CodeIgniter.php(825): App\Controllers\AddUnitController->addUnit()
#1 /opt/lampp/htdocs/ispy_erp/system/CodeIgniter.php(412): CodeIgniter\CodeIgniter->runController(Object(App\Controllers\AddUnitController))
#2 /opt/lampp/htdocs/ispy_erp/system/CodeIgniter.php(320): CodeIgniter\CodeIgniter->handleRequest(NULL, Object(Config\Cache), false)
#3 /opt/lampp/htdocs/ispy_erp/index.php(37): CodeIgniter\CodeIgniter->run()
#4 {main}
CRITICAL - 2022-06-04 04:32:05 --> Call to a member function isValid() on null
#0 /opt/lampp/htdocs/ispy_erp/system/CodeIgniter.php(825): App\Controllers\AddUnitController->addUnit()
#1 /opt/lampp/htdocs/ispy_erp/system/CodeIgniter.php(412): CodeIgniter\CodeIgniter->runController(Object(App\Controllers\AddUnitController))
#2 /opt/lampp/htdocs/ispy_erp/system/CodeIgniter.php(320): CodeIgniter\CodeIgniter->handleRequest(NULL, Object(Config\Cache), false)
#3 /opt/lampp/htdocs/ispy_erp/index.php(37): CodeIgniter\CodeIgniter->run()
#4 {main}
