ERROR - 2022-03-07 02:59:54 --> Cannot add or update a child row: a foreign key constraint fails (`ispy`.`transfers`, CONSTRAINT `transfers_ibfk_1` FOREIGN KEY (`userid`) REFERENCES `users` (`userid`))
CRITICAL - 2022-03-07 02:59:54 --> Invalid file: admin_template/installations/user.php
#0 C:\xampp\htdocs\ispy_erp\system\View\View.php(198): CodeIgniter\Exceptions\FrameworkException::forInvalidFile('admin_template/...')
#1 C:\xampp\htdocs\ispy_erp\system\Common.php(1089): CodeIgniter\View\View->render('admin_template/...', Array, true)
#2 C:\xampp\htdocs\ispy_erp\app\Controllers\TransController.php(109): view('admin_template/...')
#3 C:\xampp\htdocs\ispy_erp\system\CodeIgniter.php(825): App\Controllers\TransController->clientChange()
#4 C:\xampp\htdocs\ispy_erp\system\CodeIgniter.php(412): CodeIgniter\CodeIgniter->runController(Object(App\Controllers\TransController))
#5 C:\xampp\htdocs\ispy_erp\system\CodeIgniter.php(320): CodeIgniter\CodeIgniter->handleRequest(NULL, Object(Config\Cache), false)
#6 C:\xampp\htdocs\ispy_erp\index.php(37): CodeIgniter\CodeIgniter->run()
#7 {main}
CRITICAL - 2022-03-07 03:09:43 --> Illegal string offset 'clientname'
#0 C:\xampp\htdocs\ispy_erp\app\Controllers\TransController.php(90): CodeIgniter\Debug\Exceptions->errorHandler(2, 'Illegal string ...', 'C:\\xampp\\htdocs...', 90, Array)
#1 C:\xampp\htdocs\ispy_erp\app\Controllers\TransController.php(102): App\Controllers\TransController->getname('3')
#2 C:\xampp\htdocs\ispy_erp\system\CodeIgniter.php(825): App\Controllers\TransController->clientChange()
#3 C:\xampp\htdocs\ispy_erp\system\CodeIgniter.php(412): CodeIgniter\CodeIgniter->runController(Object(App\Controllers\TransController))
#4 C:\xampp\htdocs\ispy_erp\system\CodeIgniter.php(320): CodeIgniter\CodeIgniter->handleRequest(NULL, Object(Config\Cache), false)
#5 C:\xampp\htdocs\ispy_erp\index.php(37): CodeIgniter\CodeIgniter->run()
#6 {main}
ERROR - 2022-03-07 03:19:47 --> Cannot add or update a child row: a foreign key constraint fails (`ispy`.`transfers`, CONSTRAINT `transfers_ibfk_1` FOREIGN KEY (`userid`) REFERENCES `users` (`userid`))
CRITICAL - 2022-03-07 03:19:47 --> Invalid file: admin_template/installations/user.php
#0 C:\xampp\htdocs\ispy_erp\system\View\View.php(198): CodeIgniter\Exceptions\FrameworkException::forInvalidFile('admin_template/...')
#1 C:\xampp\htdocs\ispy_erp\system\Common.php(1089): CodeIgniter\View\View->render('admin_template/...', Array, true)
#2 C:\xampp\htdocs\ispy_erp\app\Controllers\TransController.php(110): view('admin_template/...')
#3 C:\xampp\htdocs\ispy_erp\system\CodeIgniter.php(825): App\Controllers\TransController->clientChange()
#4 C:\xampp\htdocs\ispy_erp\system\CodeIgniter.php(412): CodeIgniter\CodeIgniter->runController(Object(App\Controllers\TransController))
#5 C:\xampp\htdocs\ispy_erp\system\CodeIgniter.php(320): CodeIgniter\CodeIgniter->handleRequest(NULL, Object(Config\Cache), false)
#6 C:\xampp\htdocs\ispy_erp\index.php(37): CodeIgniter\CodeIgniter->run()
#7 {main}
CRITICAL - 2022-03-07 05:14:18 --> Invalid argument supplied for foreach()
#0 C:\xampp\htdocs\ispy_erp\app\Views\admin_template\clients.php(149): CodeIgniter\Debug\Exceptions->errorHandler(2, 'Invalid argumen...', 'C:\\xampp\\htdocs...', 149, Array)
#1 C:\xampp\htdocs\ispy_erp\system\View\View.php(210): include('C:\\xampp\\htdocs...')
#2 C:\xampp\htdocs\ispy_erp\system\View\View.php(213): CodeIgniter\View\View->CodeIgniter\View\{closure}()
#3 C:\xampp\htdocs\ispy_erp\system\Common.php(1089): CodeIgniter\View\View->render('admin_template/...', Array, true)
#4 C:\xampp\htdocs\ispy_erp\app\Controllers\ClientController.php(75): view('admin_template/...')
#5 C:\xampp\htdocs\ispy_erp\system\CodeIgniter.php(825): App\Controllers\ClientController->insertclient()
#6 C:\xampp\htdocs\ispy_erp\system\CodeIgniter.php(412): CodeIgniter\CodeIgniter->runController(Object(App\Controllers\ClientController))
#7 C:\xampp\htdocs\ispy_erp\system\CodeIgniter.php(320): CodeIgniter\CodeIgniter->handleRequest(NULL, Object(Config\Cache), false)
#8 C:\xampp\htdocs\ispy_erp\index.php(37): CodeIgniter\CodeIgniter->run()
#9 {main}
CRITICAL - 2022-03-07 05:18:41 --> Invalid argument supplied for foreach()
#0 C:\xampp\htdocs\ispy_erp\app\Views\admin_template\clients.php(153): CodeIgniter\Debug\Exceptions->errorHandler(2, 'Invalid argumen...', 'C:\\xampp\\htdocs...', 153, Array)
#1 C:\xampp\htdocs\ispy_erp\system\View\View.php(210): include('C:\\xampp\\htdocs...')
#2 C:\xampp\htdocs\ispy_erp\system\View\View.php(213): CodeIgniter\View\View->CodeIgniter\View\{closure}()
#3 C:\xampp\htdocs\ispy_erp\system\Common.php(1089): CodeIgniter\View\View->render('admin_template/...', Array, true)
#4 C:\xampp\htdocs\ispy_erp\app\Controllers\ClientController.php(75): view('admin_template/...')
#5 C:\xampp\htdocs\ispy_erp\system\CodeIgniter.php(825): App\Controllers\ClientController->insertclient()
#6 C:\xampp\htdocs\ispy_erp\system\CodeIgniter.php(412): CodeIgniter\CodeIgniter->runController(Object(App\Controllers\ClientController))
#7 C:\xampp\htdocs\ispy_erp\system\CodeIgniter.php(320): CodeIgniter\CodeIgniter->handleRequest(NULL, Object(Config\Cache), false)
#8 C:\xampp\htdocs\ispy_erp\index.php(37): CodeIgniter\CodeIgniter->run()
#9 {main}
CRITICAL - 2022-03-07 05:18:48 --> Invalid argument supplied for foreach()
#0 C:\xampp\htdocs\ispy_erp\app\Views\admin_template\clients.php(153): CodeIgniter\Debug\Exceptions->errorHandler(2, 'Invalid argumen...', 'C:\\xampp\\htdocs...', 153, Array)
#1 C:\xampp\htdocs\ispy_erp\system\View\View.php(210): include('C:\\xampp\\htdocs...')
#2 C:\xampp\htdocs\ispy_erp\system\View\View.php(213): CodeIgniter\View\View->CodeIgniter\View\{closure}()
#3 C:\xampp\htdocs\ispy_erp\system\Common.php(1089): CodeIgniter\View\View->render('admin_template/...', Array, true)
#4 C:\xampp\htdocs\ispy_erp\app\Controllers\ClientController.php(75): view('admin_template/...')
#5 C:\xampp\htdocs\ispy_erp\system\CodeIgniter.php(825): App\Controllers\ClientController->insertclient()
#6 C:\xampp\htdocs\ispy_erp\system\CodeIgniter.php(412): CodeIgniter\CodeIgniter->runController(Object(App\Controllers\ClientController))
#7 C:\xampp\htdocs\ispy_erp\system\CodeIgniter.php(320): CodeIgniter\CodeIgniter->handleRequest(NULL, Object(Config\Cache), false)
#8 C:\xampp\htdocs\ispy_erp\index.php(37): CodeIgniter\CodeIgniter->run()
#9 {main}
CRITICAL - 2022-03-07 05:21:23 --> Invalid argument supplied for foreach()
#0 C:\xampp\htdocs\ispy_erp\app\Views\admin_template\clients.php(153): CodeIgniter\Debug\Exceptions->errorHandler(2, 'Invalid argumen...', 'C:\\xampp\\htdocs...', 153, Array)
#1 C:\xampp\htdocs\ispy_erp\system\View\View.php(210): include('C:\\xampp\\htdocs...')
#2 C:\xampp\htdocs\ispy_erp\system\View\View.php(213): CodeIgniter\View\View->CodeIgniter\View\{closure}()
#3 C:\xampp\htdocs\ispy_erp\system\Common.php(1089): CodeIgniter\View\View->render('admin_template/...', Array, true)
#4 C:\xampp\htdocs\ispy_erp\app\Controllers\ClientController.php(76): view('admin_template/...')
#5 C:\xampp\htdocs\ispy_erp\system\CodeIgniter.php(825): App\Controllers\ClientController->insertclient()
#6 C:\xampp\htdocs\ispy_erp\system\CodeIgniter.php(412): CodeIgniter\CodeIgniter->runController(Object(App\Controllers\ClientController))
#7 C:\xampp\htdocs\ispy_erp\system\CodeIgniter.php(320): CodeIgniter\CodeIgniter->handleRequest(NULL, Object(Config\Cache), false)
#8 C:\xampp\htdocs\ispy_erp\index.php(37): CodeIgniter\CodeIgniter->run()
#9 {main}
CRITICAL - 2022-03-07 05:21:24 --> Invalid argument supplied for foreach()
#0 C:\xampp\htdocs\ispy_erp\app\Views\admin_template\clients.php(153): CodeIgniter\Debug\Exceptions->errorHandler(2, 'Invalid argumen...', 'C:\\xampp\\htdocs...', 153, Array)
#1 C:\xampp\htdocs\ispy_erp\system\View\View.php(210): include('C:\\xampp\\htdocs...')
#2 C:\xampp\htdocs\ispy_erp\system\View\View.php(213): CodeIgniter\View\View->CodeIgniter\View\{closure}()
#3 C:\xampp\htdocs\ispy_erp\system\Common.php(1089): CodeIgniter\View\View->render('admin_template/...', Array, true)
#4 C:\xampp\htdocs\ispy_erp\app\Controllers\ClientController.php(76): view('admin_template/...')
#5 C:\xampp\htdocs\ispy_erp\system\CodeIgniter.php(825): App\Controllers\ClientController->insertclient()
#6 C:\xampp\htdocs\ispy_erp\system\CodeIgniter.php(412): CodeIgniter\CodeIgniter->runController(Object(App\Controllers\ClientController))
#7 C:\xampp\htdocs\ispy_erp\system\CodeIgniter.php(320): CodeIgniter\CodeIgniter->handleRequest(NULL, Object(Config\Cache), false)
#8 C:\xampp\htdocs\ispy_erp\index.php(37): CodeIgniter\CodeIgniter->run()
#9 {main}
CRITICAL - 2022-03-07 05:21:29 --> Invalid argument supplied for foreach()
#0 C:\xampp\htdocs\ispy_erp\app\Views\admin_template\clients.php(153): CodeIgniter\Debug\Exceptions->errorHandler(2, 'Invalid argumen...', 'C:\\xampp\\htdocs...', 153, Array)
#1 C:\xampp\htdocs\ispy_erp\system\View\View.php(210): include('C:\\xampp\\htdocs...')
#2 C:\xampp\htdocs\ispy_erp\system\View\View.php(213): CodeIgniter\View\View->CodeIgniter\View\{closure}()
#3 C:\xampp\htdocs\ispy_erp\system\Common.php(1089): CodeIgniter\View\View->render('admin_template/...', Array, true)
#4 C:\xampp\htdocs\ispy_erp\app\Controllers\ClientController.php(76): view('admin_template/...')
#5 C:\xampp\htdocs\ispy_erp\system\CodeIgniter.php(825): App\Controllers\ClientController->insertclient()
#6 C:\xampp\htdocs\ispy_erp\system\CodeIgniter.php(412): CodeIgniter\CodeIgniter->runController(Object(App\Controllers\ClientController))
#7 C:\xampp\htdocs\ispy_erp\system\CodeIgniter.php(320): CodeIgniter\CodeIgniter->handleRequest(NULL, Object(Config\Cache), false)
#8 C:\xampp\htdocs\ispy_erp\index.php(37): CodeIgniter\CodeIgniter->run()
#9 {main}
CRITICAL - 2022-03-07 05:26:12 --> Invalid argument supplied for foreach()
#0 C:\xampp\htdocs\ispy_erp\app\Views\admin_template\clients.php(153): CodeIgniter\Debug\Exceptions->errorHandler(2, 'Invalid argumen...', 'C:\\xampp\\htdocs...', 153, Array)
#1 C:\xampp\htdocs\ispy_erp\system\View\View.php(210): include('C:\\xampp\\htdocs...')
#2 C:\xampp\htdocs\ispy_erp\system\View\View.php(213): CodeIgniter\View\View->CodeIgniter\View\{closure}()
#3 C:\xampp\htdocs\ispy_erp\system\Common.php(1089): CodeIgniter\View\View->render('admin_template/...', Array, true)
#4 C:\xampp\htdocs\ispy_erp\app\Controllers\ClientController.php(76): view('admin_template/...')
#5 C:\xampp\htdocs\ispy_erp\system\CodeIgniter.php(825): App\Controllers\ClientController->insertclient()
#6 C:\xampp\htdocs\ispy_erp\system\CodeIgniter.php(412): CodeIgniter\CodeIgniter->runController(Object(App\Controllers\ClientController))
#7 C:\xampp\htdocs\ispy_erp\system\CodeIgniter.php(320): CodeIgniter\CodeIgniter->handleRequest(NULL, Object(Config\Cache), false)
#8 C:\xampp\htdocs\ispy_erp\index.php(37): CodeIgniter\CodeIgniter->run()
#9 {main}
CRITICAL - 2022-03-07 05:26:26 --> Invalid argument supplied for foreach()
#0 C:\xampp\htdocs\ispy_erp\app\Views\admin_template\clients.php(153): CodeIgniter\Debug\Exceptions->errorHandler(2, 'Invalid argumen...', 'C:\\xampp\\htdocs...', 153, Array)
#1 C:\xampp\htdocs\ispy_erp\system\View\View.php(210): include('C:\\xampp\\htdocs...')
#2 C:\xampp\htdocs\ispy_erp\system\View\View.php(213): CodeIgniter\View\View->CodeIgniter\View\{closure}()
#3 C:\xampp\htdocs\ispy_erp\system\Common.php(1089): CodeIgniter\View\View->render('admin_template/...', Array, true)
#4 C:\xampp\htdocs\ispy_erp\app\Controllers\ClientController.php(76): view('admin_template/...')
#5 C:\xampp\htdocs\ispy_erp\system\CodeIgniter.php(825): App\Controllers\ClientController->insertclient()
#6 C:\xampp\htdocs\ispy_erp\system\CodeIgniter.php(412): CodeIgniter\CodeIgniter->runController(Object(App\Controllers\ClientController))
#7 C:\xampp\htdocs\ispy_erp\system\CodeIgniter.php(320): CodeIgniter\CodeIgniter->handleRequest(NULL, Object(Config\Cache), false)
#8 C:\xampp\htdocs\ispy_erp\index.php(37): CodeIgniter\CodeIgniter->run()
#9 {main}
CRITICAL - 2022-03-07 05:27:49 --> Invalid argument supplied for foreach()
#0 C:\xampp\htdocs\ispy_erp\app\Views\admin_template\clients.php(153): CodeIgniter\Debug\Exceptions->errorHandler(2, 'Invalid argumen...', 'C:\\xampp\\htdocs...', 153, Array)
#1 C:\xampp\htdocs\ispy_erp\system\View\View.php(210): include('C:\\xampp\\htdocs...')
#2 C:\xampp\htdocs\ispy_erp\system\View\View.php(213): CodeIgniter\View\View->CodeIgniter\View\{closure}()
#3 C:\xampp\htdocs\ispy_erp\system\Common.php(1089): CodeIgniter\View\View->render('admin_template/...', Array, true)
#4 C:\xampp\htdocs\ispy_erp\app\Controllers\ClientController.php(76): view('admin_template/...')
#5 C:\xampp\htdocs\ispy_erp\system\CodeIgniter.php(825): App\Controllers\ClientController->insertclient()
#6 C:\xampp\htdocs\ispy_erp\system\CodeIgniter.php(412): CodeIgniter\CodeIgniter->runController(Object(App\Controllers\ClientController))
#7 C:\xampp\htdocs\ispy_erp\system\CodeIgniter.php(320): CodeIgniter\CodeIgniter->handleRequest(NULL, Object(Config\Cache), false)
#8 C:\xampp\htdocs\ispy_erp\index.php(37): CodeIgniter\CodeIgniter->run()
#9 {main}
CRITICAL - 2022-03-07 05:27:51 --> Invalid argument supplied for foreach()
#0 C:\xampp\htdocs\ispy_erp\app\Views\admin_template\clients.php(153): CodeIgniter\Debug\Exceptions->errorHandler(2, 'Invalid argumen...', 'C:\\xampp\\htdocs...', 153, Array)
#1 C:\xampp\htdocs\ispy_erp\system\View\View.php(210): include('C:\\xampp\\htdocs...')
#2 C:\xampp\htdocs\ispy_erp\system\View\View.php(213): CodeIgniter\View\View->CodeIgniter\View\{closure}()
#3 C:\xampp\htdocs\ispy_erp\system\Common.php(1089): CodeIgniter\View\View->render('admin_template/...', Array, true)
#4 C:\xampp\htdocs\ispy_erp\app\Controllers\ClientController.php(76): view('admin_template/...')
#5 C:\xampp\htdocs\ispy_erp\system\CodeIgniter.php(825): App\Controllers\ClientController->insertclient()
#6 C:\xampp\htdocs\ispy_erp\system\CodeIgniter.php(412): CodeIgniter\CodeIgniter->runController(Object(App\Controllers\ClientController))
#7 C:\xampp\htdocs\ispy_erp\system\CodeIgniter.php(320): CodeIgniter\CodeIgniter->handleRequest(NULL, Object(Config\Cache), false)
#8 C:\xampp\htdocs\ispy_erp\index.php(37): CodeIgniter\CodeIgniter->run()
#9 {main}
CRITICAL - 2022-03-07 05:27:53 --> Invalid argument supplied for foreach()
#0 C:\xampp\htdocs\ispy_erp\app\Views\admin_template\clients.php(153): CodeIgniter\Debug\Exceptions->errorHandler(2, 'Invalid argumen...', 'C:\\xampp\\htdocs...', 153, Array)
#1 C:\xampp\htdocs\ispy_erp\system\View\View.php(210): include('C:\\xampp\\htdocs...')
#2 C:\xampp\htdocs\ispy_erp\system\View\View.php(213): CodeIgniter\View\View->CodeIgniter\View\{closure}()
#3 C:\xampp\htdocs\ispy_erp\system\Common.php(1089): CodeIgniter\View\View->render('admin_template/...', Array, true)
#4 C:\xampp\htdocs\ispy_erp\app\Controllers\ClientController.php(76): view('admin_template/...')
#5 C:\xampp\htdocs\ispy_erp\system\CodeIgniter.php(825): App\Controllers\ClientController->insertclient()
#6 C:\xampp\htdocs\ispy_erp\system\CodeIgniter.php(412): CodeIgniter\CodeIgniter->runController(Object(App\Controllers\ClientController))
#7 C:\xampp\htdocs\ispy_erp\system\CodeIgniter.php(320): CodeIgniter\CodeIgniter->handleRequest(NULL, Object(Config\Cache), false)
#8 C:\xampp\htdocs\ispy_erp\index.php(37): CodeIgniter\CodeIgniter->run()
#9 {main}
CRITICAL - 2022-03-07 05:28:01 --> Invalid argument supplied for foreach()
#0 C:\xampp\htdocs\ispy_erp\app\Views\admin_template\clients.php(153): CodeIgniter\Debug\Exceptions->errorHandler(2, 'Invalid argumen...', 'C:\\xampp\\htdocs...', 153, Array)
#1 C:\xampp\htdocs\ispy_erp\system\View\View.php(210): include('C:\\xampp\\htdocs...')
#2 C:\xampp\htdocs\ispy_erp\system\View\View.php(213): CodeIgniter\View\View->CodeIgniter\View\{closure}()
#3 C:\xampp\htdocs\ispy_erp\system\Common.php(1089): CodeIgniter\View\View->render('admin_template/...', Array, true)
#4 C:\xampp\htdocs\ispy_erp\app\Controllers\ClientController.php(76): view('admin_template/...')
#5 C:\xampp\htdocs\ispy_erp\system\CodeIgniter.php(825): App\Controllers\ClientController->insertclient()
#6 C:\xampp\htdocs\ispy_erp\system\CodeIgniter.php(412): CodeIgniter\CodeIgniter->runController(Object(App\Controllers\ClientController))
#7 C:\xampp\htdocs\ispy_erp\system\CodeIgniter.php(320): CodeIgniter\CodeIgniter->handleRequest(NULL, Object(Config\Cache), false)
#8 C:\xampp\htdocs\ispy_erp\index.php(37): CodeIgniter\CodeIgniter->run()
#9 {main}
CRITICAL - 2022-03-07 05:31:32 --> Invalid argument supplied for foreach()
#0 C:\xampp\htdocs\ispy_erp\app\Views\admin_template\clients.php(153): CodeIgniter\Debug\Exceptions->errorHandler(2, 'Invalid argumen...', 'C:\\xampp\\htdocs...', 153, Array)
#1 C:\xampp\htdocs\ispy_erp\system\View\View.php(210): include('C:\\xampp\\htdocs...')
#2 C:\xampp\htdocs\ispy_erp\system\View\View.php(213): CodeIgniter\View\View->CodeIgniter\View\{closure}()
#3 C:\xampp\htdocs\ispy_erp\system\Common.php(1089): CodeIgniter\View\View->render('admin_template/...', Array, true)
#4 C:\xampp\htdocs\ispy_erp\app\Controllers\ClientController.php(76): view('admin_template/...')
#5 C:\xampp\htdocs\ispy_erp\system\CodeIgniter.php(825): App\Controllers\ClientController->insertclient()
#6 C:\xampp\htdocs\ispy_erp\system\CodeIgniter.php(412): CodeIgniter\CodeIgniter->runController(Object(App\Controllers\ClientController))
#7 C:\xampp\htdocs\ispy_erp\system\CodeIgniter.php(320): CodeIgniter\CodeIgniter->handleRequest(NULL, Object(Config\Cache), false)
#8 C:\xampp\htdocs\ispy_erp\index.php(37): CodeIgniter\CodeIgniter->run()
#9 {main}
CRITICAL - 2022-03-07 05:33:24 --> Invalid argument supplied for foreach()
#0 C:\xampp\htdocs\ispy_erp\app\Views\admin_template\clients.php(153): CodeIgniter\Debug\Exceptions->errorHandler(2, 'Invalid argumen...', 'C:\\xampp\\htdocs...', 153, Array)
#1 C:\xampp\htdocs\ispy_erp\system\View\View.php(210): include('C:\\xampp\\htdocs...')
#2 C:\xampp\htdocs\ispy_erp\system\View\View.php(213): CodeIgniter\View\View->CodeIgniter\View\{closure}()
#3 C:\xampp\htdocs\ispy_erp\system\Common.php(1089): CodeIgniter\View\View->render('admin_template/...', Array, true)
#4 C:\xampp\htdocs\ispy_erp\app\Controllers\ClientController.php(76): view('admin_template/...')
#5 C:\xampp\htdocs\ispy_erp\system\CodeIgniter.php(825): App\Controllers\ClientController->insertclient()
#6 C:\xampp\htdocs\ispy_erp\system\CodeIgniter.php(412): CodeIgniter\CodeIgniter->runController(Object(App\Controllers\ClientController))
#7 C:\xampp\htdocs\ispy_erp\system\CodeIgniter.php(320): CodeIgniter\CodeIgniter->handleRequest(NULL, Object(Config\Cache), false)
#8 C:\xampp\htdocs\ispy_erp\index.php(37): CodeIgniter\CodeIgniter->run()
#9 {main}
CRITICAL - 2022-03-07 05:33:27 --> Invalid argument supplied for foreach()
#0 C:\xampp\htdocs\ispy_erp\app\Views\admin_template\clients.php(153): CodeIgniter\Debug\Exceptions->errorHandler(2, 'Invalid argumen...', 'C:\\xampp\\htdocs...', 153, Array)
#1 C:\xampp\htdocs\ispy_erp\system\View\View.php(210): include('C:\\xampp\\htdocs...')
#2 C:\xampp\htdocs\ispy_erp\system\View\View.php(213): CodeIgniter\View\View->CodeIgniter\View\{closure}()
#3 C:\xampp\htdocs\ispy_erp\system\Common.php(1089): CodeIgniter\View\View->render('admin_template/...', Array, true)
#4 C:\xampp\htdocs\ispy_erp\app\Controllers\ClientController.php(76): view('admin_template/...')
#5 C:\xampp\htdocs\ispy_erp\system\CodeIgniter.php(825): App\Controllers\ClientController->insertclient()
#6 C:\xampp\htdocs\ispy_erp\system\CodeIgniter.php(412): CodeIgniter\CodeIgniter->runController(Object(App\Controllers\ClientController))
#7 C:\xampp\htdocs\ispy_erp\system\CodeIgniter.php(320): CodeIgniter\CodeIgniter->handleRequest(NULL, Object(Config\Cache), false)
#8 C:\xampp\htdocs\ispy_erp\index.php(37): CodeIgniter\CodeIgniter->run()
#9 {main}
CRITICAL - 2022-03-07 05:33:28 --> Invalid argument supplied for foreach()
#0 C:\xampp\htdocs\ispy_erp\app\Views\admin_template\clients.php(153): CodeIgniter\Debug\Exceptions->errorHandler(2, 'Invalid argumen...', 'C:\\xampp\\htdocs...', 153, Array)
#1 C:\xampp\htdocs\ispy_erp\system\View\View.php(210): include('C:\\xampp\\htdocs...')
#2 C:\xampp\htdocs\ispy_erp\system\View\View.php(213): CodeIgniter\View\View->CodeIgniter\View\{closure}()
#3 C:\xampp\htdocs\ispy_erp\system\Common.php(1089): CodeIgniter\View\View->render('admin_template/...', Array, true)
#4 C:\xampp\htdocs\ispy_erp\app\Controllers\ClientController.php(76): view('admin_template/...')
#5 C:\xampp\htdocs\ispy_erp\system\CodeIgniter.php(825): App\Controllers\ClientController->insertclient()
#6 C:\xampp\htdocs\ispy_erp\system\CodeIgniter.php(412): CodeIgniter\CodeIgniter->runController(Object(App\Controllers\ClientController))
#7 C:\xampp\htdocs\ispy_erp\system\CodeIgniter.php(320): CodeIgniter\CodeIgniter->handleRequest(NULL, Object(Config\Cache), false)
#8 C:\xampp\htdocs\ispy_erp\index.php(37): CodeIgniter\CodeIgniter->run()
#9 {main}
CRITICAL - 2022-03-07 05:34:52 --> Invalid argument supplied for foreach()
#0 C:\xampp\htdocs\ispy_erp\app\Views\admin_template\clients.php(153): CodeIgniter\Debug\Exceptions->errorHandler(2, 'Invalid argumen...', 'C:\\xampp\\htdocs...', 153, Array)
#1 C:\xampp\htdocs\ispy_erp\system\View\View.php(210): include('C:\\xampp\\htdocs...')
#2 C:\xampp\htdocs\ispy_erp\system\View\View.php(213): CodeIgniter\View\View->CodeIgniter\View\{closure}()
#3 C:\xampp\htdocs\ispy_erp\system\Common.php(1089): CodeIgniter\View\View->render('admin_template/...', Array, true)
#4 C:\xampp\htdocs\ispy_erp\app\Controllers\ClientController.php(76): view('admin_template/...')
#5 C:\xampp\htdocs\ispy_erp\system\CodeIgniter.php(825): App\Controllers\ClientController->insertclient()
#6 C:\xampp\htdocs\ispy_erp\system\CodeIgniter.php(412): CodeIgniter\CodeIgniter->runController(Object(App\Controllers\ClientController))
#7 C:\xampp\htdocs\ispy_erp\system\CodeIgniter.php(320): CodeIgniter\CodeIgniter->handleRequest(NULL, Object(Config\Cache), false)
#8 C:\xampp\htdocs\ispy_erp\index.php(37): CodeIgniter\CodeIgniter->run()
#9 {main}
CRITICAL - 2022-03-07 05:35:28 --> Invalid argument supplied for foreach()
#0 C:\xampp\htdocs\ispy_erp\app\Views\admin_template\clients.php(153): CodeIgniter\Debug\Exceptions->errorHandler(2, 'Invalid argumen...', 'C:\\xampp\\htdocs...', 153, Array)
#1 C:\xampp\htdocs\ispy_erp\system\View\View.php(210): include('C:\\xampp\\htdocs...')
#2 C:\xampp\htdocs\ispy_erp\system\View\View.php(213): CodeIgniter\View\View->CodeIgniter\View\{closure}()
#3 C:\xampp\htdocs\ispy_erp\system\Common.php(1089): CodeIgniter\View\View->render('admin_template/...', Array, true)
#4 C:\xampp\htdocs\ispy_erp\app\Controllers\ClientController.php(76): view('admin_template/...')
#5 C:\xampp\htdocs\ispy_erp\system\CodeIgniter.php(825): App\Controllers\ClientController->insertclient()
#6 C:\xampp\htdocs\ispy_erp\system\CodeIgniter.php(412): CodeIgniter\CodeIgniter->runController(Object(App\Controllers\ClientController))
#7 C:\xampp\htdocs\ispy_erp\system\CodeIgniter.php(320): CodeIgniter\CodeIgniter->handleRequest(NULL, Object(Config\Cache), false)
#8 C:\xampp\htdocs\ispy_erp\index.php(37): CodeIgniter\CodeIgniter->run()
#9 {main}
CRITICAL - 2022-03-07 05:42:19 --> Invalid argument supplied for foreach()
#0 C:\xampp\htdocs\ispy_erp\app\Views\admin_template\clients.php(153): CodeIgniter\Debug\Exceptions->errorHandler(2, 'Invalid argumen...', 'C:\\xampp\\htdocs...', 153, Array)
#1 C:\xampp\htdocs\ispy_erp\system\View\View.php(210): include('C:\\xampp\\htdocs...')
#2 C:\xampp\htdocs\ispy_erp\system\View\View.php(213): CodeIgniter\View\View->CodeIgniter\View\{closure}()
#3 C:\xampp\htdocs\ispy_erp\system\Common.php(1089): CodeIgniter\View\View->render('admin_template/...', Array, true)
#4 C:\xampp\htdocs\ispy_erp\app\Controllers\ClientController.php(76): view('admin_template/...')
#5 C:\xampp\htdocs\ispy_erp\system\CodeIgniter.php(825): App\Controllers\ClientController->insertclient()
#6 C:\xampp\htdocs\ispy_erp\system\CodeIgniter.php(412): CodeIgniter\CodeIgniter->runController(Object(App\Controllers\ClientController))
#7 C:\xampp\htdocs\ispy_erp\system\CodeIgniter.php(320): CodeIgniter\CodeIgniter->handleRequest(NULL, Object(Config\Cache), false)
#8 C:\xampp\htdocs\ispy_erp\index.php(37): CodeIgniter\CodeIgniter->run()
#9 {main}
