ERROR - 2022-03-04 03:17:11 --> Column 'idinstallation' cannot be null
CRITICAL - 2022-03-04 03:17:11 --> Invalid file: admin_template/installations/user.php
#0 C:\xampp\htdocs\ispy_erp\system\View\View.php(198): CodeIgniter\Exceptions\FrameworkException::forInvalidFile('admin_template/...')
#1 C:\xampp\htdocs\ispy_erp\system\Common.php(1089): CodeIgniter\View\View->render('admin_template/...', Array, true)
#2 C:\xampp\htdocs\ispy_erp\app\Controllers\TransController.php(31): view('admin_template/...')
#3 C:\xampp\htdocs\ispy_erp\system\CodeIgniter.php(825): App\Controllers\TransController->update()
#4 C:\xampp\htdocs\ispy_erp\system\CodeIgniter.php(412): CodeIgniter\CodeIgniter->runController(Object(App\Controllers\TransController))
#5 C:\xampp\htdocs\ispy_erp\system\CodeIgniter.php(320): CodeIgniter\CodeIgniter->handleRequest(NULL, Object(Config\Cache), false)
#6 C:\xampp\htdocs\ispy_erp\index.php(37): CodeIgniter\CodeIgniter->run()
#7 {main}
ERROR - 2022-03-04 03:20:48 --> Column 'idinstallation' cannot be null
CRITICAL - 2022-03-04 03:20:48 --> Invalid file: admin_template/installations/user.php
#0 C:\xampp\htdocs\ispy_erp\system\View\View.php(198): CodeIgniter\Exceptions\FrameworkException::forInvalidFile('admin_template/...')
#1 C:\xampp\htdocs\ispy_erp\system\Common.php(1089): CodeIgniter\View\View->render('admin_template/...', Array, true)
#2 C:\xampp\htdocs\ispy_erp\app\Controllers\TransController.php(31): view('admin_template/...')
#3 C:\xampp\htdocs\ispy_erp\system\CodeIgniter.php(825): App\Controllers\TransController->update()
#4 C:\xampp\htdocs\ispy_erp\system\CodeIgniter.php(412): CodeIgniter\CodeIgniter->runController(Object(App\Controllers\TransController))
#5 C:\xampp\htdocs\ispy_erp\system\CodeIgniter.php(320): CodeIgniter\CodeIgniter->handleRequest(NULL, Object(Config\Cache), false)
#6 C:\xampp\htdocs\ispy_erp\index.php(37): CodeIgniter\CodeIgniter->run()
#7 {main}
ERROR - 2022-03-04 03:27:32 --> Column 'idinstallation' cannot be null
CRITICAL - 2022-03-04 03:27:32 --> Invalid file: admin_template/installations/user.php
#0 C:\xampp\htdocs\ispy_erp\system\View\View.php(198): CodeIgniter\Exceptions\FrameworkException::forInvalidFile('admin_template/...')
#1 C:\xampp\htdocs\ispy_erp\system\Common.php(1089): CodeIgniter\View\View->render('admin_template/...', Array, true)
#2 C:\xampp\htdocs\ispy_erp\app\Controllers\TransController.php(31): view('admin_template/...')
#3 C:\xampp\htdocs\ispy_erp\system\CodeIgniter.php(825): App\Controllers\TransController->update()
#4 C:\xampp\htdocs\ispy_erp\system\CodeIgniter.php(412): CodeIgniter\CodeIgniter->runController(Object(App\Controllers\TransController))
#5 C:\xampp\htdocs\ispy_erp\system\CodeIgniter.php(320): CodeIgniter\CodeIgniter->handleRequest(NULL, Object(Config\Cache), false)
#6 C:\xampp\htdocs\ispy_erp\index.php(37): CodeIgniter\CodeIgniter->run()
#7 {main}
ERROR - 2022-03-04 03:39:44 --> Column 'idinstallation' cannot be null
CRITICAL - 2022-03-04 03:39:44 --> Invalid file: admin_template/installations/user.php
#0 C:\xampp\htdocs\ispy_erp\system\View\View.php(198): CodeIgniter\Exceptions\FrameworkException::forInvalidFile('admin_template/...')
#1 C:\xampp\htdocs\ispy_erp\system\Common.php(1089): CodeIgniter\View\View->render('admin_template/...', Array, true)
#2 C:\xampp\htdocs\ispy_erp\app\Controllers\TransController.php(31): view('admin_template/...')
#3 C:\xampp\htdocs\ispy_erp\system\CodeIgniter.php(825): App\Controllers\TransController->update()
#4 C:\xampp\htdocs\ispy_erp\system\CodeIgniter.php(412): CodeIgniter\CodeIgniter->runController(Object(App\Controllers\TransController))
#5 C:\xampp\htdocs\ispy_erp\system\CodeIgniter.php(320): CodeIgniter\CodeIgniter->handleRequest(NULL, Object(Config\Cache), false)
#6 C:\xampp\htdocs\ispy_erp\index.php(37): CodeIgniter\CodeIgniter->run()
#7 {main}
ERROR - 2022-03-04 06:44:46 --> Column 'change_to' cannot be null
CRITICAL - 2022-03-04 06:44:46 --> Invalid file: admin_template/installations/user.php
#0 C:\xampp\htdocs\ispy_erp\system\View\View.php(198): CodeIgniter\Exceptions\FrameworkException::forInvalidFile('admin_template/...')
#1 C:\xampp\htdocs\ispy_erp\system\Common.php(1089): CodeIgniter\View\View->render('admin_template/...', Array, true)
#2 C:\xampp\htdocs\ispy_erp\app\Controllers\TransController.php(33): view('admin_template/...')
#3 C:\xampp\htdocs\ispy_erp\system\CodeIgniter.php(825): App\Controllers\TransController->update()
#4 C:\xampp\htdocs\ispy_erp\system\CodeIgniter.php(412): CodeIgniter\CodeIgniter->runController(Object(App\Controllers\TransController))
#5 C:\xampp\htdocs\ispy_erp\system\CodeIgniter.php(320): CodeIgniter\CodeIgniter->handleRequest(NULL, Object(Config\Cache), false)
#6 C:\xampp\htdocs\ispy_erp\index.php(37): CodeIgniter\CodeIgniter->run()
#7 {main}
